0.6248 	WARNING 	We strongly recommend you activate the PTB sound engine in PsychoPy prefs as the preferred audio engine. Its timing is vastly superior. Your prefs are currently set to use ['sounddevice', 'PTB', 'pyo', 'pygame'] (in that order).
5.1635 	WARNING 	User requested fullscreen with size [1024  768], but screen is actually [1440, 900]. Using actual size
5.7913 	EXP 	Created window1 = Window(allowGUI=False, allowStencil=False, autoLog=True, backendConf=UNKNOWN, bitsMode=UNKNOWN, blendMode='avg', bpc=(8, 8, 8), color=array([0, 0, 0]), colorSpace='rgb', depthBits=8, fullscr=<method-wrapper '__getattribute__' of attributeSetter object at 0x7fee07d77b70>, gamma=None, gammaErrorPolicy='raise', lms=UNKNOWN, monitor=<psychopy.monitors.calibTools.Monitor object at 0x7fee060afc50>, multiSample=False, name='window1', numSamples=2, pos=[360.0, 225.0], screen=0, size=array([2880, 1800]), stencilBits=0, stereo=False, units='height', useFBO=True, useRetina=True, viewOri=0.0, viewPos=None, viewScale=None, waitBlanking=True, winType='pyglet')
5.7917 	EXP 	window1: mouseVisible = True
5.7917 	EXP 	window1: recordFrameIntervals = False
5.9560 	EXP 	window1: recordFrameIntervals = True
6.1406 	EXP 	window1: recordFrameIntervals = False
6.9934 	EXP 	Created text = TextStim(__class__=<class 'psychopy.visual.text.TextStim'>, alignHoriz=method-wrapper(...), alignText='center', alignVert=method-wrapper(...), anchorHoriz='center', anchorVert='center', antialias=True, autoLog=True, bold=False, color=array([1., 1., 1.]), colorSpace='rgb', contrast=1.0, depth=0.0, flipHoriz=False, flipVert=False, font='Open Sans', fontFiles=[], height=0.04, italic=False, languageStyle='LTR', name='text', opacity=1, ori=0.0, pos=array([0., 0.]), rgb=UNKNOWN, text=str(...), units='height', win=Window(...), wrapWidth=1)
6.9970 	EXP 	Created polygon = ShapeStim(__class__=<class 'psychopy.visual.shape.ShapeStim'>, autoDraw=False, autoLog=True, closeShape=True, color=method-wrapper(...), colorSpace='rgb', contrast=None, depth=0.0, fillColor=array([1, 1, 1]), fillColorSpace='rgb', fillRGB=array([1, 1, 1]), interpolate=True, lineColor=array([1., 1., 1.]), lineColorSpace='rgb', lineRGB=array([1, 1, 1]), lineWidth=1.0, name='polygon', opacity=1, ori=0.0, pos=array([0., 0.]), size=array([0.075, 0.075]), units='height', vertices=ndarray(...), win=Window(...), windingRule=None)
7.0027 	EXP 	Created image_2 = ImageStim(__class__=<class 'psychopy.visual.image.ImageStim'>, autoLog=True, color=array([1., 1., 1.]), colorSpace='rgb', contrast=1.0, depth=0.0, flipHoriz=False, flipVert=False, image='sin', interpolate=True, mask=None, maskParams=None, name='image_2', opacity=1, ori=0.0, pos=array([0., 0.]), size=array([1.  , 0.75]), texRes=128.0, units='height', win=Window(...))
7.0042 	EXP 	Created polygon = ShapeStim(__class__=<class 'psychopy.visual.shape.ShapeStim'>, autoDraw=False, autoLog=True, closeShape=True, color=method-wrapper(...), colorSpace='rgb', contrast=None, depth=0.0, fillColor=array([1, 1, 1]), fillColorSpace='rgb', fillRGB=array([1, 1, 1]), interpolate=True, lineColor=array([1., 1., 1.]), lineColorSpace='rgb', lineRGB=array([1, 1, 1]), lineWidth=1.0, name='polygon', opacity=1, ori=0.0, pos=array([0., 0.]), size=array([0.075, 0.075]), units='height', vertices=ndarray(...), win=Window(...), windingRule=None)
7.0173 	EXP 	Created text_5 = TextStim(__class__=<class 'psychopy.visual.text.TextStim'>, alignHoriz=method-wrapper(...), alignText='center', alignVert=method-wrapper(...), anchorHoriz='center', anchorVert='center', antialias=True, autoLog=True, bold=False, color=array([1., 1., 1.]), colorSpace='rgb', contrast=1.0, depth=0.0, flipHoriz=False, flipVert=False, font='Open Sans', fontFiles=[], height=0.1, italic=False, languageStyle='LTR', name='text_5', opacity=1, ori=0.0, pos=array([0., 0.]), rgb=UNKNOWN, text=str(...), units='height', win=Window(...), wrapWidth=1)
7.0313 	EXP 	Created text_6 = TextStim(__class__=<class 'psychopy.visual.text.TextStim'>, alignHoriz=method-wrapper(...), alignText='center', alignVert=method-wrapper(...), anchorHoriz='center', anchorVert='center', antialias=True, autoLog=True, bold=False, color=array([1., 1., 1.]), colorSpace='rgb', contrast=1.0, depth=0.0, flipHoriz=False, flipVert=False, font='Open Sans', fontFiles=[], height=0.09, italic=False, languageStyle='LTR', name='text_6', opacity=1, ori=0.0, pos=array([0., 0.]), rgb=UNKNOWN, text=str(...), units='height', win=Window(...), wrapWidth=1)
7.0473 	EXP 	Created text_4 = TextStim(__class__=<class 'psychopy.visual.text.TextStim'>, alignHoriz=method-wrapper(...), alignText='center', alignVert=method-wrapper(...), anchorHoriz='center', anchorVert='center', antialias=True, autoLog=True, bold=False, color=array([1., 1., 1.]), colorSpace='rgb', contrast=1.0, depth=0.0, flipHoriz=False, flipVert=False, font='Open Sans', fontFiles=[], height=0.1, italic=False, languageStyle='LTR', name='text_4', opacity=1, ori=0.0, pos=array([0., 0.]), rgb=UNKNOWN, text=str(...), units='height', win=Window(...), wrapWidth=1)
7.0488 	EXP 	Created polygon = ShapeStim(__class__=<class 'psychopy.visual.shape.ShapeStim'>, autoDraw=False, autoLog=True, closeShape=True, color=method-wrapper(...), colorSpace='rgb', contrast=None, depth=0.0, fillColor=array([1, 1, 1]), fillColorSpace='rgb', fillRGB=array([1, 1, 1]), interpolate=True, lineColor=array([1., 1., 1.]), lineColorSpace='rgb', lineRGB=array([1, 1, 1]), lineWidth=1.0, name='polygon', opacity=1, ori=0.0, pos=array([0., 0.]), size=array([0.075, 0.075]), units='height', vertices=ndarray(...), win=Window(...), windingRule=None)
7.0521 	EXP 	Created image = ImageStim(__class__=<class 'psychopy.visual.image.ImageStim'>, autoLog=True, color=array([1., 1., 1.]), colorSpace='rgb', contrast=1.0, depth=0.0, flipHoriz=False, flipVert=False, image='sin', interpolate=True, mask=None, maskParams=None, name='image', opacity=1, ori=0.0, pos=array([0., 0.]), size=array([1.  , 0.75]), texRes=200.0, units='height', win=Window(...))
7.0555 	EXP 	Created polygon = ShapeStim(__class__=<class 'psychopy.visual.shape.ShapeStim'>, autoDraw=False, autoLog=True, closeShape=True, color=method-wrapper(...), colorSpace='rgb', contrast=None, depth=0.0, fillColor=array([1, 1, 1]), fillColorSpace='rgb', fillRGB=array([1, 1, 1]), interpolate=True, lineColor=array([1., 1., 1.]), lineColorSpace='rgb', lineRGB=array([1, 1, 1]), lineWidth=1.0, name='polygon', opacity=1, ori=0.0, pos=array([0., 0.]), size=array([0.075, 0.075]), units='height', vertices=ndarray(...), win=Window(...), windingRule=None)
7.2360 	EXP 	Created text_2 = TextStim(__class__=<class 'psychopy.visual.text.TextStim'>, alignHoriz=method-wrapper(...), alignText='center', alignVert=method-wrapper(...), anchorHoriz='center', anchorVert='center', antialias=True, autoLog=True, bold=False, color=array([1., 1., 1.]), colorSpace='rgb', contrast=1.0, depth=-1.0, flipHoriz=False, flipVert=False, font='Open Sans', fontFiles=[], height=0.1, italic=False, languageStyle='LTR', name='text_2', opacity=1, ori=0.0, pos=array([0., 0.]), rgb=UNKNOWN, text=str(...), units='height', win=Window(...), wrapWidth=1)
7.4159 	EXP 	Created text_7 = TextStim(__class__=<class 'psychopy.visual.text.TextStim'>, alignHoriz=method-wrapper(...), alignText='center', alignVert=method-wrapper(...), anchorHoriz='center', anchorVert='center', antialias=True, autoLog=True, bold=False, color=array([1., 1., 1.]), colorSpace='rgb', contrast=1.0, depth=-1.0, flipHoriz=False, flipVert=False, font='Open Sans', fontFiles=[], height=0.09, italic=False, languageStyle='LTR', name='text_7', opacity=1, ori=0.0, pos=array([0., 0.]), rgb=UNKNOWN, text=str(...), units='height', win=Window(...), wrapWidth=1)
7.4221 	EXP 	Created text_3 = TextStim(__class__=<class 'psychopy.visual.text.TextStim'>, alignHoriz=method-wrapper(...), alignText='center', alignVert=method-wrapper(...), anchorHoriz='center', anchorVert='center', antialias=True, autoLog=True, bold=False, color=array([1., 1., 1.]), colorSpace='rgb', contrast=1.0, depth=0.0, flipHoriz=False, flipVert=False, font='Open Sans', fontFiles=[], height=0.1, italic=False, languageStyle='LTR', name='text_3', opacity=1, ori=0.0, pos=array([0., 0.]), rgb=UNKNOWN, text=str(...), units='height', win=Window(...), wrapWidth=1)
7.4325 	EXP 	text: autoDraw = True
40.6610 	DATA 	Keypress: space
40.6684 	EXP 	Created sequence: random, trialTypes=1, nReps=3, seed=None
40.6688 	EXP 	New trial (rep=0, index=0): None
40.6773 	EXP 	text: autoDraw = False
40.6773 	EXP 	text: autoDraw = False
40.6773 	EXP 	polygon: autoDraw = True
41.7232 	EXP 	polygon: autoDraw = False
41.7232 	EXP 	image_2: image = './stims/outputs/stim_0_67.png'
41.7232 	EXP 	image_2: autoDraw = True
42.6908 	EXP 	image_2: autoDraw = False
42.6908 	EXP 	polygon: autoDraw = True
43.3948 	DATA 	Keypress: 2
43.6910 	EXP 	polygon: autoDraw = False
43.6910 	EXP 	text_5: autoDraw = True
45.7760 	DATA 	Keypress: 1
45.7903 	EXP 	text_5: autoDraw = False
45.7903 	EXP 	text_5: autoDraw = False
45.7903 	EXP 	text_6: autoDraw = True
48.8098 	DATA 	Keypress: 2
48.8114 	EXP 	New trial (rep=1, index=0): None
48.8241 	EXP 	text_6: autoDraw = False
48.8241 	EXP 	text_6: autoDraw = False
48.8241 	EXP 	polygon: autoDraw = True
49.8238 	EXP 	polygon: autoDraw = False
49.8238 	EXP 	polygon: autoDraw = False
49.8238 	EXP 	image_2: image = './stims/outputs/stim_0_77.png'
49.8238 	EXP 	image_2: autoDraw = True
50.8243 	EXP 	image_2: autoDraw = False
50.8243 	EXP 	image_2: autoDraw = False
50.8243 	EXP 	polygon: autoDraw = True
51.8240 	EXP 	polygon: autoDraw = False
51.8240 	EXP 	polygon: autoDraw = False
51.8240 	EXP 	text_5: autoDraw = True
53.2605 	DATA 	Keypress: 1
53.2750 	EXP 	text_5: autoDraw = False
53.2750 	EXP 	text_5: autoDraw = False
53.2750 	EXP 	text_6: autoDraw = True
55.2760 	DATA 	Keypress: 3
55.2775 	EXP 	New trial (rep=2, index=0): None
55.2912 	EXP 	text_6: autoDraw = False
55.2912 	EXP 	text_6: autoDraw = False
55.2912 	EXP 	polygon: autoDraw = True
56.2907 	EXP 	polygon: autoDraw = False
56.2907 	EXP 	polygon: autoDraw = False
56.2907 	EXP 	image_2: image = './stims/outputs/stim_0_84.png'
56.2907 	EXP 	image_2: autoDraw = True
57.2909 	EXP 	image_2: autoDraw = False
57.2909 	EXP 	image_2: autoDraw = False
57.2909 	EXP 	polygon: autoDraw = True
58.2912 	EXP 	polygon: autoDraw = False
58.2912 	EXP 	polygon: autoDraw = False
58.2912 	EXP 	text_5: autoDraw = True
59.9267 	DATA 	Keypress: 1
59.9412 	EXP 	text_5: autoDraw = False
59.9412 	EXP 	text_5: autoDraw = False
59.9412 	EXP 	text_6: autoDraw = True
61.9450 	DATA 	Keypress: 4
61.9746 	EXP 	text_6: autoDraw = False
61.9746 	EXP 	text_6: autoDraw = False
61.9746 	EXP 	text_4: autoDraw = True
62.2407 	DATA 	Keypress: 4
71.7445 	DATA 	Keypress: space
71.7472 	EXP 	Created sequence: sequential, trialTypes=1, nReps=50, seed=None
71.7483 	EXP 	New trial (rep=0, index=0): None
71.7583 	EXP 	text_4: autoDraw = False
71.7583 	EXP 	text_4: autoDraw = False
71.7583 	EXP 	polygon: autoDraw = True
72.7612 	EXP 	polygon: autoDraw = False
72.7612 	EXP 	polygon: autoDraw = False
72.7612 	EXP 	image: image = './stims/outputs/stim_0_49.png'
72.7612 	EXP 	image: autoDraw = True
73.2421 	EXP 	image: autoDraw = False
73.2421 	EXP 	polygon: autoDraw = True
74.2419 	EXP 	polygon: autoDraw = False
74.2419 	EXP 	text_2: autoDraw = True
76.9440 	DATA 	Keypress: 1
76.9578 	EXP 	text_2: autoDraw = False
76.9578 	EXP 	text_7: autoDraw = True
78.1607 	DATA 	Keypress: 1
78.1655 	EXP 	New trial (rep=1, index=0): None
78.1750 	EXP 	text_7: autoDraw = False
78.1750 	EXP 	polygon: autoDraw = True
79.1748 	EXP 	polygon: autoDraw = False
79.1748 	EXP 	polygon: autoDraw = False
79.1748 	EXP 	image: image = './stims/outputs/stim_1_70.png'
79.1748 	EXP 	image: autoDraw = True
79.5086 	EXP 	image: autoDraw = False
79.5086 	EXP 	polygon: autoDraw = True
80.5082 	EXP 	polygon: autoDraw = False
80.5082 	EXP 	text_2: autoDraw = True
81.1803 	DATA 	Keypress: 2
81.1918 	EXP 	text_2: autoDraw = False
81.1918 	EXP 	text_7: autoDraw = True
81.8940 	DATA 	Keypress: 2
81.8982 	EXP 	New trial (rep=2, index=0): None
81.9081 	EXP 	text_7: autoDraw = False
81.9081 	EXP 	polygon: autoDraw = True
82.9089 	EXP 	polygon: autoDraw = False
82.9089 	EXP 	polygon: autoDraw = False
82.9089 	EXP 	image: image = './stims/outputs/stim_0_17.png'
82.9089 	EXP 	image: autoDraw = True
83.3094 	EXP 	image: autoDraw = False
83.3094 	EXP 	image: autoDraw = False
83.3094 	EXP 	polygon: autoDraw = True
84.3094 	EXP 	polygon: autoDraw = False
84.3094 	EXP 	polygon: autoDraw = False
84.3094 	EXP 	text_2: autoDraw = True
85.1773 	DATA 	Keypress: 2
85.1919 	EXP 	text_2: autoDraw = False
85.1919 	EXP 	text_7: autoDraw = True
87.3114 	DATA 	Keypress: 2
87.3159 	EXP 	New trial (rep=3, index=0): None
87.3257 	EXP 	text_7: autoDraw = False
87.3257 	EXP 	polygon: autoDraw = True
88.3408 	EXP 	polygon: autoDraw = False
88.3408 	EXP 	polygon: autoDraw = False
88.3408 	EXP 	image: image = './stims/outputs/stim_0_47.png'
88.3408 	EXP 	image: autoDraw = True
88.7589 	EXP 	image: autoDraw = False
88.7589 	EXP 	polygon: autoDraw = True
89.7592 	EXP 	polygon: autoDraw = False
89.7592 	EXP 	text_2: autoDraw = True
90.5614 	DATA 	Keypress: 1
90.5750 	EXP 	text_2: autoDraw = False
90.5750 	EXP 	text_7: autoDraw = True
92.4132 	EXP 	New trial (rep=4, index=0): None
92.4172 	DATA 	Keypress: 2
92.4255 	EXP 	text_7: autoDraw = False
92.4255 	EXP 	polygon: autoDraw = True
93.4256 	EXP 	polygon: autoDraw = False
93.4256 	EXP 	polygon: autoDraw = False
93.4256 	EXP 	image: image = './stims/outputs/stim_1_99.png'
93.4256 	EXP 	image: autoDraw = True
93.5758 	EXP 	image: autoDraw = False
93.5758 	EXP 	image: autoDraw = False
93.5758 	EXP 	polygon: autoDraw = True
94.5755 	EXP 	polygon: autoDraw = False
94.5755 	EXP 	polygon: autoDraw = False
94.5755 	EXP 	text_2: autoDraw = True
97.2773 	DATA 	Keypress: 1
97.2921 	EXP 	text_2: autoDraw = False
97.2921 	EXP 	text_7: autoDraw = True
100.4443 	DATA 	Keypress: 2
100.4485 	EXP 	New trial (rep=5, index=0): None
100.4588 	EXP 	text_7: autoDraw = False
100.4588 	EXP 	polygon: autoDraw = True
101.4743 	EXP 	polygon: autoDraw = False
101.4743 	EXP 	polygon: autoDraw = False
101.4743 	EXP 	image: image = './stims/outputs/stim_0_77.png'
101.4743 	EXP 	image: autoDraw = True
101.7430 	EXP 	image: autoDraw = False
101.7430 	EXP 	polygon: autoDraw = True
102.7425 	EXP 	polygon: autoDraw = False
102.7425 	EXP 	text_2: autoDraw = True
104.0453 	DATA 	Keypress: 1
104.0589 	EXP 	text_2: autoDraw = False
104.0589 	EXP 	text_7: autoDraw = True
104.7611 	DATA 	Keypress: 1
104.7653 	EXP 	New trial (rep=6, index=0): None
104.7760 	EXP 	text_7: autoDraw = False
104.7760 	EXP 	polygon: autoDraw = True
105.7775 	EXP 	polygon: autoDraw = False
105.7775 	EXP 	polygon: autoDraw = False
105.7775 	EXP 	image: image = './stims/outputs/stim_1_75.png'
105.7775 	EXP 	image: autoDraw = True
106.0595 	EXP 	image: autoDraw = False
106.0595 	EXP 	polygon: autoDraw = True
107.0591 	EXP 	polygon: autoDraw = False
107.0591 	EXP 	text_2: autoDraw = True
109.2814 	DATA 	Keypress: 2
109.2925 	EXP 	text_2: autoDraw = False
109.2925 	EXP 	text_7: autoDraw = True
109.8281 	DATA 	Keypress: 2
109.8322 	EXP 	New trial (rep=7, index=0): None
109.8428 	EXP 	text_7: autoDraw = False
109.8428 	EXP 	polygon: autoDraw = True
110.8423 	EXP 	polygon: autoDraw = False
110.8423 	EXP 	polygon: autoDraw = False
110.8423 	EXP 	image: image = './stims/outputs/stim_0_68.png'
110.8423 	EXP 	image: autoDraw = True
110.8926 	EXP 	image: autoDraw = False
110.8926 	EXP 	image: autoDraw = False
110.8926 	EXP 	polygon: autoDraw = True
111.8925 	EXP 	polygon: autoDraw = False
111.8925 	EXP 	polygon: autoDraw = False
111.8925 	EXP 	text_2: autoDraw = True
116.0814 	DATA 	Keypress: 1
116.0928 	EXP 	text_2: autoDraw = False
116.0928 	EXP 	text_7: autoDraw = True
116.2280 	DATA 	Keypress: 1
116.2321 	EXP 	New trial (rep=8, index=0): None
116.2430 	EXP 	text_7: autoDraw = False
116.2430 	EXP 	polygon: autoDraw = True
117.2430 	EXP 	polygon: autoDraw = False
117.2430 	EXP 	polygon: autoDraw = False
117.2430 	EXP 	image: image = './stims/outputs/stim_1_27.png'
117.2430 	EXP 	image: autoDraw = True
117.3260 	EXP 	image: autoDraw = False
117.3260 	EXP 	polygon: autoDraw = True
118.3261 	EXP 	polygon: autoDraw = False
118.3261 	EXP 	text_2: autoDraw = True
122.1951 	DATA 	Keypress: 2
122.2095 	EXP 	text_2: autoDraw = False
122.2095 	EXP 	text_7: autoDraw = True
122.2789 	DATA 	Keypress: 3
122.2829 	EXP 	New trial (rep=9, index=0): None
122.2932 	EXP 	text_7: autoDraw = False
122.2932 	EXP 	polygon: autoDraw = True
123.2927 	EXP 	polygon: autoDraw = False
123.2927 	EXP 	polygon: autoDraw = False
123.2927 	EXP 	image: image = './stims/outputs/stim_1_16.png'
123.2927 	EXP 	image: autoDraw = True
123.4770 	EXP 	image: autoDraw = False
123.4770 	EXP 	polygon: autoDraw = True
124.4769 	EXP 	polygon: autoDraw = False
124.4769 	EXP 	text_2: autoDraw = True
128.9955 	DATA 	Keypress: 1
129.0099 	EXP 	text_2: autoDraw = False
129.0099 	EXP 	text_7: autoDraw = True
129.9956 	DATA 	Keypress: 2
129.9997 	EXP 	New trial (rep=10, index=0): None
130.0102 	EXP 	text_7: autoDraw = False
130.0102 	EXP 	polygon: autoDraw = True
131.0099 	EXP 	polygon: autoDraw = False
131.0099 	EXP 	polygon: autoDraw = False
131.0099 	EXP 	image: image = './stims/outputs/stim_0_9.png'
131.0099 	EXP 	image: autoDraw = True
131.0430 	EXP 	image: autoDraw = False
131.0430 	EXP 	polygon: autoDraw = True
132.0436 	EXP 	polygon: autoDraw = False
132.0436 	EXP 	text_2: autoDraw = True
134.2124 	DATA 	Keypress: 1
134.2262 	EXP 	text_2: autoDraw = False
134.2262 	EXP 	text_7: autoDraw = True
134.9954 	DATA 	Keypress: 2
134.9997 	EXP 	New trial (rep=11, index=0): None
135.0101 	EXP 	text_7: autoDraw = False
135.0101 	EXP 	polygon: autoDraw = True
136.0113 	EXP 	polygon: autoDraw = False
136.0113 	EXP 	polygon: autoDraw = False
136.0113 	EXP 	image: image = './stims/outputs/stim_1_57.png'
136.0113 	EXP 	image: autoDraw = True
136.3606 	EXP 	image: autoDraw = False
136.3606 	EXP 	image: autoDraw = False
136.3606 	EXP 	polygon: autoDraw = True
137.3603 	EXP 	polygon: autoDraw = False
137.3603 	EXP 	polygon: autoDraw = False
137.3603 	EXP 	text_2: autoDraw = True
140.9322 	DATA 	Keypress: 1
140.9436 	EXP 	text_2: autoDraw = False
140.9436 	EXP 	text_7: autoDraw = True
142.3643 	EXP 	New trial (rep=12, index=0): None
142.3682 	DATA 	Keypress: 3
142.3771 	EXP 	text_7: autoDraw = False
142.3771 	EXP 	polygon: autoDraw = True
143.3774 	EXP 	polygon: autoDraw = False
143.3774 	EXP 	polygon: autoDraw = False
143.3774 	EXP 	image: image = './stims/outputs/stim_0_24.png'
143.3774 	EXP 	image: autoDraw = True
143.4605 	EXP 	image: autoDraw = False
143.4605 	EXP 	polygon: autoDraw = True
144.4610 	EXP 	polygon: autoDraw = False
144.4610 	EXP 	text_2: autoDraw = True
145.5828 	DATA 	Keypress: 1
145.5935 	EXP 	text_2: autoDraw = False
145.5935 	EXP 	text_7: autoDraw = True
146.6976 	EXP 	New trial (rep=13, index=0): None
146.7016 	DATA 	Keypress: 2
146.7106 	EXP 	text_7: autoDraw = False
146.7106 	EXP 	polygon: autoDraw = True
147.7109 	EXP 	polygon: autoDraw = False
147.7109 	EXP 	polygon: autoDraw = False
147.7109 	EXP 	image: image = './stims/outputs/stim_1_39.png'
147.7109 	EXP 	image: autoDraw = True
148.1606 	EXP 	image: autoDraw = False
148.1606 	EXP 	image: autoDraw = False
148.1606 	EXP 	polygon: autoDraw = True
149.1605 	EXP 	polygon: autoDraw = False
149.1605 	EXP 	polygon: autoDraw = False
149.1605 	EXP 	text_2: autoDraw = True
150.0798 	DATA 	Keypress: 2
150.0934 	EXP 	text_2: autoDraw = False
150.0934 	EXP 	text_7: autoDraw = True
151.0126 	DATA 	Keypress: 2
151.0169 	EXP 	New trial (rep=14, index=0): None
151.0277 	EXP 	text_7: autoDraw = False
151.0277 	EXP 	polygon: autoDraw = True
152.0274 	EXP 	polygon: autoDraw = False
152.0274 	EXP 	polygon: autoDraw = False
152.0274 	EXP 	image: image = './stims/outputs/stim_1_73.png'
152.0274 	EXP 	image: autoDraw = True
152.1105 	EXP 	image: autoDraw = False
152.1105 	EXP 	polygon: autoDraw = True
153.1106 	EXP 	polygon: autoDraw = False
153.1106 	EXP 	text_2: autoDraw = True
154.0129 	DATA 	Keypress: 1
154.0276 	EXP 	text_2: autoDraw = False
154.0276 	EXP 	text_7: autoDraw = True
156.9627 	DATA 	Keypress: 2
156.9669 	EXP 	New trial (rep=15, index=0): None
156.9773 	EXP 	text_7: autoDraw = False
156.9773 	EXP 	polygon: autoDraw = True
157.9781 	EXP 	polygon: autoDraw = False
157.9781 	EXP 	polygon: autoDraw = False
157.9781 	EXP 	image: image = './stims/outputs/stim_1_14.png'
157.9781 	EXP 	image: autoDraw = True
158.4111 	EXP 	image: autoDraw = False
158.4111 	EXP 	polygon: autoDraw = True
159.4108 	EXP 	polygon: autoDraw = False
159.4108 	EXP 	text_2: autoDraw = True
160.7803 	DATA 	Keypress: 1
160.7942 	EXP 	text_2: autoDraw = False
160.7942 	EXP 	text_7: autoDraw = True
161.4141 	DATA 	Keypress: 2
161.4182 	EXP 	New trial (rep=16, index=0): None
161.4281 	EXP 	text_7: autoDraw = False
161.4281 	EXP 	polygon: autoDraw = True
162.4274 	EXP 	polygon: autoDraw = False
162.4274 	EXP 	polygon: autoDraw = False
162.4274 	EXP 	image: image = './stims/outputs/stim_0_39.png'
162.4274 	EXP 	image: autoDraw = True
162.4614 	EXP 	image: autoDraw = False
162.4614 	EXP 	polygon: autoDraw = True
163.4615 	EXP 	polygon: autoDraw = False
163.4615 	EXP 	text_2: autoDraw = True
164.6130 	DATA 	Keypress: 2
164.6276 	EXP 	text_2: autoDraw = False
164.6276 	EXP 	text_7: autoDraw = True
164.7960 	DATA 	Keypress: 1
164.7972 	DATA 	Keypress: 2
164.8006 	EXP 	New trial (rep=17, index=0): None
164.8112 	EXP 	text_7: autoDraw = False
164.8112 	EXP 	polygon: autoDraw = True
165.8115 	EXP 	polygon: autoDraw = False
165.8115 	EXP 	polygon: autoDraw = False
165.8115 	EXP 	image: image = './stims/outputs/stim_1_60.png'
165.8115 	EXP 	image: autoDraw = True
165.8613 	EXP 	image: autoDraw = False
165.8613 	EXP 	image: autoDraw = False
165.8613 	EXP 	polygon: autoDraw = True
166.8617 	EXP 	polygon: autoDraw = False
166.8617 	EXP 	polygon: autoDraw = False
166.8617 	EXP 	text_2: autoDraw = True
167.5332 	DATA 	Keypress: 1
167.5448 	EXP 	text_2: autoDraw = False
167.5448 	EXP 	text_7: autoDraw = True
167.9303 	DATA 	Keypress: 2
167.9344 	EXP 	New trial (rep=18, index=0): None
167.9445 	EXP 	text_7: autoDraw = False
167.9445 	EXP 	polygon: autoDraw = True
168.9448 	EXP 	polygon: autoDraw = False
168.9448 	EXP 	polygon: autoDraw = False
168.9448 	EXP 	image: image = './stims/outputs/stim_1_46.png'
168.9448 	EXP 	image: autoDraw = True
169.1449 	EXP 	image: autoDraw = False
169.1449 	EXP 	image: autoDraw = False
169.1449 	EXP 	polygon: autoDraw = True
170.1452 	EXP 	polygon: autoDraw = False
170.1452 	EXP 	polygon: autoDraw = False
170.1452 	EXP 	text_2: autoDraw = True
173.1003 	DATA 	Keypress: 2
173.1114 	EXP 	text_2: autoDraw = False
173.1114 	EXP 	text_7: autoDraw = True
173.5136 	DATA 	Keypress: 3
173.5177 	EXP 	New trial (rep=19, index=0): None
173.5280 	EXP 	text_7: autoDraw = False
173.5280 	EXP 	polygon: autoDraw = True
174.5285 	EXP 	polygon: autoDraw = False
174.5285 	EXP 	polygon: autoDraw = False
174.5285 	EXP 	image: image = './stims/outputs/stim_1_61.png'
174.5285 	EXP 	image: autoDraw = True
174.5782 	EXP 	image: autoDraw = False
174.5782 	EXP 	image: autoDraw = False
174.5782 	EXP 	polygon: autoDraw = True
175.5781 	EXP 	polygon: autoDraw = False
175.5781 	EXP 	polygon: autoDraw = False
175.5781 	EXP 	text_2: autoDraw = True
176.9003 	DATA 	Keypress: 2
176.9114 	EXP 	text_2: autoDraw = False
176.9114 	EXP 	text_7: autoDraw = True
177.1132 	DATA 	Keypress: 4
177.1173 	EXP 	New trial (rep=20, index=0): None
177.1279 	EXP 	text_7: autoDraw = False
177.1279 	EXP 	polygon: autoDraw = True
178.1281 	EXP 	polygon: autoDraw = False
178.1281 	EXP 	polygon: autoDraw = False
178.1281 	EXP 	image: image = './stims/outputs/stim_1_46.png'
178.1281 	EXP 	image: autoDraw = True
178.2286 	EXP 	image: autoDraw = False
178.2286 	EXP 	image: autoDraw = False
178.2286 	EXP 	polygon: autoDraw = True
179.2281 	EXP 	polygon: autoDraw = False
179.2281 	EXP 	polygon: autoDraw = False
179.2281 	EXP 	text_2: autoDraw = True
179.7976 	DATA 	Keypress: 1
179.8116 	EXP 	text_2: autoDraw = False
179.8116 	EXP 	text_7: autoDraw = True
180.4302 	DATA 	Keypress: 3
180.4344 	EXP 	New trial (rep=21, index=0): None
180.4451 	EXP 	text_7: autoDraw = False
180.4451 	EXP 	polygon: autoDraw = True
181.4457 	EXP 	polygon: autoDraw = False
181.4457 	EXP 	polygon: autoDraw = False
181.4457 	EXP 	image: image = './stims/outputs/stim_1_86.png'
181.4457 	EXP 	image: autoDraw = True
181.6960 	EXP 	image: autoDraw = False
181.6960 	EXP 	image: autoDraw = False
181.6960 	EXP 	polygon: autoDraw = True
182.6952 	EXP 	polygon: autoDraw = False
182.6952 	EXP 	polygon: autoDraw = False
182.6952 	EXP 	text_2: autoDraw = True
184.2302 	DATA 	Keypress: 2
184.2449 	EXP 	text_2: autoDraw = False
184.2449 	EXP 	text_7: autoDraw = True
184.8140 	DATA 	Keypress: 2
184.8181 	EXP 	New trial (rep=22, index=0): None
184.8286 	EXP 	text_7: autoDraw = False
184.8286 	EXP 	polygon: autoDraw = True
185.8285 	EXP 	polygon: autoDraw = False
185.8285 	EXP 	polygon: autoDraw = False
185.8285 	EXP 	image: image = './stims/outputs/stim_1_23.png'
185.8285 	EXP 	image: autoDraw = True
186.0788 	EXP 	image: autoDraw = False
186.0788 	EXP 	image: autoDraw = False
186.0788 	EXP 	polygon: autoDraw = True
187.0781 	EXP 	polygon: autoDraw = False
187.0781 	EXP 	polygon: autoDraw = False
187.0781 	EXP 	text_2: autoDraw = True
191.3148 	DATA 	Keypress: 2
191.3286 	EXP 	text_2: autoDraw = False
191.3286 	EXP 	text_7: autoDraw = True
192.3475 	DATA 	Keypress: 2
192.3516 	EXP 	New trial (rep=23, index=0): None
192.3623 	EXP 	text_7: autoDraw = False
192.3623 	EXP 	polygon: autoDraw = True
193.3622 	EXP 	polygon: autoDraw = False
193.3622 	EXP 	polygon: autoDraw = False
193.3622 	EXP 	image: image = './stims/outputs/stim_0_78.png'
193.3622 	EXP 	image: autoDraw = True
193.5130 	EXP 	image: autoDraw = False
193.5130 	EXP 	image: autoDraw = False
193.5130 	EXP 	polygon: autoDraw = True
194.5120 	EXP 	polygon: autoDraw = False
194.5120 	EXP 	polygon: autoDraw = False
194.5120 	EXP 	text_2: autoDraw = True
195.9175 	DATA 	Keypress: 1
195.9288 	EXP 	text_2: autoDraw = False
195.9288 	EXP 	text_7: autoDraw = True
196.6826 	EXP 	New trial (rep=24, index=0): None
196.6865 	DATA 	Keypress: 3
196.6956 	EXP 	text_7: autoDraw = False
196.6956 	EXP 	polygon: autoDraw = True
197.6957 	EXP 	polygon: autoDraw = False
197.6957 	EXP 	polygon: autoDraw = False
197.6957 	EXP 	image: image = './stims/outputs/stim_0_63.png'
197.6957 	EXP 	image: autoDraw = True
197.8790 	EXP 	image: autoDraw = False
197.8790 	EXP 	polygon: autoDraw = True
198.8786 	EXP 	polygon: autoDraw = False
198.8786 	EXP 	text_2: autoDraw = True
199.7642 	DATA 	Keypress: 1
199.7785 	EXP 	text_2: autoDraw = False
199.7785 	EXP 	text_7: autoDraw = True
206.0156 	DATA 	Keypress: 3
206.0210 	EXP 	New trial (rep=25, index=0): None
206.0294 	EXP 	text_7: autoDraw = False
206.0294 	EXP 	polygon: autoDraw = True
207.0342 	EXP 	polygon: autoDraw = False
207.0342 	EXP 	polygon: autoDraw = False
207.0342 	EXP 	image: image = './stims/outputs/stim_1_15.png'
207.0342 	EXP 	image: autoDraw = True
207.2630 	EXP 	image: autoDraw = False
207.2630 	EXP 	polygon: autoDraw = True
208.2626 	EXP 	polygon: autoDraw = False
208.2626 	EXP 	text_2: autoDraw = True
209.3314 	DATA 	Keypress: 1
209.3460 	EXP 	text_2: autoDraw = False
209.3460 	EXP 	text_7: autoDraw = True
210.9979 	DATA 	Keypress: 2
211.0021 	EXP 	New trial (rep=26, index=0): None
211.0126 	EXP 	text_7: autoDraw = False
211.0126 	EXP 	polygon: autoDraw = True
212.0137 	EXP 	polygon: autoDraw = False
212.0137 	EXP 	polygon: autoDraw = False
212.0137 	EXP 	image: image = './stims/outputs/stim_1_90.png'
212.0137 	EXP 	image: autoDraw = True
212.0960 	EXP 	image: autoDraw = False
212.0960 	EXP 	polygon: autoDraw = True
213.0958 	EXP 	polygon: autoDraw = False
213.0958 	EXP 	text_2: autoDraw = True
213.9817 	DATA 	Keypress: 2
213.9955 	EXP 	text_2: autoDraw = False
213.9955 	EXP 	text_7: autoDraw = True
217.4980 	DATA 	Keypress: 2
217.5023 	EXP 	New trial (rep=27, index=0): None
217.5130 	EXP 	text_7: autoDraw = False
217.5130 	EXP 	polygon: autoDraw = True
218.5121 	EXP 	polygon: autoDraw = False
218.5121 	EXP 	polygon: autoDraw = False
218.5121 	EXP 	image: image = './stims/outputs/stim_1_82.png'
218.5121 	EXP 	image: autoDraw = True
218.8133 	EXP 	image: autoDraw = False
218.8133 	EXP 	image: autoDraw = False
218.8133 	EXP 	polygon: autoDraw = True
219.8127 	EXP 	polygon: autoDraw = False
219.8127 	EXP 	polygon: autoDraw = False
219.8127 	EXP 	text_2: autoDraw = True
220.8655 	DATA 	Keypress: 1
220.8796 	EXP 	text_2: autoDraw = False
220.8796 	EXP 	text_7: autoDraw = True
221.2980 	DATA 	Keypress: 3
221.3022 	EXP 	New trial (rep=28, index=0): None
221.3132 	EXP 	text_7: autoDraw = False
221.3132 	EXP 	polygon: autoDraw = True
222.3129 	EXP 	polygon: autoDraw = False
222.3129 	EXP 	polygon: autoDraw = False
222.3129 	EXP 	image: image = './stims/outputs/stim_1_95.png'
222.3129 	EXP 	image: autoDraw = True
222.4635 	EXP 	image: autoDraw = False
222.4635 	EXP 	image: autoDraw = False
222.4635 	EXP 	polygon: autoDraw = True
223.4636 	EXP 	polygon: autoDraw = False
223.4636 	EXP 	polygon: autoDraw = False
223.4636 	EXP 	text_2: autoDraw = True
226.0486 	DATA 	Keypress: 2
226.0634 	EXP 	text_2: autoDraw = False
226.0634 	EXP 	text_7: autoDraw = True
227.2657 	DATA 	Keypress: 2
227.2699 	EXP 	New trial (rep=29, index=0): None
227.2796 	EXP 	text_7: autoDraw = False
227.2796 	EXP 	polygon: autoDraw = True
228.2801 	EXP 	polygon: autoDraw = False
228.2801 	EXP 	polygon: autoDraw = False
228.2801 	EXP 	image: image = './stims/outputs/stim_0_98.png'
228.2801 	EXP 	image: autoDraw = True
228.7132 	EXP 	image: autoDraw = False
228.7132 	EXP 	polygon: autoDraw = True
229.7128 	EXP 	polygon: autoDraw = False
229.7128 	EXP 	text_2: autoDraw = True
233.9984 	DATA 	Keypress: 1
234.0135 	EXP 	text_2: autoDraw = False
234.0135 	EXP 	text_7: autoDraw = True
235.7828 	DATA 	Keypress: 2
235.7870 	EXP 	New trial (rep=30, index=0): None
235.7966 	EXP 	text_7: autoDraw = False
235.7966 	EXP 	polygon: autoDraw = True
236.7975 	EXP 	polygon: autoDraw = False
236.7975 	EXP 	polygon: autoDraw = False
236.7975 	EXP 	image: image = './stims/outputs/stim_1_19.png'
236.7975 	EXP 	image: autoDraw = True
236.9307 	EXP 	image: autoDraw = False
236.9307 	EXP 	polygon: autoDraw = True
237.9300 	EXP 	polygon: autoDraw = False
237.9300 	EXP 	text_2: autoDraw = True
239.2492 	DATA 	Keypress: 1
239.2629 	EXP 	text_2: autoDraw = False
239.2629 	EXP 	text_7: autoDraw = True
239.7156 	DATA 	Keypress: 3
239.7197 	EXP 	New trial (rep=31, index=0): None
239.7303 	EXP 	text_7: autoDraw = False
239.7303 	EXP 	polygon: autoDraw = True
240.7308 	EXP 	polygon: autoDraw = False
240.7308 	EXP 	polygon: autoDraw = False
240.7308 	EXP 	image: image = './stims/outputs/stim_1_64.png'
240.7308 	EXP 	image: autoDraw = True
241.0640 	EXP 	image: autoDraw = False
241.0640 	EXP 	polygon: autoDraw = True
242.0642 	EXP 	polygon: autoDraw = False
242.0642 	EXP 	text_2: autoDraw = True
243.9827 	DATA 	Keypress: 2
243.9965 	EXP 	text_2: autoDraw = False
243.9965 	EXP 	text_7: autoDraw = True
252.4662 	DATA 	Keypress: 2
252.4703 	EXP 	New trial (rep=32, index=0): None
252.4807 	EXP 	text_7: autoDraw = False
252.4807 	EXP 	polygon: autoDraw = True
253.4811 	EXP 	polygon: autoDraw = False
253.4811 	EXP 	polygon: autoDraw = False
253.4811 	EXP 	image: image = './stims/outputs/stim_1_52.png'
253.4811 	EXP 	image: autoDraw = True
253.9639 	EXP 	image: autoDraw = False
253.9639 	EXP 	polygon: autoDraw = True
254.9643 	EXP 	polygon: autoDraw = False
254.9643 	EXP 	text_2: autoDraw = True
261.7333 	DATA 	Keypress: 1
261.7474 	EXP 	text_2: autoDraw = False
261.7474 	EXP 	text_7: autoDraw = True
264.2503 	DATA 	Keypress: 2
264.2545 	EXP 	New trial (rep=33, index=0): None
264.2644 	EXP 	text_7: autoDraw = False
264.2644 	EXP 	polygon: autoDraw = True
265.2643 	EXP 	polygon: autoDraw = False
265.2643 	EXP 	polygon: autoDraw = False
265.2643 	EXP 	image: image = './stims/outputs/stim_1_17.png'
265.2643 	EXP 	image: autoDraw = True
265.6980 	EXP 	image: autoDraw = False
265.6980 	EXP 	polygon: autoDraw = True
266.6983 	EXP 	polygon: autoDraw = False
266.6983 	EXP 	text_2: autoDraw = True
272.9839 	DATA 	Keypress: 1
272.9977 	EXP 	text_2: autoDraw = False
272.9977 	EXP 	text_7: autoDraw = True
273.7998 	DATA 	Keypress: 2
273.8040 	EXP 	New trial (rep=34, index=0): None
273.8142 	EXP 	text_7: autoDraw = False
273.8142 	EXP 	polygon: autoDraw = True
274.8151 	EXP 	polygon: autoDraw = False
274.8151 	EXP 	polygon: autoDraw = False
274.8151 	EXP 	image: image = './stims/outputs/stim_0_26.png'
274.8151 	EXP 	image: autoDraw = True
275.1151 	EXP 	image: autoDraw = False
275.1151 	EXP 	image: autoDraw = False
275.1151 	EXP 	polygon: autoDraw = True
276.1148 	EXP 	polygon: autoDraw = False
276.1148 	EXP 	polygon: autoDraw = False
276.1148 	EXP 	text_2: autoDraw = True
277.5169 	DATA 	Keypress: 1
277.5317 	EXP 	text_2: autoDraw = False
277.5317 	EXP 	text_7: autoDraw = True
278.0000 	DATA 	Keypress: 3
278.0041 	EXP 	New trial (rep=35, index=0): None
278.0151 	EXP 	text_7: autoDraw = False
278.0151 	EXP 	polygon: autoDraw = True
279.0160 	EXP 	polygon: autoDraw = False
279.0160 	EXP 	polygon: autoDraw = False
279.0160 	EXP 	image: image = './stims/outputs/stim_0_50.png'
279.0160 	EXP 	image: autoDraw = True
279.4483 	EXP 	image: autoDraw = False
279.4483 	EXP 	polygon: autoDraw = True
280.4491 	EXP 	polygon: autoDraw = False
280.4491 	EXP 	text_2: autoDraw = True
282.3175 	DATA 	Keypress: 2
282.3309 	EXP 	text_2: autoDraw = False
282.3309 	EXP 	text_7: autoDraw = True
283.8838 	DATA 	Keypress: 2
283.8880 	EXP 	New trial (rep=36, index=0): None
283.8978 	EXP 	text_7: autoDraw = False
283.8978 	EXP 	polygon: autoDraw = True
284.8987 	EXP 	polygon: autoDraw = False
284.8987 	EXP 	polygon: autoDraw = False
284.8987 	EXP 	image: image = './stims/outputs/stim_0_53.png'
284.8987 	EXP 	image: autoDraw = True
285.2823 	EXP 	image: autoDraw = False
285.2823 	EXP 	polygon: autoDraw = True
286.2822 	EXP 	polygon: autoDraw = False
286.2822 	EXP 	text_2: autoDraw = True
295.0735 	DATA 	Keypress: 2
295.0825 	EXP 	text_2: autoDraw = False
295.0825 	EXP 	text_7: autoDraw = True
297.8695 	EXP 	New trial (rep=37, index=0): None
297.8738 	DATA 	Keypress: 1
297.8822 	EXP 	text_7: autoDraw = False
297.8822 	EXP 	polygon: autoDraw = True
298.8837 	EXP 	polygon: autoDraw = False
298.8837 	EXP 	polygon: autoDraw = False
298.8837 	EXP 	image: image = './stims/outputs/stim_1_20.png'
298.8837 	EXP 	image: autoDraw = True
299.3159 	EXP 	image: autoDraw = False
299.3159 	EXP 	polygon: autoDraw = True
300.3160 	EXP 	polygon: autoDraw = False
300.3160 	EXP 	text_2: autoDraw = True
301.9013 	DATA 	Keypress: 1
301.9151 	EXP 	text_2: autoDraw = False
301.9151 	EXP 	text_7: autoDraw = True
303.2344 	DATA 	Keypress: 3
303.2386 	EXP 	New trial (rep=38, index=0): None
303.2487 	EXP 	text_7: autoDraw = False
303.2487 	EXP 	polygon: autoDraw = True
304.2492 	EXP 	polygon: autoDraw = False
304.2492 	EXP 	polygon: autoDraw = False
304.2492 	EXP 	image: image = './stims/outputs/stim_0_18.png'
304.2492 	EXP 	image: autoDraw = True
304.4991 	EXP 	image: autoDraw = False
304.4991 	EXP 	image: autoDraw = False
304.4991 	EXP 	polygon: autoDraw = True
305.4988 	EXP 	polygon: autoDraw = False
305.4988 	EXP 	polygon: autoDraw = False
305.4988 	EXP 	text_2: autoDraw = True
314.1216 	DATA 	Keypress: 2
314.1328 	EXP 	text_2: autoDraw = False
314.1328 	EXP 	text_7: autoDraw = True
315.7849 	DATA 	Keypress: 2
315.7890 	EXP 	New trial (rep=39, index=0): None
315.7991 	EXP 	text_7: autoDraw = False
315.7991 	EXP 	polygon: autoDraw = True
316.8003 	EXP 	polygon: autoDraw = False
316.8003 	EXP 	polygon: autoDraw = False
316.8003 	EXP 	image: image = './stims/outputs/stim_0_20.png'
316.8003 	EXP 	image: autoDraw = True
316.9501 	EXP 	image: autoDraw = False
316.9501 	EXP 	image: autoDraw = False
316.9501 	EXP 	polygon: autoDraw = True
317.9494 	EXP 	polygon: autoDraw = False
317.9494 	EXP 	polygon: autoDraw = False
317.9494 	EXP 	text_2: autoDraw = True
319.5349 	DATA 	Keypress: 1
319.5493 	EXP 	text_2: autoDraw = False
319.5493 	EXP 	text_7: autoDraw = True
322.2850 	DATA 	Keypress: 3
322.2892 	EXP 	New trial (rep=40, index=0): None
322.2997 	EXP 	text_7: autoDraw = False
322.2997 	EXP 	polygon: autoDraw = True
323.2991 	EXP 	polygon: autoDraw = False
323.2991 	EXP 	polygon: autoDraw = False
323.2991 	EXP 	image: image = './stims/outputs/stim_0_16.png'
323.2991 	EXP 	image: autoDraw = True
323.6500 	EXP 	image: autoDraw = False
323.6500 	EXP 	image: autoDraw = False
323.6500 	EXP 	polygon: autoDraw = True
324.6502 	EXP 	polygon: autoDraw = False
324.6502 	EXP 	polygon: autoDraw = False
324.6502 	EXP 	text_2: autoDraw = True
325.6699 	DATA 	Keypress: 1
325.6832 	EXP 	text_2: autoDraw = False
325.6832 	EXP 	text_7: autoDraw = True
326.5349 	DATA 	Keypress: 2
326.5391 	EXP 	New trial (rep=41, index=0): None
326.5496 	EXP 	text_7: autoDraw = False
326.5496 	EXP 	polygon: autoDraw = True
327.5500 	EXP 	polygon: autoDraw = False
327.5500 	EXP 	polygon: autoDraw = False
327.5500 	EXP 	image: image = './stims/outputs/stim_0_97.png'
327.5500 	EXP 	image: autoDraw = True
327.7334 	EXP 	image: autoDraw = False
327.7334 	EXP 	polygon: autoDraw = True
328.7335 	EXP 	polygon: autoDraw = False
328.7335 	EXP 	text_2: autoDraw = True
329.8357 	DATA 	Keypress: 1
329.8496 	EXP 	text_2: autoDraw = False
329.8496 	EXP 	text_7: autoDraw = True
330.2683 	DATA 	Keypress: 3
330.2724 	EXP 	New trial (rep=42, index=0): None
330.2831 	EXP 	text_7: autoDraw = False
330.2831 	EXP 	polygon: autoDraw = True
331.2830 	EXP 	polygon: autoDraw = False
331.2830 	EXP 	polygon: autoDraw = False
331.2830 	EXP 	image: image = './stims/outputs/stim_0_17.png'
331.2830 	EXP 	image: autoDraw = True
331.7669 	EXP 	image: autoDraw = False
331.7669 	EXP 	polygon: autoDraw = True
332.7671 	EXP 	polygon: autoDraw = False
332.7671 	EXP 	text_2: autoDraw = True
334.0394 	DATA 	Keypress: 2
334.0497 	EXP 	text_2: autoDraw = False
334.0497 	EXP 	text_7: autoDraw = True
334.7869 	EXP 	New trial (rep=43, index=0): None
334.7909 	DATA 	Keypress: 3
334.8000 	EXP 	text_7: autoDraw = False
334.8000 	EXP 	polygon: autoDraw = True
335.8004 	EXP 	polygon: autoDraw = False
335.8004 	EXP 	polygon: autoDraw = False
335.8004 	EXP 	image: image = './stims/outputs/stim_1_29.png'
335.8004 	EXP 	image: autoDraw = True
336.1503 	EXP 	image: autoDraw = False
336.1503 	EXP 	image: autoDraw = False
336.1503 	EXP 	polygon: autoDraw = True
337.1506 	EXP 	polygon: autoDraw = False
337.1506 	EXP 	polygon: autoDraw = False
337.1506 	EXP 	text_2: autoDraw = True
343.8692 	DATA 	Keypress: 1
343.8831 	EXP 	text_2: autoDraw = False
343.8831 	EXP 	text_7: autoDraw = True
344.6523 	DATA 	Keypress: 2
344.6563 	EXP 	New trial (rep=44, index=0): None
344.6670 	EXP 	text_7: autoDraw = False
344.6670 	EXP 	polygon: autoDraw = True
345.6676 	EXP 	polygon: autoDraw = False
345.6676 	EXP 	polygon: autoDraw = False
345.6676 	EXP 	image: image = './stims/outputs/stim_0_94.png'
345.6676 	EXP 	image: autoDraw = True
345.7179 	EXP 	image: autoDraw = False
345.7179 	EXP 	image: autoDraw = False
345.7179 	EXP 	polygon: autoDraw = True
346.7168 	EXP 	polygon: autoDraw = False
346.7168 	EXP 	polygon: autoDraw = False
346.7168 	EXP 	text_2: autoDraw = True
347.8692 	DATA 	Keypress: 1
347.8830 	EXP 	text_2: autoDraw = False
347.8830 	EXP 	text_7: autoDraw = True
348.9716 	EXP 	New trial (rep=45, index=0): None
348.9757 	DATA 	Keypress: 3
348.9839 	EXP 	text_7: autoDraw = False
348.9839 	EXP 	polygon: autoDraw = True
349.9846 	EXP 	polygon: autoDraw = False
349.9846 	EXP 	polygon: autoDraw = False
349.9846 	EXP 	image: image = './stims/outputs/stim_1_77.png'
349.9846 	EXP 	image: autoDraw = True
350.3172 	EXP 	image: autoDraw = False
350.3172 	EXP 	polygon: autoDraw = True
351.3174 	EXP 	polygon: autoDraw = False
351.3174 	EXP 	text_2: autoDraw = True
351.8193 	DATA 	Keypress: 2
351.8338 	EXP 	text_2: autoDraw = False
351.8338 	EXP 	text_7: autoDraw = True
352.8696 	DATA 	Keypress: 3
352.8741 	EXP 	New trial (rep=46, index=0): None
352.8840 	EXP 	text_7: autoDraw = False
352.8840 	EXP 	polygon: autoDraw = True
353.8842 	EXP 	polygon: autoDraw = False
353.8842 	EXP 	polygon: autoDraw = False
353.8842 	EXP 	image: image = './stims/outputs/stim_1_65.png'
353.8842 	EXP 	image: autoDraw = True
354.1180 	EXP 	image: autoDraw = False
354.1180 	EXP 	polygon: autoDraw = True
355.1174 	EXP 	polygon: autoDraw = False
355.1174 	EXP 	text_2: autoDraw = True
356.9026 	DATA 	Keypress: 2
356.9174 	EXP 	text_2: autoDraw = False
356.9174 	EXP 	text_7: autoDraw = True
357.2524 	DATA 	Keypress: 4
357.2566 	EXP 	New trial (rep=47, index=0): None
357.2675 	EXP 	text_7: autoDraw = False
357.2675 	EXP 	polygon: autoDraw = True
358.2676 	EXP 	polygon: autoDraw = False
358.2676 	EXP 	polygon: autoDraw = False
358.2676 	EXP 	image: image = './stims/outputs/stim_0_36.png'
358.2676 	EXP 	image: autoDraw = True
358.7174 	EXP 	image: autoDraw = False
358.7174 	EXP 	image: autoDraw = False
358.7174 	EXP 	polygon: autoDraw = True
359.7175 	EXP 	polygon: autoDraw = False
359.7175 	EXP 	polygon: autoDraw = False
359.7175 	EXP 	text_2: autoDraw = True
364.9032 	DATA 	Keypress: 1
364.9173 	EXP 	text_2: autoDraw = False
364.9173 	EXP 	text_7: autoDraw = True
365.7861 	DATA 	Keypress: 2
365.7903 	EXP 	New trial (rep=48, index=0): None
365.8013 	EXP 	text_7: autoDraw = False
365.8013 	EXP 	polygon: autoDraw = True
366.8007 	EXP 	polygon: autoDraw = False
366.8007 	EXP 	polygon: autoDraw = False
366.8007 	EXP 	image: image = './stims/outputs/stim_0_98.png'
366.8007 	EXP 	image: autoDraw = True
366.9020 	EXP 	image: autoDraw = False
366.9020 	EXP 	image: autoDraw = False
366.9020 	EXP 	polygon: autoDraw = True
367.9013 	EXP 	polygon: autoDraw = False
367.9013 	EXP 	polygon: autoDraw = False
367.9013 	EXP 	text_2: autoDraw = True
372.2212 	DATA 	Keypress: 2
372.2340 	EXP 	text_2: autoDraw = False
372.2340 	EXP 	text_7: autoDraw = True
373.0037 	DATA 	Keypress: 3
373.0078 	EXP 	New trial (rep=49, index=0): None
373.0177 	EXP 	text_7: autoDraw = False
373.0177 	EXP 	polygon: autoDraw = True
374.0185 	EXP 	polygon: autoDraw = False
374.0185 	EXP 	polygon: autoDraw = False
374.0185 	EXP 	image: image = './stims/outputs/stim_1_58.png'
374.0185 	EXP 	image: autoDraw = True
374.5011 	EXP 	image: autoDraw = False
374.5011 	EXP 	polygon: autoDraw = True
375.5011 	EXP 	polygon: autoDraw = False
375.5011 	EXP 	text_2: autoDraw = True
376.1870 	DATA 	Keypress: 2
376.2015 	EXP 	text_2: autoDraw = False
376.2015 	EXP 	text_7: autoDraw = True
377.5535 	DATA 	Keypress: 3
377.5706 	EXP 	text_7: autoDraw = False
377.5706 	EXP 	text_3: autoDraw = True
379.1036 	DATA 	Keypress: space
379.1179 	EXP 	text_3: autoDraw = False
379.1179 	EXP 	text_3: autoDraw = False
379.1993 	EXP 	window1: mouseVisible = True
