1.0116 	WARNING 	We strongly recommend you activate the PTB sound engine in PsychoPy prefs as the preferred audio engine. Its timing is vastly superior. Your prefs are currently set to use ['sounddevice', 'PTB', 'pyo', 'pygame'] (in that order).
13.4174 	WARNING 	User requested fullscreen with size [1024  768], but screen is actually [1920, 1080]. Using actual size
14.1857 	EXP 	Created window1 = Window(allowGUI=False, allowStencil=False, autoLog=True, backendConf=UNKNOWN, bitsMode=UNKNOWN, blendMode='avg', bpc=(8, 8, 8), color=array([0, 0, 0]), colorSpace='rgb', depthBits=8, fullscr=<method-wrapper '__getattribute__' of attributeSetter object at 0x7f7962dd2ba8>, gamma=None, gammaErrorPolicy='raise', lms=UNKNOWN, monitor=<psychopy.monitors.calibTools.Monitor object at 0x7f796155f940>, multiSample=False, name='window1', numSamples=2, pos=[480.0, 270.0], screen=0, size=array([3840, 2160]), stencilBits=0, stereo=False, units='height', useFBO=True, useRetina=True, viewOri=0.0, viewPos=None, viewScale=None, waitBlanking=True, winType='pyglet')
14.1859 	EXP 	window1: mouseVisible = True
14.1860 	EXP 	window1: recordFrameIntervals = False
14.3525 	EXP 	window1: recordFrameIntervals = True
14.5358 	EXP 	window1: recordFrameIntervals = False
15.3897 	EXP 	Created text = TextStim(__class__=<class 'psychopy.visual.text.TextStim'>, alignHoriz=method-wrapper(...), alignText='center', alignVert=method-wrapper(...), anchorHoriz='center', anchorVert='center', antialias=True, autoLog=True, bold=False, color=array([1., 1., 1.]), colorSpace='rgb', contrast=1.0, depth=0.0, flipHoriz=False, flipVert=False, font='Open Sans', fontFiles=[], height=0.04, italic=False, languageStyle='LTR', name='text', opacity=1, ori=0.0, pos=array([0., 0.]), rgb=UNKNOWN, text=str(...), units='height', win=Window(...), wrapWidth=1)
15.3938 	EXP 	Created polygon = ShapeStim(__class__=<class 'psychopy.visual.shape.ShapeStim'>, autoDraw=False, autoLog=True, closeShape=True, color=method-wrapper(...), colorSpace='rgb', contrast=None, depth=0.0, fillColor=array([1, 1, 1]), fillColorSpace='rgb', fillRGB=array([1, 1, 1]), interpolate=True, lineColor=array([1., 1., 1.]), lineColorSpace='rgb', lineRGB=array([1, 1, 1]), lineWidth=1.0, name='polygon', opacity=1, ori=0.0, pos=array([0., 0.]), size=array([0.075, 0.075]), units='height', vertices=ndarray(...), win=Window(...), windingRule=None)
15.3996 	EXP 	Created image_2 = ImageStim(__class__=<class 'psychopy.visual.image.ImageStim'>, autoLog=True, color=array([1., 1., 1.]), colorSpace='rgb', contrast=1.0, depth=0.0, flipHoriz=False, flipVert=False, image='sin', interpolate=True, mask=None, maskParams=None, name='image_2', opacity=1, ori=0.0, pos=array([0., 0.]), size=array([1.  , 0.75]), texRes=128.0, units='height', win=Window(...))
15.4011 	EXP 	Created polygon = ShapeStim(__class__=<class 'psychopy.visual.shape.ShapeStim'>, autoDraw=False, autoLog=True, closeShape=True, color=method-wrapper(...), colorSpace='rgb', contrast=None, depth=0.0, fillColor=array([1, 1, 1]), fillColorSpace='rgb', fillRGB=array([1, 1, 1]), interpolate=True, lineColor=array([1., 1., 1.]), lineColorSpace='rgb', lineRGB=array([1, 1, 1]), lineWidth=1.0, name='polygon', opacity=1, ori=0.0, pos=array([0., 0.]), size=array([0.075, 0.075]), units='height', vertices=ndarray(...), win=Window(...), windingRule=None)
15.4146 	EXP 	Created text_5 = TextStim(__class__=<class 'psychopy.visual.text.TextStim'>, alignHoriz=method-wrapper(...), alignText='center', alignVert=method-wrapper(...), anchorHoriz='center', anchorVert='center', antialias=True, autoLog=True, bold=False, color=array([1., 1., 1.]), colorSpace='rgb', contrast=1.0, depth=0.0, flipHoriz=False, flipVert=False, font='Open Sans', fontFiles=[], height=0.1, italic=False, languageStyle='LTR', name='text_5', opacity=1, ori=0.0, pos=array([0., 0.]), rgb=UNKNOWN, text=str(...), units='height', win=Window(...), wrapWidth=1)
15.4295 	EXP 	Created text_6 = TextStim(__class__=<class 'psychopy.visual.text.TextStim'>, alignHoriz=method-wrapper(...), alignText='center', alignVert=method-wrapper(...), anchorHoriz='center', anchorVert='center', antialias=True, autoLog=True, bold=False, color=array([1., 1., 1.]), colorSpace='rgb', contrast=1.0, depth=0.0, flipHoriz=False, flipVert=False, font='Open Sans', fontFiles=[], height=0.09, italic=False, languageStyle='LTR', name='text_6', opacity=1, ori=0.0, pos=array([0., 0.]), rgb=UNKNOWN, text=str(...), units='height', win=Window(...), wrapWidth=1)
15.4461 	EXP 	Created text_4 = TextStim(__class__=<class 'psychopy.visual.text.TextStim'>, alignHoriz=method-wrapper(...), alignText='center', alignVert=method-wrapper(...), anchorHoriz='center', anchorVert='center', antialias=True, autoLog=True, bold=False, color=array([1., 1., 1.]), colorSpace='rgb', contrast=1.0, depth=0.0, flipHoriz=False, flipVert=False, font='Open Sans', fontFiles=[], height=0.075, italic=False, languageStyle='LTR', name='text_4', opacity=1, ori=0.0, pos=array([0., 0.]), rgb=UNKNOWN, text=str(...), units='height', win=Window(...), wrapWidth=1)
15.4477 	EXP 	Created polygon = ShapeStim(__class__=<class 'psychopy.visual.shape.ShapeStim'>, autoDraw=False, autoLog=True, closeShape=True, color=method-wrapper(...), colorSpace='rgb', contrast=None, depth=0.0, fillColor=array([1, 1, 1]), fillColorSpace='rgb', fillRGB=array([1, 1, 1]), interpolate=True, lineColor=array([1., 1., 1.]), lineColorSpace='rgb', lineRGB=array([1, 1, 1]), lineWidth=1.0, name='polygon', opacity=1, ori=0.0, pos=array([0., 0.]), size=array([0.075, 0.075]), units='height', vertices=ndarray(...), win=Window(...), windingRule=None)
15.4512 	EXP 	Created image = ImageStim(__class__=<class 'psychopy.visual.image.ImageStim'>, autoLog=True, color=array([1., 1., 1.]), colorSpace='rgb', contrast=1.0, depth=0.0, flipHoriz=False, flipVert=False, image='sin', interpolate=True, mask=None, maskParams=None, name='image', opacity=1, ori=0.0, pos=array([0., 0.]), size=array([1.  , 0.75]), texRes=200.0, units='height', win=Window(...))
15.4536 	EXP 	Created polygon = ShapeStim(__class__=<class 'psychopy.visual.shape.ShapeStim'>, autoDraw=False, autoLog=True, closeShape=True, color=method-wrapper(...), colorSpace='rgb', contrast=None, depth=0.0, fillColor=array([1, 1, 1]), fillColorSpace='rgb', fillRGB=array([1, 1, 1]), interpolate=True, lineColor=array([1., 1., 1.]), lineColorSpace='rgb', lineRGB=array([1, 1, 1]), lineWidth=1.0, name='polygon', opacity=1, ori=0.0, pos=array([0., 0.]), size=array([0.075, 0.075]), units='height', vertices=ndarray(...), win=Window(...), windingRule=None)
15.6340 	EXP 	Created text_2 = TextStim(__class__=<class 'psychopy.visual.text.TextStim'>, alignHoriz=method-wrapper(...), alignText='center', alignVert=method-wrapper(...), anchorHoriz='center', anchorVert='center', antialias=True, autoLog=True, bold=False, color=array([1., 1., 1.]), colorSpace='rgb', contrast=1.0, depth=-1.0, flipHoriz=False, flipVert=False, font='Open Sans', fontFiles=[], height=0.1, italic=False, languageStyle='LTR', name='text_2', opacity=1, ori=0.0, pos=array([0., 0.]), rgb=UNKNOWN, text=str(...), units='height', win=Window(...), wrapWidth=1)
15.8175 	EXP 	Created text_7 = TextStim(__class__=<class 'psychopy.visual.text.TextStim'>, alignHoriz=method-wrapper(...), alignText='center', alignVert=method-wrapper(...), anchorHoriz='center', anchorVert='center', antialias=True, autoLog=True, bold=False, color=array([1., 1., 1.]), colorSpace='rgb', contrast=1.0, depth=-1.0, flipHoriz=False, flipVert=False, font='Open Sans', fontFiles=[], height=0.09, italic=False, languageStyle='LTR', name='text_7', opacity=1, ori=0.0, pos=array([0., 0.]), rgb=UNKNOWN, text=str(...), units='height', win=Window(...), wrapWidth=1)
15.8264 	EXP 	Created text_3 = TextStim(__class__=<class 'psychopy.visual.text.TextStim'>, alignHoriz=method-wrapper(...), alignText='center', alignVert=method-wrapper(...), anchorHoriz='center', anchorVert='center', antialias=True, autoLog=True, bold=False, color=array([1., 1., 1.]), colorSpace='rgb', contrast=1.0, depth=0.0, flipHoriz=False, flipVert=False, font='Open Sans', fontFiles=[], height=0.1, italic=False, languageStyle='LTR', name='text_3', opacity=1, ori=0.0, pos=array([0., 0.]), rgb=UNKNOWN, text=str(...), units='height', win=Window(...), wrapWidth=1)
15.8405 	EXP 	text: autoDraw = True
66.9774 	DATA 	Keypress: space
66.9837 	EXP 	Created sequence: random, trialTypes=1, nReps=3, seed=None
66.9841 	EXP 	New trial (rep=0, index=0): None
66.9937 	EXP 	text: autoDraw = False
66.9937 	EXP 	text: autoDraw = False
66.9937 	EXP 	polygon: autoDraw = True
68.0308 	EXP 	polygon: autoDraw = False
68.0308 	EXP 	image_2: image = './stims/outputs/stim_0_98.png'
68.0308 	EXP 	image_2: autoDraw = True
69.0032 	EXP 	image_2: autoDraw = False
69.0032 	EXP 	polygon: autoDraw = True
70.0034 	EXP 	polygon: autoDraw = False
70.0034 	EXP 	text_5: autoDraw = True
70.8557 	DATA 	Keypress: 1
70.8703 	EXP 	text_5: autoDraw = False
70.8703 	EXP 	text_5: autoDraw = False
70.8703 	EXP 	text_6: autoDraw = True
73.5221 	DATA 	Keypress: 2
73.5238 	EXP 	New trial (rep=1, index=0): None
73.5367 	EXP 	text_6: autoDraw = False
73.5367 	EXP 	text_6: autoDraw = False
73.5367 	EXP 	polygon: autoDraw = True
74.5392 	EXP 	polygon: autoDraw = False
74.5392 	EXP 	polygon: autoDraw = False
74.5392 	EXP 	image_2: image = './stims/outputs/stim_1_69.png'
74.5392 	EXP 	image_2: autoDraw = True
75.5531 	EXP 	image_2: autoDraw = False
75.5531 	EXP 	polygon: autoDraw = True
76.5532 	EXP 	polygon: autoDraw = False
76.5532 	EXP 	text_5: autoDraw = True
76.8026 	DATA 	Keypress: 2
76.8196 	EXP 	text_5: autoDraw = False
76.8196 	EXP 	text_5: autoDraw = False
76.8196 	EXP 	text_6: autoDraw = True
77.7556 	DATA 	Keypress: 4
77.7571 	EXP 	New trial (rep=2, index=0): None
77.7697 	EXP 	text_6: autoDraw = False
77.7697 	EXP 	text_6: autoDraw = False
77.7697 	EXP 	polygon: autoDraw = True
78.7719 	EXP 	polygon: autoDraw = False
78.7719 	EXP 	polygon: autoDraw = False
78.7719 	EXP 	image_2: image = './stims/outputs/stim_0_0.png'
78.7719 	EXP 	image_2: autoDraw = True
79.7870 	EXP 	image_2: autoDraw = False
79.7870 	EXP 	polygon: autoDraw = True
80.7869 	EXP 	polygon: autoDraw = False
80.7869 	EXP 	text_5: autoDraw = True
81.2892 	DATA 	Keypress: 1
81.3035 	EXP 	text_5: autoDraw = False
81.3035 	EXP 	text_5: autoDraw = False
81.3035 	EXP 	text_6: autoDraw = True
81.8392 	DATA 	Keypress: 5
81.8535 	EXP 	text_6: autoDraw = False
81.8535 	EXP 	text_6: autoDraw = False
81.8535 	EXP 	text_4: autoDraw = True
88.7226 	DATA 	Keypress: space
88.7240 	EXP 	Created sequence: sequential, trialTypes=1, nReps=50, seed=None
88.7249 	EXP 	New trial (rep=0, index=0): None
88.7372 	EXP 	text_4: autoDraw = False
88.7372 	EXP 	text_4: autoDraw = False
88.7372 	EXP 	polygon: autoDraw = True
89.7412 	EXP 	polygon: autoDraw = False
89.7412 	EXP 	polygon: autoDraw = False
89.7412 	EXP 	image: image = './stims/outputs/stim_0_69.png'
89.7412 	EXP 	image: autoDraw = True
90.0704 	EXP 	image: autoDraw = False
90.0704 	EXP 	polygon: autoDraw = True
91.0702 	EXP 	polygon: autoDraw = False
91.0702 	EXP 	text_2: autoDraw = True
92.3060 	DATA 	Keypress: 1
92.3211 	EXP 	text_2: autoDraw = False
92.3211 	EXP 	text_7: autoDraw = True
93.8725 	DATA 	Keypress: 4
93.8772 	EXP 	New trial (rep=1, index=0): None
93.8874 	EXP 	text_7: autoDraw = False
93.8874 	EXP 	polygon: autoDraw = True
94.8889 	EXP 	polygon: autoDraw = False
94.8889 	EXP 	polygon: autoDraw = False
94.8889 	EXP 	image: image = './stims/outputs/stim_1_30.png'
94.8889 	EXP 	image: autoDraw = True
95.2705 	EXP 	image: autoDraw = False
95.2705 	EXP 	polygon: autoDraw = True
96.2705 	EXP 	polygon: autoDraw = False
96.2705 	EXP 	text_2: autoDraw = True
97.9227 	DATA 	Keypress: 2
97.9370 	EXP 	text_2: autoDraw = False
97.9370 	EXP 	text_7: autoDraw = True
98.9083 	EXP 	New trial (rep=2, index=0): None
98.9124 	DATA 	Keypress: 1
98.9199 	EXP 	text_7: autoDraw = False
98.9199 	EXP 	polygon: autoDraw = True
99.9230 	EXP 	polygon: autoDraw = False
99.9230 	EXP 	polygon: autoDraw = False
99.9230 	EXP 	image: image = './stims/outputs/stim_1_89.png'
99.9230 	EXP 	image: autoDraw = True
100.3541 	EXP 	image: autoDraw = False
100.3541 	EXP 	polygon: autoDraw = True
101.3431 	DATA 	Keypress: 2
101.3539 	EXP 	polygon: autoDraw = False
101.3539 	EXP 	text_2: autoDraw = True
103.5561 	DATA 	Keypress: 2
103.5708 	EXP 	text_2: autoDraw = False
103.5708 	EXP 	text_7: autoDraw = True
105.0082 	EXP 	New trial (rep=3, index=0): None
105.0123 	DATA 	Keypress: 3
105.0200 	EXP 	text_7: autoDraw = False
105.0200 	EXP 	polygon: autoDraw = True
106.0227 	EXP 	polygon: autoDraw = False
106.0227 	EXP 	polygon: autoDraw = False
106.0227 	EXP 	image: image = './stims/outputs/stim_1_69.png'
106.0227 	EXP 	image: autoDraw = True
106.0881 	EXP 	image: autoDraw = False
106.0881 	EXP 	polygon: autoDraw = True
107.0872 	EXP 	polygon: autoDraw = False
107.0872 	EXP 	text_2: autoDraw = True
110.9064 	DATA 	Keypress: 1
110.9203 	EXP 	text_2: autoDraw = False
110.9203 	EXP 	text_7: autoDraw = True
111.3063 	DATA 	Keypress: 1
111.3105 	EXP 	New trial (rep=4, index=0): None
111.3197 	EXP 	text_7: autoDraw = False
111.3197 	EXP 	polygon: autoDraw = True
112.3224 	EXP 	polygon: autoDraw = False
112.3224 	EXP 	polygon: autoDraw = False
112.3224 	EXP 	image: image = './stims/outputs/stim_1_39.png'
112.3224 	EXP 	image: autoDraw = True
112.7043 	EXP 	image: autoDraw = False
112.7043 	EXP 	polygon: autoDraw = True
113.7041 	EXP 	polygon: autoDraw = False
113.7041 	EXP 	text_2: autoDraw = True
114.4771 	DATA 	Keypress: 2
114.4881 	EXP 	text_2: autoDraw = False
114.4881 	EXP 	text_7: autoDraw = True
116.9731 	DATA 	Keypress: 4
116.9773 	EXP 	New trial (rep=5, index=0): None
116.9877 	EXP 	text_7: autoDraw = False
116.9877 	EXP 	polygon: autoDraw = True
117.9890 	EXP 	polygon: autoDraw = False
117.9890 	EXP 	polygon: autoDraw = False
117.9890 	EXP 	image: image = './stims/outputs/stim_1_2.png'
117.9890 	EXP 	image: autoDraw = True
118.1546 	EXP 	image: autoDraw = False
118.1546 	EXP 	polygon: autoDraw = True
119.1544 	EXP 	polygon: autoDraw = False
119.1544 	EXP 	text_2: autoDraw = True
120.8901 	DATA 	Keypress: 1
120.9049 	EXP 	text_2: autoDraw = False
120.9049 	EXP 	text_7: autoDraw = True
121.6416 	EXP 	New trial (rep=6, index=0): None
121.6457 	DATA 	Keypress: 1
121.6549 	EXP 	text_7: autoDraw = False
121.6549 	EXP 	polygon: autoDraw = True
122.6562 	EXP 	polygon: autoDraw = False
122.6562 	EXP 	polygon: autoDraw = False
122.6562 	EXP 	image: image = './stims/outputs/stim_1_82.png'
122.6562 	EXP 	image: autoDraw = True
123.0711 	EXP 	image: autoDraw = False
123.0711 	EXP 	polygon: autoDraw = True
124.0709 	EXP 	polygon: autoDraw = False
124.0709 	EXP 	text_2: autoDraw = True
124.5570 	DATA 	Keypress: 1
124.5709 	EXP 	text_2: autoDraw = False
124.5709 	EXP 	text_7: autoDraw = True
125.5253 	EXP 	New trial (rep=7, index=0): None
125.5296 	DATA 	Keypress: 3
125.5382 	EXP 	text_7: autoDraw = False
125.5382 	EXP 	polygon: autoDraw = True
126.5401 	EXP 	polygon: autoDraw = False
126.5401 	EXP 	polygon: autoDraw = False
126.5401 	EXP 	image: image = './stims/outputs/stim_1_10.png'
126.5401 	EXP 	image: autoDraw = True
126.6047 	EXP 	image: autoDraw = False
126.6047 	EXP 	polygon: autoDraw = True
127.6043 	EXP 	polygon: autoDraw = False
127.6043 	EXP 	text_2: autoDraw = True
135.3069 	DATA 	Keypress: 1
135.3206 	EXP 	text_2: autoDraw = False
135.3206 	EXP 	text_7: autoDraw = True
136.6068 	DATA 	Keypress: 4
136.6110 	EXP 	New trial (rep=8, index=0): None
136.6213 	EXP 	text_7: autoDraw = False
136.6213 	EXP 	polygon: autoDraw = True
137.6360 	EXP 	polygon: autoDraw = False
137.6360 	EXP 	polygon: autoDraw = False
137.6360 	EXP 	image: image = './stims/outputs/stim_0_98.png'
137.6360 	EXP 	image: autoDraw = True
137.9885 	EXP 	image: autoDraw = False
137.9885 	EXP 	polygon: autoDraw = True
138.9879 	EXP 	polygon: autoDraw = False
138.9879 	EXP 	text_2: autoDraw = True
139.4070 	DATA 	Keypress: 1
139.4218 	EXP 	text_2: autoDraw = False
139.4218 	EXP 	text_7: autoDraw = True
140.0232 	DATA 	Keypress: 5
140.0273 	EXP 	New trial (rep=9, index=0): None
140.0378 	EXP 	text_7: autoDraw = False
140.0378 	EXP 	polygon: autoDraw = True
141.0403 	EXP 	polygon: autoDraw = False
141.0403 	EXP 	polygon: autoDraw = False
141.0403 	EXP 	image: image = './stims/outputs/stim_0_17.png'
141.0403 	EXP 	image: autoDraw = True
141.4549 	EXP 	image: autoDraw = False
141.4549 	EXP 	polygon: autoDraw = True
142.4546 	EXP 	polygon: autoDraw = False
142.4546 	EXP 	text_2: autoDraw = True
142.9237 	DATA 	Keypress: 1
142.9377 	EXP 	text_2: autoDraw = False
142.9377 	EXP 	text_7: autoDraw = True
145.5734 	DATA 	Keypress: 5
145.5775 	EXP 	New trial (rep=10, index=0): None
145.5883 	EXP 	text_7: autoDraw = False
145.5883 	EXP 	polygon: autoDraw = True
146.6028 	EXP 	polygon: autoDraw = False
146.6028 	EXP 	polygon: autoDraw = False
146.6028 	EXP 	image: image = './stims/outputs/stim_1_71.png'
146.6028 	EXP 	image: autoDraw = True
146.9051 	EXP 	image: autoDraw = False
146.9051 	EXP 	polygon: autoDraw = True
147.9048 	EXP 	polygon: autoDraw = False
147.9048 	EXP 	text_2: autoDraw = True
149.5600 	DATA 	Keypress: 2
149.5716 	EXP 	text_2: autoDraw = False
149.5716 	EXP 	text_7: autoDraw = True
150.7586 	EXP 	New trial (rep=11, index=0): None
150.7626 	DATA 	Keypress: 4
150.7716 	EXP 	text_7: autoDraw = False
150.7716 	EXP 	polygon: autoDraw = True
151.7736 	EXP 	polygon: autoDraw = False
151.7736 	EXP 	polygon: autoDraw = False
151.7736 	EXP 	image: image = './stims/outputs/stim_1_60.png'
151.7736 	EXP 	image: autoDraw = True
151.9548 	EXP 	image: autoDraw = False
151.9548 	EXP 	polygon: autoDraw = True
152.9546 	EXP 	polygon: autoDraw = False
152.9546 	EXP 	text_2: autoDraw = True
153.4737 	DATA 	Keypress: 1
153.4884 	EXP 	text_2: autoDraw = False
153.4884 	EXP 	text_7: autoDraw = True
154.2907 	DATA 	Keypress: 3
154.2948 	EXP 	New trial (rep=12, index=0): None
154.3052 	EXP 	text_7: autoDraw = False
154.3052 	EXP 	text_7: autoDraw = False
154.3052 	EXP 	polygon: autoDraw = True
155.3074 	EXP 	polygon: autoDraw = False
155.3074 	EXP 	polygon: autoDraw = False
155.3074 	EXP 	image: image = './stims/outputs/stim_0_40.png'
155.3074 	EXP 	image: autoDraw = True
155.4385 	EXP 	image: autoDraw = False
155.4385 	EXP 	polygon: autoDraw = True
156.4381 	EXP 	polygon: autoDraw = False
156.4381 	EXP 	text_2: autoDraw = True
156.8243 	DATA 	Keypress: 1
156.8384 	EXP 	text_2: autoDraw = False
156.8384 	EXP 	text_7: autoDraw = True
157.7236 	DATA 	Keypress: 5
157.7277 	EXP 	New trial (rep=13, index=0): None
157.7383 	EXP 	text_7: autoDraw = False
157.7383 	EXP 	polygon: autoDraw = True
158.7407 	EXP 	polygon: autoDraw = False
158.7407 	EXP 	polygon: autoDraw = False
158.7407 	EXP 	image: image = './stims/outputs/stim_0_21.png'
158.7407 	EXP 	image: autoDraw = True
158.8223 	EXP 	image: autoDraw = False
158.8223 	EXP 	polygon: autoDraw = True
159.8215 	EXP 	polygon: autoDraw = False
159.8215 	EXP 	text_2: autoDraw = True
160.2575 	DATA 	Keypress: 1
160.2712 	EXP 	text_2: autoDraw = False
160.2712 	EXP 	text_7: autoDraw = True
160.8423 	EXP 	New trial (rep=14, index=0): None
160.8462 	DATA 	Keypress: 5
160.8553 	EXP 	text_7: autoDraw = False
160.8553 	EXP 	polygon: autoDraw = True
161.8698 	EXP 	polygon: autoDraw = False
161.8698 	EXP 	polygon: autoDraw = False
161.8698 	EXP 	image: image = './stims/outputs/stim_1_0.png'
161.8698 	EXP 	image: autoDraw = True
162.0385 	EXP 	image: autoDraw = False
162.0385 	EXP 	polygon: autoDraw = True
163.0381 	EXP 	polygon: autoDraw = False
163.0381 	EXP 	text_2: autoDraw = True
163.4237 	DATA 	Keypress: 1
163.4387 	EXP 	text_2: autoDraw = False
163.4387 	EXP 	text_7: autoDraw = True
164.0077 	DATA 	Keypress: 5
164.0116 	EXP 	New trial (rep=15, index=0): None
164.0220 	EXP 	text_7: autoDraw = False
164.0220 	EXP 	text_7: autoDraw = False
164.0220 	EXP 	polygon: autoDraw = True
165.0241 	EXP 	polygon: autoDraw = False
165.0241 	EXP 	polygon: autoDraw = False
165.0241 	EXP 	image: image = './stims/outputs/stim_1_82.png'
165.0241 	EXP 	image: autoDraw = True
165.0556 	EXP 	image: autoDraw = False
165.0556 	EXP 	polygon: autoDraw = True
166.0551 	EXP 	polygon: autoDraw = False
166.0551 	EXP 	text_2: autoDraw = True
167.0908 	DATA 	Keypress: 1
167.1053 	EXP 	text_2: autoDraw = False
167.1053 	EXP 	text_2: autoDraw = False
167.1053 	EXP 	text_7: autoDraw = True
167.7239 	DATA 	Keypress: 1
167.7281 	EXP 	New trial (rep=16, index=0): None
167.7389 	EXP 	text_7: autoDraw = False
167.7389 	EXP 	polygon: autoDraw = True
168.7557 	EXP 	polygon: autoDraw = False
168.7557 	EXP 	polygon: autoDraw = False
168.7557 	EXP 	image: image = './stims/outputs/stim_0_78.png'
168.7557 	EXP 	image: autoDraw = True
168.9557 	EXP 	image: autoDraw = False
168.9557 	EXP 	polygon: autoDraw = True
169.9555 	EXP 	polygon: autoDraw = False
169.9555 	EXP 	text_2: autoDraw = True
170.2908 	DATA 	Keypress: 1
170.3058 	EXP 	text_2: autoDraw = False
170.3058 	EXP 	text_7: autoDraw = True
171.3910 	DATA 	Keypress: 5
171.3945 	EXP 	New trial (rep=17, index=0): None
171.4052 	EXP 	text_7: autoDraw = False
171.4052 	EXP 	polygon: autoDraw = True
172.4078 	EXP 	polygon: autoDraw = False
172.4078 	EXP 	polygon: autoDraw = False
172.4078 	EXP 	image: image = './stims/outputs/stim_0_98.png'
172.4078 	EXP 	image: autoDraw = True
172.7896 	EXP 	image: autoDraw = False
172.7896 	EXP 	polygon: autoDraw = True
173.7886 	EXP 	polygon: autoDraw = False
173.7886 	EXP 	text_2: autoDraw = True
174.1915 	DATA 	Keypress: 1
174.2056 	EXP 	text_2: autoDraw = False
174.2056 	EXP 	text_7: autoDraw = True
175.0748 	DATA 	Keypress: 5
175.0789 	EXP 	New trial (rep=18, index=0): None
175.0893 	EXP 	text_7: autoDraw = False
175.0893 	EXP 	text_7: autoDraw = False
175.0893 	EXP 	polygon: autoDraw = True
176.0910 	EXP 	polygon: autoDraw = False
176.0910 	EXP 	polygon: autoDraw = False
176.0910 	EXP 	image: image = './stims/outputs/stim_1_65.png'
176.0910 	EXP 	image: autoDraw = True
176.2724 	EXP 	image: autoDraw = False
176.2724 	EXP 	polygon: autoDraw = True
177.2718 	EXP 	polygon: autoDraw = False
177.2718 	EXP 	text_2: autoDraw = True
177.9409 	DATA 	Keypress: 2
177.9557 	EXP 	text_2: autoDraw = False
177.9557 	EXP 	text_7: autoDraw = True
178.6412 	DATA 	Keypress: 4
178.6453 	EXP 	New trial (rep=19, index=0): None
178.6555 	EXP 	text_7: autoDraw = False
178.6555 	EXP 	polygon: autoDraw = True
179.6569 	EXP 	polygon: autoDraw = False
179.6569 	EXP 	polygon: autoDraw = False
179.6569 	EXP 	image: image = './stims/outputs/stim_0_71.png'
179.6569 	EXP 	image: autoDraw = True
179.7557 	EXP 	image: autoDraw = False
179.7557 	EXP 	image: autoDraw = False
179.7557 	EXP 	polygon: autoDraw = True
180.7555 	EXP 	polygon: autoDraw = False
180.7555 	EXP 	polygon: autoDraw = False
180.7555 	EXP 	text_2: autoDraw = True
181.2448 	DATA 	Keypress: 1
181.2554 	EXP 	text_2: autoDraw = False
181.2554 	EXP 	text_7: autoDraw = True
181.8594 	EXP 	New trial (rep=20, index=0): None
181.8634 	DATA 	Keypress: 3
181.8724 	EXP 	text_7: autoDraw = False
181.8724 	EXP 	polygon: autoDraw = True
182.8732 	EXP 	polygon: autoDraw = False
182.8732 	EXP 	polygon: autoDraw = False
182.8732 	EXP 	image: image = './stims/outputs/stim_1_67.png'
182.8732 	EXP 	image: autoDraw = True
183.3556 	EXP 	image: autoDraw = False
183.3556 	EXP 	polygon: autoDraw = True
184.3553 	EXP 	polygon: autoDraw = False
184.3553 	EXP 	text_2: autoDraw = True
187.2914 	DATA 	Keypress: 1
187.3051 	EXP 	text_2: autoDraw = False
187.3051 	EXP 	text_7: autoDraw = True
187.9428 	EXP 	New trial (rep=21, index=0): None
187.9470 	DATA 	Keypress: 4
187.9560 	EXP 	text_7: autoDraw = False
187.9560 	EXP 	polygon: autoDraw = True
188.9575 	EXP 	polygon: autoDraw = False
188.9575 	EXP 	polygon: autoDraw = False
188.9575 	EXP 	image: image = './stims/outputs/stim_1_48.png'
188.9575 	EXP 	image: autoDraw = True
189.3724 	EXP 	image: autoDraw = False
189.3724 	EXP 	polygon: autoDraw = True
190.3721 	EXP 	polygon: autoDraw = False
190.3721 	EXP 	text_2: autoDraw = True
191.0746 	DATA 	Keypress: 2
191.0886 	EXP 	text_2: autoDraw = False
191.0886 	EXP 	text_7: autoDraw = True
194.0914 	DATA 	Keypress: 5
194.0956 	EXP 	New trial (rep=22, index=0): None
194.1057 	EXP 	text_7: autoDraw = False
194.1057 	EXP 	polygon: autoDraw = True
195.1076 	EXP 	polygon: autoDraw = False
195.1076 	EXP 	polygon: autoDraw = False
195.1076 	EXP 	image: image = './stims/outputs/stim_0_70.png'
195.1076 	EXP 	image: autoDraw = True
195.1394 	EXP 	image: autoDraw = False
195.1394 	EXP 	polygon: autoDraw = True
196.1389 	EXP 	polygon: autoDraw = False
196.1389 	EXP 	text_2: autoDraw = True
201.8081 	DATA 	Keypress: 1
201.8231 	EXP 	text_2: autoDraw = False
201.8231 	EXP 	text_7: autoDraw = True
203.1078 	DATA 	Keypress: 3
203.1119 	EXP 	New trial (rep=23, index=0): None
203.1227 	EXP 	text_7: autoDraw = False
203.1227 	EXP 	polygon: autoDraw = True
204.1243 	EXP 	polygon: autoDraw = False
204.1243 	EXP 	polygon: autoDraw = False
204.1243 	EXP 	image: image = './stims/outputs/stim_1_49.png'
204.1243 	EXP 	image: autoDraw = True
204.2891 	EXP 	image: autoDraw = False
204.2891 	EXP 	polygon: autoDraw = True
205.2895 	EXP 	polygon: autoDraw = False
205.2895 	EXP 	text_2: autoDraw = True
205.8583 	DATA 	Keypress: 2
205.8721 	EXP 	text_2: autoDraw = False
205.8721 	EXP 	text_7: autoDraw = True
207.0917 	DATA 	Keypress: 5
207.0958 	EXP 	New trial (rep=24, index=0): None
207.1062 	EXP 	text_7: autoDraw = False
207.1062 	EXP 	polygon: autoDraw = True
208.1078 	EXP 	polygon: autoDraw = False
208.1078 	EXP 	polygon: autoDraw = False
208.1078 	EXP 	image: image = './stims/outputs/stim_1_79.png'
208.1078 	EXP 	image: autoDraw = True
208.2728 	EXP 	image: autoDraw = False
208.2728 	EXP 	polygon: autoDraw = True
209.2726 	EXP 	polygon: autoDraw = False
209.2726 	EXP 	text_2: autoDraw = True
210.7946 	DATA 	Keypress: 2
210.8064 	EXP 	text_2: autoDraw = False
210.8064 	EXP 	text_7: autoDraw = True
211.4267 	EXP 	New trial (rep=25, index=0): None
211.4307 	DATA 	Keypress: 4
211.4394 	EXP 	text_7: autoDraw = False
211.4394 	EXP 	polygon: autoDraw = True
212.4416 	EXP 	polygon: autoDraw = False
212.4416 	EXP 	polygon: autoDraw = False
212.4416 	EXP 	image: image = './stims/outputs/stim_1_91.png'
212.4416 	EXP 	image: autoDraw = True
212.5731 	EXP 	image: autoDraw = False
212.5731 	EXP 	polygon: autoDraw = True
213.5726 	EXP 	polygon: autoDraw = False
213.5726 	EXP 	text_2: autoDraw = True
214.1418 	DATA 	Keypress: 1
214.1556 	EXP 	text_2: autoDraw = False
214.1556 	EXP 	text_7: autoDraw = True
214.8913 	DATA 	Keypress: 4
214.8955 	EXP 	New trial (rep=26, index=0): None
214.9059 	EXP 	text_7: autoDraw = False
214.9059 	EXP 	polygon: autoDraw = True
215.9081 	EXP 	polygon: autoDraw = False
215.9081 	EXP 	polygon: autoDraw = False
215.9081 	EXP 	image: image = './stims/outputs/stim_1_35.png'
215.9081 	EXP 	image: autoDraw = True
216.1730 	EXP 	image: autoDraw = False
216.1730 	EXP 	polygon: autoDraw = True
217.1729 	EXP 	polygon: autoDraw = False
217.1729 	EXP 	text_2: autoDraw = True
217.6919 	DATA 	Keypress: 1
217.7067 	EXP 	text_2: autoDraw = False
217.7067 	EXP 	text_7: autoDraw = True
218.1921 	DATA 	Keypress: 5
218.1962 	EXP 	New trial (rep=27, index=0): None
218.2067 	EXP 	text_7: autoDraw = False
218.2067 	EXP 	polygon: autoDraw = True
219.2082 	EXP 	polygon: autoDraw = False
219.2082 	EXP 	polygon: autoDraw = False
219.2082 	EXP 	image: image = './stims/outputs/stim_0_75.png'
219.2082 	EXP 	image: autoDraw = True
219.4896 	EXP 	image: autoDraw = False
219.4896 	EXP 	polygon: autoDraw = True
220.4896 	EXP 	polygon: autoDraw = False
220.4896 	EXP 	text_2: autoDraw = True
220.8754 	DATA 	Keypress: 1
220.8895 	EXP 	text_2: autoDraw = False
220.8895 	EXP 	text_7: autoDraw = True
221.3918 	DATA 	Keypress: 4
221.3960 	EXP 	New trial (rep=28, index=0): None
221.4064 	EXP 	text_7: autoDraw = False
221.4064 	EXP 	polygon: autoDraw = True
222.4073 	EXP 	polygon: autoDraw = False
222.4073 	EXP 	polygon: autoDraw = False
222.4073 	EXP 	image: image = './stims/outputs/stim_1_37.png'
222.4073 	EXP 	image: autoDraw = True
222.5398 	EXP 	image: autoDraw = False
222.5398 	EXP 	polygon: autoDraw = True
223.5395 	EXP 	polygon: autoDraw = False
223.5395 	EXP 	text_2: autoDraw = True
223.8250 	DATA 	Keypress: 2
223.8398 	EXP 	text_2: autoDraw = False
223.8398 	EXP 	text_7: autoDraw = True
224.3421 	DATA 	Keypress: 5
224.3462 	EXP 	New trial (rep=29, index=0): None
224.3564 	EXP 	text_7: autoDraw = False
224.3564 	EXP 	polygon: autoDraw = True
225.3579 	EXP 	polygon: autoDraw = False
225.3579 	EXP 	polygon: autoDraw = False
225.3579 	EXP 	image: image = './stims/outputs/stim_0_95.png'
225.3579 	EXP 	image: autoDraw = True
225.4897 	EXP 	image: autoDraw = False
225.4897 	EXP 	polygon: autoDraw = True
226.4896 	EXP 	polygon: autoDraw = False
226.4896 	EXP 	text_2: autoDraw = True
227.5421 	DATA 	Keypress: 2
227.5561 	EXP 	text_2: autoDraw = False
227.5561 	EXP 	text_7: autoDraw = True
228.2920 	DATA 	Keypress: 5
228.2962 	EXP 	New trial (rep=30, index=0): None
228.3064 	EXP 	text_7: autoDraw = False
228.3064 	EXP 	polygon: autoDraw = True
229.3079 	EXP 	polygon: autoDraw = False
229.3079 	EXP 	polygon: autoDraw = False
229.3079 	EXP 	image: image = './stims/outputs/stim_0_31.png'
229.3079 	EXP 	image: autoDraw = True
229.6565 	EXP 	image: autoDraw = False
229.6565 	EXP 	image: autoDraw = False
229.6565 	EXP 	polygon: autoDraw = True
230.6565 	EXP 	polygon: autoDraw = False
230.6565 	EXP 	polygon: autoDraw = False
230.6565 	EXP 	text_2: autoDraw = True
231.2258 	DATA 	Keypress: 1
231.2404 	EXP 	text_2: autoDraw = False
231.2404 	EXP 	text_7: autoDraw = True
231.6923 	DATA 	Keypress: 3
231.6964 	EXP 	New trial (rep=31, index=0): None
231.7067 	EXP 	text_7: autoDraw = False
231.7067 	EXP 	polygon: autoDraw = True
232.7086 	EXP 	polygon: autoDraw = False
232.7086 	EXP 	polygon: autoDraw = False
232.7086 	EXP 	image: image = './stims/outputs/stim_1_45.png'
232.7086 	EXP 	image: autoDraw = True
232.8399 	EXP 	image: autoDraw = False
232.8399 	EXP 	polygon: autoDraw = True
233.8397 	EXP 	polygon: autoDraw = False
233.8397 	EXP 	text_2: autoDraw = True
234.2590 	DATA 	Keypress: 1
234.2729 	EXP 	text_2: autoDraw = False
234.2729 	EXP 	text_7: autoDraw = True
234.6254 	DATA 	Keypress: 4
234.6296 	EXP 	New trial (rep=32, index=0): None
234.6398 	EXP 	text_7: autoDraw = False
234.6398 	EXP 	polygon: autoDraw = True
235.6417 	EXP 	polygon: autoDraw = False
235.6417 	EXP 	polygon: autoDraw = False
235.6417 	EXP 	image: image = './stims/outputs/stim_1_10.png'
235.6417 	EXP 	image: autoDraw = True
236.0234 	EXP 	image: autoDraw = False
236.0234 	EXP 	polygon: autoDraw = True
237.0233 	EXP 	polygon: autoDraw = False
237.0233 	EXP 	text_2: autoDraw = True
237.8756 	DATA 	Keypress: 2
237.8903 	EXP 	text_2: autoDraw = False
237.8903 	EXP 	text_7: autoDraw = True
238.4423 	DATA 	Keypress: 4
238.4464 	EXP 	New trial (rep=33, index=0): None
238.4565 	EXP 	text_7: autoDraw = False
238.4565 	EXP 	polygon: autoDraw = True
239.4590 	EXP 	polygon: autoDraw = False
239.4590 	EXP 	polygon: autoDraw = False
239.4590 	EXP 	image: image = './stims/outputs/stim_1_62.png'
239.4590 	EXP 	image: autoDraw = True
239.5236 	EXP 	image: autoDraw = False
239.5236 	EXP 	polygon: autoDraw = True
240.5230 	EXP 	polygon: autoDraw = False
240.5230 	EXP 	text_2: autoDraw = True
241.5592 	DATA 	Keypress: 1
241.5731 	EXP 	text_2: autoDraw = False
241.5731 	EXP 	text_7: autoDraw = True
242.0940 	EXP 	New trial (rep=34, index=0): None
242.0980 	DATA 	Keypress: 5
242.1068 	EXP 	text_7: autoDraw = False
242.1068 	EXP 	polygon: autoDraw = True
243.1086 	EXP 	polygon: autoDraw = False
243.1086 	EXP 	polygon: autoDraw = False
243.1086 	EXP 	image: image = './stims/outputs/stim_1_55.png'
243.1086 	EXP 	image: autoDraw = True
243.6239 	EXP 	image: autoDraw = False
243.6239 	EXP 	polygon: autoDraw = True
244.6236 	EXP 	polygon: autoDraw = False
244.6236 	EXP 	text_2: autoDraw = True
245.6090 	DATA 	Keypress: 1
245.6239 	EXP 	text_2: autoDraw = False
245.6239 	EXP 	text_7: autoDraw = True
246.0259 	DATA 	Keypress: 4
246.0300 	EXP 	New trial (rep=35, index=0): None
246.0402 	EXP 	text_7: autoDraw = False
246.0402 	EXP 	polygon: autoDraw = True
247.0416 	EXP 	polygon: autoDraw = False
247.0416 	EXP 	polygon: autoDraw = False
247.0416 	EXP 	image: image = './stims/outputs/stim_0_38.png'
247.0416 	EXP 	image: autoDraw = True
247.5568 	EXP 	image: autoDraw = False
247.5568 	EXP 	polygon: autoDraw = True
248.5566 	EXP 	polygon: autoDraw = False
248.5566 	EXP 	text_2: autoDraw = True
248.8926 	DATA 	Keypress: 1
248.9073 	EXP 	text_2: autoDraw = False
248.9073 	EXP 	text_7: autoDraw = True
249.2426 	DATA 	Keypress: 5
249.2467 	EXP 	New trial (rep=36, index=0): None
249.2570 	EXP 	text_7: autoDraw = False
249.2570 	EXP 	polygon: autoDraw = True
250.2589 	EXP 	polygon: autoDraw = False
250.2589 	EXP 	polygon: autoDraw = False
250.2589 	EXP 	image: image = './stims/outputs/stim_1_2.png'
250.2589 	EXP 	image: autoDraw = True
250.5736 	EXP 	image: autoDraw = False
250.5736 	EXP 	polygon: autoDraw = True
251.5730 	EXP 	polygon: autoDraw = False
251.5730 	EXP 	text_2: autoDraw = True
252.6092 	DATA 	Keypress: 2
252.6231 	EXP 	text_2: autoDraw = False
252.6231 	EXP 	text_7: autoDraw = True
253.3441 	EXP 	New trial (rep=37, index=0): None
253.3481 	DATA 	Keypress: 2
253.3569 	EXP 	text_7: autoDraw = False
253.3569 	EXP 	polygon: autoDraw = True
254.3584 	EXP 	polygon: autoDraw = False
254.3584 	EXP 	polygon: autoDraw = False
254.3584 	EXP 	image: image = './stims/outputs/stim_1_2.png'
254.3584 	EXP 	image: autoDraw = True
254.6898 	EXP 	image: autoDraw = False
254.6898 	EXP 	polygon: autoDraw = True
255.6901 	EXP 	polygon: autoDraw = False
255.6901 	EXP 	text_2: autoDraw = True
255.9918 	DATA 	Keypress: 2
256.0068 	EXP 	text_2: autoDraw = False
256.0068 	EXP 	text_7: autoDraw = True
256.6257 	DATA 	Keypress: 4
256.6299 	EXP 	New trial (rep=38, index=0): None
256.6394 	EXP 	text_7: autoDraw = False
256.6394 	EXP 	polygon: autoDraw = True
257.6417 	EXP 	polygon: autoDraw = False
257.6417 	EXP 	polygon: autoDraw = False
257.6417 	EXP 	image: image = './stims/outputs/stim_1_81.png'
257.6417 	EXP 	image: autoDraw = True
257.8902 	EXP 	image: autoDraw = False
257.8902 	EXP 	image: autoDraw = False
257.8902 	EXP 	polygon: autoDraw = True
258.8904 	EXP 	polygon: autoDraw = False
258.8904 	EXP 	polygon: autoDraw = False
258.8904 	EXP 	text_2: autoDraw = True
259.5460 	DATA 	Keypress: 2
259.5566 	EXP 	text_2: autoDraw = False
259.5566 	EXP 	text_7: autoDraw = True
260.5592 	DATA 	Keypress: 3
260.5632 	EXP 	New trial (rep=39, index=0): None
260.5735 	EXP 	text_7: autoDraw = False
260.5735 	EXP 	polygon: autoDraw = True
261.5759 	EXP 	polygon: autoDraw = False
261.5759 	EXP 	polygon: autoDraw = False
261.5759 	EXP 	image: image = './stims/outputs/stim_0_41.png'
261.5759 	EXP 	image: autoDraw = True
261.7907 	EXP 	image: autoDraw = False
261.7907 	EXP 	polygon: autoDraw = True
262.7902 	EXP 	polygon: autoDraw = False
262.7902 	EXP 	text_2: autoDraw = True
263.1426 	DATA 	Keypress: 1
263.1562 	EXP 	text_2: autoDraw = False
263.1562 	EXP 	text_7: autoDraw = True
263.5423 	DATA 	Keypress: 5
263.5464 	EXP 	New trial (rep=40, index=0): None
263.5569 	EXP 	text_7: autoDraw = False
263.5569 	EXP 	polygon: autoDraw = True
264.5582 	EXP 	polygon: autoDraw = False
264.5582 	EXP 	polygon: autoDraw = False
264.5582 	EXP 	image: image = './stims/outputs/stim_1_61.png'
264.5582 	EXP 	image: autoDraw = True
264.5905 	EXP 	image: autoDraw = False
264.5905 	EXP 	polygon: autoDraw = True
265.5902 	EXP 	polygon: autoDraw = False
265.5902 	EXP 	text_2: autoDraw = True
266.9594 	DATA 	Keypress: 1
266.9739 	EXP 	text_2: autoDraw = False
266.9739 	EXP 	text_7: autoDraw = True
267.6924 	DATA 	Keypress: 5
267.6965 	EXP 	New trial (rep=41, index=0): None
267.7071 	EXP 	text_7: autoDraw = False
267.7071 	EXP 	polygon: autoDraw = True
268.7086 	EXP 	polygon: autoDraw = False
268.7086 	EXP 	polygon: autoDraw = False
268.7086 	EXP 	image: image = './stims/outputs/stim_0_48.png'
268.7086 	EXP 	image: autoDraw = True
269.0903 	EXP 	image: autoDraw = False
269.0903 	EXP 	polygon: autoDraw = True
270.0905 	EXP 	polygon: autoDraw = False
270.0905 	EXP 	text_2: autoDraw = True
270.3757 	DATA 	Keypress: 1
270.3907 	EXP 	text_2: autoDraw = False
270.3907 	EXP 	text_7: autoDraw = True
270.9426 	DATA 	Keypress: 5
270.9467 	EXP 	New trial (rep=42, index=0): None
270.9569 	EXP 	text_7: autoDraw = False
270.9569 	EXP 	polygon: autoDraw = True
271.9586 	EXP 	polygon: autoDraw = False
271.9586 	EXP 	polygon: autoDraw = False
271.9586 	EXP 	image: image = './stims/outputs/stim_1_58.png'
271.9586 	EXP 	image: autoDraw = True
272.3410 	EXP 	image: autoDraw = False
272.3410 	EXP 	polygon: autoDraw = True
273.3402 	EXP 	polygon: autoDraw = False
273.3402 	EXP 	text_2: autoDraw = True
274.4424 	DATA 	Keypress: 2
274.4574 	EXP 	text_2: autoDraw = False
274.4574 	EXP 	text_7: autoDraw = True
274.9926 	DATA 	Keypress: 5
274.9967 	EXP 	New trial (rep=43, index=0): None
275.0074 	EXP 	text_7: autoDraw = False
275.0074 	EXP 	polygon: autoDraw = True
276.0091 	EXP 	polygon: autoDraw = False
276.0091 	EXP 	polygon: autoDraw = False
276.0091 	EXP 	image: image = './stims/outputs/stim_1_81.png'
276.0091 	EXP 	image: autoDraw = True
276.4238 	EXP 	image: autoDraw = False
276.4238 	EXP 	polygon: autoDraw = True
277.4238 	EXP 	polygon: autoDraw = False
277.4238 	EXP 	text_2: autoDraw = True
278.5127 	DATA 	Keypress: 2
278.5243 	EXP 	text_2: autoDraw = False
278.5243 	EXP 	text_7: autoDraw = True
278.8928 	DATA 	Keypress: 5
278.8969 	EXP 	New trial (rep=44, index=0): None
278.9072 	EXP 	text_7: autoDraw = False
278.9072 	EXP 	polygon: autoDraw = True
279.9089 	EXP 	polygon: autoDraw = False
279.9089 	EXP 	polygon: autoDraw = False
279.9089 	EXP 	image: image = './stims/outputs/stim_0_47.png'
279.9089 	EXP 	image: autoDraw = True
279.9405 	EXP 	image: autoDraw = False
279.9405 	EXP 	polygon: autoDraw = True
280.9404 	EXP 	polygon: autoDraw = False
280.9404 	EXP 	text_2: autoDraw = True
281.4595 	DATA 	Keypress: 1
281.4743 	EXP 	text_2: autoDraw = False
281.4743 	EXP 	text_7: autoDraw = True
281.8263 	DATA 	Keypress: 5
281.8304 	EXP 	New trial (rep=45, index=0): None
281.8406 	EXP 	text_7: autoDraw = False
281.8406 	EXP 	polygon: autoDraw = True
282.8426 	EXP 	polygon: autoDraw = False
282.8426 	EXP 	polygon: autoDraw = False
282.8426 	EXP 	image: image = './stims/outputs/stim_0_19.png'
282.8426 	EXP 	image: autoDraw = True
283.2742 	EXP 	image: autoDraw = False
283.2742 	EXP 	polygon: autoDraw = True
284.2736 	EXP 	polygon: autoDraw = False
284.2736 	EXP 	text_2: autoDraw = True
284.5296 	DATA 	Keypress: 1
284.5403 	EXP 	text_2: autoDraw = False
284.5403 	EXP 	text_7: autoDraw = True
284.8427 	DATA 	Keypress: 5
284.8468 	EXP 	New trial (rep=46, index=0): None
284.8573 	EXP 	text_7: autoDraw = False
284.8573 	EXP 	polygon: autoDraw = True
285.8591 	EXP 	polygon: autoDraw = False
285.8591 	EXP 	polygon: autoDraw = False
285.8591 	EXP 	image: image = './stims/outputs/stim_0_12.png'
285.8591 	EXP 	image: autoDraw = True
286.2909 	EXP 	image: autoDraw = False
286.2909 	EXP 	polygon: autoDraw = True
287.2905 	EXP 	polygon: autoDraw = False
287.2905 	EXP 	text_2: autoDraw = True
287.5600 	DATA 	Keypress: 1
287.5744 	EXP 	text_2: autoDraw = False
287.5744 	EXP 	text_7: autoDraw = True
287.9929 	DATA 	Keypress: 5
287.9970 	EXP 	New trial (rep=47, index=0): None
288.0076 	EXP 	text_7: autoDraw = False
288.0076 	EXP 	polygon: autoDraw = True
289.0220 	EXP 	polygon: autoDraw = False
289.0220 	EXP 	polygon: autoDraw = False
289.0220 	EXP 	image: image = './stims/outputs/stim_0_69.png'
289.0220 	EXP 	image: autoDraw = True
289.3239 	EXP 	image: autoDraw = False
289.3239 	EXP 	polygon: autoDraw = True
290.3240 	EXP 	polygon: autoDraw = False
290.3240 	EXP 	text_2: autoDraw = True
290.5760 	DATA 	Keypress: 1
290.5910 	EXP 	text_2: autoDraw = False
290.5910 	EXP 	text_7: autoDraw = True
290.8761 	DATA 	Keypress: 5
290.8801 	EXP 	New trial (rep=48, index=0): None
290.8908 	EXP 	text_7: autoDraw = False
290.8908 	EXP 	polygon: autoDraw = True
291.8928 	EXP 	polygon: autoDraw = False
291.8928 	EXP 	polygon: autoDraw = False
291.8928 	EXP 	image: image = './stims/outputs/stim_0_1.png'
291.8928 	EXP 	image: autoDraw = True
292.0237 	EXP 	image: autoDraw = False
292.0237 	EXP 	polygon: autoDraw = True
293.0240 	EXP 	polygon: autoDraw = False
293.0240 	EXP 	text_2: autoDraw = True
294.0767 	DATA 	Keypress: 1
294.0908 	EXP 	text_2: autoDraw = False
294.0908 	EXP 	text_7: autoDraw = True
294.4930 	DATA 	Keypress: 5
294.4971 	EXP 	New trial (rep=49, index=0): None
294.5078 	EXP 	text_7: autoDraw = False
294.5078 	EXP 	polygon: autoDraw = True
295.5092 	EXP 	polygon: autoDraw = False
295.5092 	EXP 	polygon: autoDraw = False
295.5092 	EXP 	image: image = './stims/outputs/stim_0_32.png'
295.5092 	EXP 	image: autoDraw = True
295.6909 	EXP 	image: autoDraw = False
295.6909 	EXP 	polygon: autoDraw = True
296.6930 	EXP 	polygon: autoDraw = False
296.6930 	EXP 	text_2: autoDraw = True
296.9605 	DATA 	Keypress: 1
296.9746 	EXP 	text_2: autoDraw = False
296.9746 	EXP 	text_7: autoDraw = True
297.2598 	DATA 	Keypress: 5
297.2737 	EXP 	text_7: autoDraw = False
297.2737 	EXP 	text_3: autoDraw = True
299.3616 	DATA 	Keypress: space
299.3910 	EXP 	text_3: autoDraw = False
299.3910 	EXP 	text_3: autoDraw = False
299.4593 	EXP 	window1: mouseVisible = True
