0.6173 	WARNING 	We strongly recommend you activate the PTB sound engine in PsychoPy prefs as the preferred audio engine. Its timing is vastly superior. Your prefs are currently set to use ['sounddevice', 'PTB', 'pyo', 'pygame'] (in that order).
4.2666 	WARNING 	User requested fullscreen with size [1024  768], but screen is actually [1440, 900]. Using actual size
4.8650 	EXP 	Created window1 = Window(allowGUI=False, allowStencil=False, autoLog=True, backendConf=UNKNOWN, bitsMode=UNKNOWN, blendMode='avg', bpc=(8, 8, 8), color=array([0, 0, 0]), colorSpace='rgb', depthBits=8, fullscr=<method-wrapper '__getattribute__' of attributeSetter object at 0x7fdb397dba90>, gamma=None, gammaErrorPolicy='raise', lms=UNKNOWN, monitor=<psychopy.monitors.calibTools.Monitor object at 0x7fdb3970f4a8>, multiSample=False, name='window1', numSamples=2, pos=[360.0, 225.0], screen=0, size=array([2880, 1800]), stencilBits=0, stereo=False, units='height', useFBO=True, useRetina=True, viewOri=0.0, viewPos=None, viewScale=None, waitBlanking=True, winType='pyglet')
4.8654 	EXP 	window1: mouseVisible = True
4.8655 	EXP 	window1: recordFrameIntervals = False
5.0311 	EXP 	window1: recordFrameIntervals = True
5.2147 	EXP 	window1: recordFrameIntervals = False
5.8855 	EXP 	Created text = TextStim(__class__=<class 'psychopy.visual.text.TextStim'>, alignHoriz=method-wrapper(...), alignText='center', alignVert=method-wrapper(...), anchorHoriz='center', anchorVert='center', antialias=True, autoLog=True, bold=False, color=array([1., 1., 1.]), colorSpace='rgb', contrast=1.0, depth=0.0, flipHoriz=False, flipVert=False, font='Open Sans', fontFiles=[], height=0.045, italic=False, languageStyle='LTR', name='text', opacity=1, ori=0.0, pos=array([0., 0.]), rgb=UNKNOWN, text=str(...), units='height', win=Window(...), wrapWidth=1)
5.8884 	EXP 	Created polygon = ShapeStim(__class__=<class 'psychopy.visual.shape.ShapeStim'>, autoDraw=False, autoLog=True, closeShape=True, color=method-wrapper(...), colorSpace='rgb', contrast=None, depth=0.0, fillColor=array([1, 1, 1]), fillColorSpace='rgb', fillRGB=array([1, 1, 1]), interpolate=True, lineColor=array([1., 1., 1.]), lineColorSpace='rgb', lineRGB=array([1, 1, 1]), lineWidth=1.0, name='polygon', opacity=1, ori=0.0, pos=array([0., 0.]), size=array([0.075, 0.075]), units='height', vertices=ndarray(...), win=Window(...), windingRule=None)
5.8926 	EXP 	Created image_2 = ImageStim(__class__=<class 'psychopy.visual.image.ImageStim'>, autoLog=True, color=array([1., 1., 1.]), colorSpace='rgb', contrast=1.0, depth=0.0, flipHoriz=False, flipVert=False, image='sin', interpolate=True, mask=None, maskParams=None, name='image_2', opacity=1, ori=0.0, pos=array([0., 0.]), size=array([1.  , 0.75]), texRes=128.0, units='height', win=Window(...))
5.8941 	EXP 	Created polygon = ShapeStim(__class__=<class 'psychopy.visual.shape.ShapeStim'>, autoDraw=False, autoLog=True, closeShape=True, color=method-wrapper(...), colorSpace='rgb', contrast=None, depth=0.0, fillColor=array([1, 1, 1]), fillColorSpace='rgb', fillRGB=array([1, 1, 1]), interpolate=True, lineColor=array([1., 1., 1.]), lineColorSpace='rgb', lineRGB=array([1, 1, 1]), lineWidth=1.0, name='polygon', opacity=1, ori=0.0, pos=array([0., 0.]), size=array([0.075, 0.075]), units='height', vertices=ndarray(...), win=Window(...), windingRule=None)
5.9061 	EXP 	Created text_5 = TextStim(__class__=<class 'psychopy.visual.text.TextStim'>, alignHoriz=method-wrapper(...), alignText='center', alignVert=method-wrapper(...), anchorHoriz='center', anchorVert='center', antialias=True, autoLog=True, bold=False, color=array([1., 1., 1.]), colorSpace='rgb', contrast=1.0, depth=0.0, flipHoriz=False, flipVert=False, font='Open Sans', fontFiles=[], height=0.1, italic=False, languageStyle='LTR', name='text_5', opacity=1, ori=0.0, pos=array([0., 0.]), rgb=UNKNOWN, text=str(...), units='height', win=Window(...), wrapWidth=1)
5.9207 	EXP 	Created text_4 = TextStim(__class__=<class 'psychopy.visual.text.TextStim'>, alignHoriz=method-wrapper(...), alignText='center', alignVert=method-wrapper(...), anchorHoriz='center', anchorVert='center', antialias=True, autoLog=True, bold=False, color=array([1., 1., 1.]), colorSpace='rgb', contrast=1.0, depth=0.0, flipHoriz=False, flipVert=False, font='Open Sans', fontFiles=[], height=0.1, italic=False, languageStyle='LTR', name='text_4', opacity=1, ori=0.0, pos=array([0., 0.]), rgb=UNKNOWN, text=str(...), units='height', win=Window(...), wrapWidth=1)
5.9224 	EXP 	Created polygon = ShapeStim(__class__=<class 'psychopy.visual.shape.ShapeStim'>, autoDraw=False, autoLog=True, closeShape=True, color=method-wrapper(...), colorSpace='rgb', contrast=None, depth=0.0, fillColor=array([1, 1, 1]), fillColorSpace='rgb', fillRGB=array([1, 1, 1]), interpolate=True, lineColor=array([1., 1., 1.]), lineColorSpace='rgb', lineRGB=array([1, 1, 1]), lineWidth=1.0, name='polygon', opacity=1, ori=0.0, pos=array([0., 0.]), size=array([0.075, 0.075]), units='height', vertices=ndarray(...), win=Window(...), windingRule=None)
5.9257 	EXP 	Created image = ImageStim(__class__=<class 'psychopy.visual.image.ImageStim'>, autoLog=True, color=array([1., 1., 1.]), colorSpace='rgb', contrast=1.0, depth=0.0, flipHoriz=False, flipVert=False, image='sin', interpolate=True, mask=None, maskParams=None, name='image', opacity=1, ori=0.0, pos=array([0., 0.]), size=array([1.  , 0.75]), texRes=200.0, units='height', win=Window(...))
5.9272 	EXP 	Created polygon = ShapeStim(__class__=<class 'psychopy.visual.shape.ShapeStim'>, autoDraw=False, autoLog=True, closeShape=True, color=method-wrapper(...), colorSpace='rgb', contrast=None, depth=0.0, fillColor=array([1, 1, 1]), fillColorSpace='rgb', fillRGB=array([1, 1, 1]), interpolate=True, lineColor=array([1., 1., 1.]), lineColorSpace='rgb', lineRGB=array([1, 1, 1]), lineWidth=1.0, name='polygon', opacity=1, ori=0.0, pos=array([0., 0.]), size=array([0.075, 0.075]), units='height', vertices=ndarray(...), win=Window(...), windingRule=None)
6.1106 	EXP 	Created text_2 = TextStim(__class__=<class 'psychopy.visual.text.TextStim'>, alignHoriz=method-wrapper(...), alignText='center', alignVert=method-wrapper(...), anchorHoriz='center', anchorVert='center', antialias=True, autoLog=True, bold=False, color=array([1., 1., 1.]), colorSpace='rgb', contrast=1.0, depth=-1.0, flipHoriz=False, flipVert=False, font='Open Sans', fontFiles=[], height=0.1, italic=False, languageStyle='LTR', name='text_2', opacity=1, ori=0.0, pos=array([0., 0.]), rgb=UNKNOWN, text=str(...), units='height', win=Window(...), wrapWidth=1)
6.1176 	EXP 	Created text_3 = TextStim(__class__=<class 'psychopy.visual.text.TextStim'>, alignHoriz=method-wrapper(...), alignText='center', alignVert=method-wrapper(...), anchorHoriz='center', anchorVert='center', antialias=True, autoLog=True, bold=False, color=array([1., 1., 1.]), colorSpace='rgb', contrast=1.0, depth=0.0, flipHoriz=False, flipVert=False, font='Open Sans', fontFiles=[], height=0.1, italic=False, languageStyle='LTR', name='text_3', opacity=1, ori=0.0, pos=array([0., 0.]), rgb=UNKNOWN, text=str(...), units='height', win=Window(...), wrapWidth=1)
6.1248 	EXP 	text: autoDraw = True
7.0511 	DATA 	Keypress: space
7.0544 	EXP 	Created sequence: random, trialTypes=1, nReps=3, seed=None
7.0549 	EXP 	New trial (rep=0, index=0): None
7.0648 	EXP 	text: autoDraw = False
7.0648 	EXP 	text: autoDraw = False
7.0648 	EXP 	polygon: autoDraw = True
8.0960 	EXP 	polygon: autoDraw = False
8.0960 	EXP 	image_2: image = './stims/outputs/stim_0_65.png'
8.0960 	EXP 	image_2: autoDraw = True
9.0808 	EXP 	image_2: autoDraw = False
9.0808 	EXP 	polygon: autoDraw = True
10.0808 	EXP 	polygon: autoDraw = False
10.0808 	EXP 	text_5: autoDraw = True
10.7518 	DATA 	Keypress: 1
10.7657 	EXP 	New trial (rep=1, index=0): None
10.7802 	EXP 	text_5: autoDraw = False
10.7802 	EXP 	text_5: autoDraw = False
10.7802 	EXP 	polygon: autoDraw = True
11.7810 	EXP 	polygon: autoDraw = False
11.7810 	EXP 	polygon: autoDraw = False
11.7810 	EXP 	image_2: image = './stims/outputs/stim_0_71.png'
11.7810 	EXP 	image_2: autoDraw = True
12.7809 	EXP 	image_2: autoDraw = False
12.7809 	EXP 	image_2: autoDraw = False
12.7809 	EXP 	polygon: autoDraw = True
13.7804 	EXP 	polygon: autoDraw = False
13.7804 	EXP 	polygon: autoDraw = False
13.7804 	EXP 	text_5: autoDraw = True
14.1686 	DATA 	Keypress: 3
15.9831 	DATA 	Keypress: 1
15.9845 	EXP 	New trial (rep=2, index=0): None
15.9977 	EXP 	text_5: autoDraw = False
15.9977 	EXP 	text_5: autoDraw = False
15.9977 	EXP 	polygon: autoDraw = True
16.9969 	EXP 	polygon: autoDraw = False
16.9969 	EXP 	polygon: autoDraw = False
16.9969 	EXP 	image_2: image = './stims/outputs/stim_1_14.png'
16.9969 	EXP 	image_2: autoDraw = True
17.4519 	DATA 	Keypress: 2
17.9977 	EXP 	image_2: autoDraw = False
17.9977 	EXP 	image_2: autoDraw = False
17.9977 	EXP 	polygon: autoDraw = True
18.9972 	EXP 	polygon: autoDraw = False
18.9972 	EXP 	polygon: autoDraw = False
18.9972 	EXP 	text_5: autoDraw = True
20.5289 	DATA 	Keypress: 2
20.5863 	EXP 	text_5: autoDraw = False
20.5863 	EXP 	text_5: autoDraw = False
20.5863 	EXP 	text_4: autoDraw = True
21.9494 	DATA 	Keypress: space
21.9510 	EXP 	Created sequence: sequential, trialTypes=1, nReps=50, seed=None
21.9519 	EXP 	New trial (rep=0, index=0): None
21.9640 	EXP 	text_4: autoDraw = False
21.9640 	EXP 	text_4: autoDraw = False
21.9640 	EXP 	polygon: autoDraw = True
22.9658 	EXP 	polygon: autoDraw = False
22.9658 	EXP 	polygon: autoDraw = False
22.9658 	EXP 	image: image = './stims/outputs/stim_0_93.png'
22.9658 	EXP 	image: autoDraw = True
23.4480 	EXP 	image: autoDraw = False
23.4480 	EXP 	polygon: autoDraw = True
24.4474 	EXP 	polygon: autoDraw = False
24.4474 	EXP 	text_2: autoDraw = True
24.9166 	DATA 	Keypress: 2
24.9214 	EXP 	New trial (rep=1, index=0): None
24.9304 	EXP 	text_2: autoDraw = False
24.9304 	EXP 	polygon: autoDraw = True
25.9307 	EXP 	polygon: autoDraw = False
25.9307 	EXP 	polygon: autoDraw = False
25.9307 	EXP 	image: image = './stims/outputs/stim_0_24.png'
25.9307 	EXP 	image: autoDraw = True
26.1313 	EXP 	image: autoDraw = False
26.1313 	EXP 	image: autoDraw = False
26.1313 	EXP 	polygon: autoDraw = True
27.1305 	EXP 	polygon: autoDraw = False
27.1305 	EXP 	polygon: autoDraw = False
27.1305 	EXP 	text_2: autoDraw = True
27.3506 	DATA 	Keypress: 1
27.3543 	EXP 	New trial (rep=2, index=0): None
27.3642 	EXP 	text_2: autoDraw = False
27.3642 	EXP 	polygon: autoDraw = True
28.3647 	EXP 	polygon: autoDraw = False
28.3647 	EXP 	polygon: autoDraw = False
28.3647 	EXP 	image: image = './stims/outputs/stim_0_20.png'
28.3647 	EXP 	image: autoDraw = True
28.5482 	EXP 	image: autoDraw = False
28.5482 	EXP 	polygon: autoDraw = True
29.5476 	EXP 	polygon: autoDraw = False
29.5476 	EXP 	text_2: autoDraw = True
30.4848 	EXP 	New trial (rep=3, index=0): None
30.4889 	DATA 	Keypress: 2
30.4978 	EXP 	text_2: autoDraw = False
30.4978 	EXP 	polygon: autoDraw = True
31.4984 	EXP 	polygon: autoDraw = False
31.4984 	EXP 	polygon: autoDraw = False
31.4984 	EXP 	image: image = './stims/outputs/stim_0_74.png'
31.4984 	EXP 	image: autoDraw = True
31.5313 	EXP 	image: autoDraw = False
31.5313 	EXP 	polygon: autoDraw = True
32.5308 	EXP 	polygon: autoDraw = False
32.5308 	EXP 	text_2: autoDraw = True
32.9670 	DATA 	Keypress: 1
32.9711 	EXP 	New trial (rep=4, index=0): None
32.9806 	EXP 	text_2: autoDraw = False
32.9806 	EXP 	polygon: autoDraw = True
33.9808 	EXP 	polygon: autoDraw = False
33.9808 	EXP 	polygon: autoDraw = False
33.9808 	EXP 	image: image = './stims/outputs/stim_0_59.png'
33.9808 	EXP 	image: autoDraw = True
34.3313 	EXP 	image: autoDraw = False
34.3313 	EXP 	image: autoDraw = False
34.3313 	EXP 	polygon: autoDraw = True
35.3312 	EXP 	polygon: autoDraw = False
35.3312 	EXP 	polygon: autoDraw = False
35.3312 	EXP 	text_2: autoDraw = True
35.6669 	DATA 	Keypress: 1
35.6709 	EXP 	New trial (rep=5, index=0): None
35.6807 	EXP 	text_2: autoDraw = False
35.6807 	EXP 	polygon: autoDraw = True
36.6808 	EXP 	polygon: autoDraw = False
36.6808 	EXP 	polygon: autoDraw = False
36.6808 	EXP 	image: image = './stims/outputs/stim_0_3.png'
36.6808 	EXP 	image: autoDraw = True
36.9314 	EXP 	image: autoDraw = False
36.9314 	EXP 	image: autoDraw = False
36.9314 	EXP 	polygon: autoDraw = True
37.9308 	EXP 	polygon: autoDraw = False
37.9308 	EXP 	polygon: autoDraw = False
37.9308 	EXP 	text_2: autoDraw = True
38.2836 	DATA 	Keypress: 1
38.2878 	EXP 	New trial (rep=6, index=0): None
38.2978 	EXP 	text_2: autoDraw = False
38.2978 	EXP 	polygon: autoDraw = True
39.2973 	EXP 	polygon: autoDraw = False
39.2973 	EXP 	polygon: autoDraw = False
39.2973 	EXP 	image: image = './stims/outputs/stim_0_57.png'
39.2973 	EXP 	image: autoDraw = True
39.7481 	EXP 	image: autoDraw = False
39.7481 	EXP 	image: autoDraw = False
39.7481 	EXP 	polygon: autoDraw = True
40.7475 	EXP 	polygon: autoDraw = False
40.7475 	EXP 	polygon: autoDraw = False
40.7475 	EXP 	text_2: autoDraw = True
41.2001 	DATA 	Keypress: 1
41.2042 	EXP 	New trial (rep=7, index=0): None
41.2147 	EXP 	text_2: autoDraw = False
41.2147 	EXP 	polygon: autoDraw = True
42.2146 	EXP 	polygon: autoDraw = False
42.2146 	EXP 	polygon: autoDraw = False
42.2146 	EXP 	image: image = './stims/outputs/stim_1_81.png'
42.2146 	EXP 	image: autoDraw = True
42.2982 	EXP 	image: autoDraw = False
42.2982 	EXP 	polygon: autoDraw = True
43.2981 	EXP 	polygon: autoDraw = False
43.2981 	EXP 	text_2: autoDraw = True
43.6334 	DATA 	Keypress: 1
43.6374 	EXP 	New trial (rep=8, index=0): None
43.6479 	EXP 	text_2: autoDraw = False
43.6479 	EXP 	polygon: autoDraw = True
44.6479 	EXP 	polygon: autoDraw = False
44.6479 	EXP 	polygon: autoDraw = False
44.6479 	EXP 	image: image = './stims/outputs/stim_1_87.png'
44.6479 	EXP 	image: autoDraw = True
45.0481 	EXP 	image: autoDraw = False
45.0481 	EXP 	image: autoDraw = False
45.0481 	EXP 	polygon: autoDraw = True
46.0477 	EXP 	polygon: autoDraw = False
46.0477 	EXP 	polygon: autoDraw = False
46.0477 	EXP 	text_2: autoDraw = True
46.4834 	DATA 	Keypress: 1
46.4875 	EXP 	New trial (rep=9, index=0): None
46.4981 	EXP 	text_2: autoDraw = False
46.4981 	EXP 	polygon: autoDraw = True
47.4978 	EXP 	polygon: autoDraw = False
47.4978 	EXP 	polygon: autoDraw = False
47.4978 	EXP 	image: image = './stims/outputs/stim_1_61.png'
47.4978 	EXP 	image: autoDraw = True
47.8315 	EXP 	image: autoDraw = False
47.8315 	EXP 	polygon: autoDraw = True
48.8314 	EXP 	polygon: autoDraw = False
48.8314 	EXP 	text_2: autoDraw = True
49.2684 	EXP 	New trial (rep=10, index=0): None
49.2724 	DATA 	Keypress: 2
49.2814 	EXP 	text_2: autoDraw = False
49.2814 	EXP 	polygon: autoDraw = True
50.2819 	EXP 	polygon: autoDraw = False
50.2819 	EXP 	polygon: autoDraw = False
50.2819 	EXP 	image: image = './stims/outputs/stim_0_57.png'
50.2819 	EXP 	image: autoDraw = True
50.4822 	EXP 	image: autoDraw = False
50.4822 	EXP 	image: autoDraw = False
50.4822 	EXP 	polygon: autoDraw = True
51.4811 	EXP 	polygon: autoDraw = False
51.4811 	EXP 	polygon: autoDraw = False
51.4811 	EXP 	text_2: autoDraw = True
51.9020 	EXP 	New trial (rep=11, index=0): None
51.9062 	DATA 	Keypress: 1
51.9150 	EXP 	text_2: autoDraw = False
51.9150 	EXP 	polygon: autoDraw = True
52.9149 	EXP 	polygon: autoDraw = False
52.9149 	EXP 	polygon: autoDraw = False
52.9149 	EXP 	image: image = './stims/outputs/stim_0_28.png'
52.9149 	EXP 	image: autoDraw = True
53.2152 	EXP 	image: autoDraw = False
53.2152 	EXP 	image: autoDraw = False
53.2152 	EXP 	polygon: autoDraw = True
54.2148 	EXP 	polygon: autoDraw = False
54.2148 	EXP 	polygon: autoDraw = False
54.2148 	EXP 	text_2: autoDraw = True
54.5508 	DATA 	Keypress: 1
54.5549 	EXP 	New trial (rep=12, index=0): None
54.5650 	EXP 	text_2: autoDraw = False
54.5650 	EXP 	polygon: autoDraw = True
55.5646 	EXP 	polygon: autoDraw = False
55.5646 	EXP 	polygon: autoDraw = False
55.5646 	EXP 	image: image = './stims/outputs/stim_0_86.png'
55.5646 	EXP 	image: autoDraw = True
55.6990 	EXP 	image: autoDraw = False
55.6990 	EXP 	polygon: autoDraw = True
56.6982 	EXP 	polygon: autoDraw = False
56.6982 	EXP 	text_2: autoDraw = True
56.9337 	DATA 	Keypress: 1
56.9377 	EXP 	New trial (rep=13, index=0): None
56.9485 	EXP 	text_2: autoDraw = False
56.9485 	EXP 	polygon: autoDraw = True
57.9483 	EXP 	polygon: autoDraw = False
57.9483 	EXP 	polygon: autoDraw = False
57.9483 	EXP 	image: image = './stims/outputs/stim_1_20.png'
57.9483 	EXP 	image: autoDraw = True
58.4488 	EXP 	image: autoDraw = False
58.4488 	EXP 	image: autoDraw = False
58.4488 	EXP 	polygon: autoDraw = True
59.4483 	EXP 	polygon: autoDraw = False
59.4483 	EXP 	polygon: autoDraw = False
59.4483 	EXP 	text_2: autoDraw = True
59.8672 	DATA 	Keypress: 2
59.8713 	EXP 	New trial (rep=14, index=0): None
59.8816 	EXP 	text_2: autoDraw = False
59.8816 	EXP 	polygon: autoDraw = True
60.8815 	EXP 	polygon: autoDraw = False
60.8815 	EXP 	polygon: autoDraw = False
60.8815 	EXP 	image: image = './stims/outputs/stim_0_50.png'
60.8815 	EXP 	image: autoDraw = True
61.3827 	EXP 	image: autoDraw = False
61.3827 	EXP 	image: autoDraw = False
61.3827 	EXP 	polygon: autoDraw = True
62.3825 	EXP 	polygon: autoDraw = False
62.3825 	EXP 	polygon: autoDraw = False
62.3825 	EXP 	text_2: autoDraw = True
62.6511 	DATA 	Keypress: 1
62.6552 	EXP 	New trial (rep=15, index=0): None
62.6653 	EXP 	text_2: autoDraw = False
62.6653 	EXP 	polygon: autoDraw = True
63.6653 	EXP 	polygon: autoDraw = False
63.6653 	EXP 	polygon: autoDraw = False
63.6653 	EXP 	image: image = './stims/outputs/stim_0_45.png'
63.6653 	EXP 	image: autoDraw = True
63.7151 	EXP 	image: autoDraw = False
63.7151 	EXP 	image: autoDraw = False
63.7151 	EXP 	polygon: autoDraw = True
64.7148 	EXP 	polygon: autoDraw = False
64.7148 	EXP 	polygon: autoDraw = False
64.7148 	EXP 	text_2: autoDraw = True
65.2506 	DATA 	Keypress: 1
65.2548 	EXP 	New trial (rep=16, index=0): None
65.2652 	EXP 	text_2: autoDraw = False
65.2652 	EXP 	polygon: autoDraw = True
66.2650 	EXP 	polygon: autoDraw = False
66.2650 	EXP 	polygon: autoDraw = False
66.2650 	EXP 	image: image = './stims/outputs/stim_1_0.png'
66.2650 	EXP 	image: autoDraw = True
66.3992 	EXP 	image: autoDraw = False
66.3992 	EXP 	polygon: autoDraw = True
67.3984 	EXP 	polygon: autoDraw = False
67.3984 	EXP 	text_2: autoDraw = True
67.7841 	DATA 	Keypress: 1
67.7882 	EXP 	New trial (rep=17, index=0): None
67.7989 	EXP 	text_2: autoDraw = False
67.7989 	EXP 	polygon: autoDraw = True
68.7988 	EXP 	polygon: autoDraw = False
68.7988 	EXP 	polygon: autoDraw = False
68.7988 	EXP 	image: image = './stims/outputs/stim_0_90.png'
68.7988 	EXP 	image: autoDraw = True
69.1321 	EXP 	image: autoDraw = False
69.1321 	EXP 	polygon: autoDraw = True
70.1326 	EXP 	polygon: autoDraw = False
70.1326 	EXP 	text_2: autoDraw = True
70.4677 	DATA 	Keypress: 1
70.4718 	EXP 	New trial (rep=18, index=0): None
70.4823 	EXP 	text_2: autoDraw = False
70.4823 	EXP 	polygon: autoDraw = True
71.4823 	EXP 	polygon: autoDraw = False
71.4823 	EXP 	polygon: autoDraw = False
71.4823 	EXP 	image: image = './stims/outputs/stim_0_51.png'
71.4823 	EXP 	image: autoDraw = True
71.6661 	EXP 	image: autoDraw = False
71.6661 	EXP 	polygon: autoDraw = True
72.6654 	EXP 	polygon: autoDraw = False
72.6654 	EXP 	text_2: autoDraw = True
73.0839 	DATA 	Keypress: 2
73.0879 	EXP 	New trial (rep=19, index=0): None
73.0989 	EXP 	text_2: autoDraw = False
73.0989 	EXP 	polygon: autoDraw = True
74.0989 	EXP 	polygon: autoDraw = False
74.0989 	EXP 	polygon: autoDraw = False
74.0989 	EXP 	image: image = './stims/outputs/stim_0_37.png'
74.0989 	EXP 	image: autoDraw = True
74.1990 	EXP 	image: autoDraw = False
74.1990 	EXP 	image: autoDraw = False
74.1990 	EXP 	polygon: autoDraw = True
75.1989 	EXP 	polygon: autoDraw = False
75.1989 	EXP 	polygon: autoDraw = False
75.1989 	EXP 	text_2: autoDraw = True
75.7012 	DATA 	Keypress: 2
75.7053 	EXP 	New trial (rep=20, index=0): None
75.7155 	EXP 	text_2: autoDraw = False
75.7155 	EXP 	polygon: autoDraw = True
76.7158 	EXP 	polygon: autoDraw = False
76.7158 	EXP 	polygon: autoDraw = False
76.7158 	EXP 	image: image = './stims/outputs/stim_1_16.png'
76.7158 	EXP 	image: autoDraw = True
76.8995 	EXP 	image: autoDraw = False
76.8995 	EXP 	polygon: autoDraw = True
77.8994 	EXP 	polygon: autoDraw = False
77.8994 	EXP 	text_2: autoDraw = True
78.3682 	DATA 	Keypress: 1
78.3723 	EXP 	New trial (rep=21, index=0): None
78.3818 	EXP 	text_2: autoDraw = False
78.3818 	EXP 	polygon: autoDraw = True
79.3822 	EXP 	polygon: autoDraw = False
79.3822 	EXP 	polygon: autoDraw = False
79.3822 	EXP 	image: image = './stims/outputs/stim_0_28.png'
79.3822 	EXP 	image: autoDraw = True
79.4322 	EXP 	image: autoDraw = False
79.4322 	EXP 	image: autoDraw = False
79.4322 	EXP 	polygon: autoDraw = True
80.4320 	EXP 	polygon: autoDraw = False
80.4320 	EXP 	polygon: autoDraw = False
80.4320 	EXP 	text_2: autoDraw = True
80.7677 	DATA 	Keypress: 1
80.7719 	EXP 	New trial (rep=22, index=0): None
80.7821 	EXP 	text_2: autoDraw = False
80.7821 	EXP 	polygon: autoDraw = True
81.7826 	EXP 	polygon: autoDraw = False
81.7826 	EXP 	polygon: autoDraw = False
81.7826 	EXP 	image: image = './stims/outputs/stim_1_14.png'
81.7826 	EXP 	image: autoDraw = True
82.1325 	EXP 	image: autoDraw = False
82.1325 	EXP 	image: autoDraw = False
82.1325 	EXP 	polygon: autoDraw = True
83.1328 	EXP 	polygon: autoDraw = False
83.1328 	EXP 	polygon: autoDraw = False
83.1328 	EXP 	text_2: autoDraw = True
83.4183 	DATA 	Keypress: 2
83.4223 	EXP 	New trial (rep=23, index=0): None
83.4326 	EXP 	text_2: autoDraw = False
83.4326 	EXP 	polygon: autoDraw = True
84.4325 	EXP 	polygon: autoDraw = False
84.4325 	EXP 	polygon: autoDraw = False
84.4325 	EXP 	image: image = './stims/outputs/stim_1_19.png'
84.4325 	EXP 	image: autoDraw = True
84.7661 	EXP 	image: autoDraw = False
84.7661 	EXP 	polygon: autoDraw = True
85.7660 	EXP 	polygon: autoDraw = False
85.7660 	EXP 	text_2: autoDraw = True
86.0174 	DATA 	Keypress: 1
86.0215 	EXP 	New trial (rep=24, index=0): None
86.0324 	EXP 	text_2: autoDraw = False
86.0324 	EXP 	polygon: autoDraw = True
87.0322 	EXP 	polygon: autoDraw = False
87.0322 	EXP 	polygon: autoDraw = False
87.0322 	EXP 	image: image = './stims/outputs/stim_0_30.png'
87.0322 	EXP 	image: autoDraw = True
87.3825 	EXP 	image: autoDraw = False
87.3825 	EXP 	image: autoDraw = False
87.3825 	EXP 	polygon: autoDraw = True
88.3824 	EXP 	polygon: autoDraw = False
88.3824 	EXP 	polygon: autoDraw = False
88.3824 	EXP 	text_2: autoDraw = True
88.9681 	DATA 	Keypress: 2
88.9722 	EXP 	New trial (rep=25, index=0): None
88.9824 	EXP 	text_2: autoDraw = False
88.9824 	EXP 	polygon: autoDraw = True
89.9825 	EXP 	polygon: autoDraw = False
89.9825 	EXP 	polygon: autoDraw = False
89.9825 	EXP 	image: image = './stims/outputs/stim_0_31.png'
89.9825 	EXP 	image: autoDraw = True
90.1333 	EXP 	image: autoDraw = False
90.1333 	EXP 	image: autoDraw = False
90.1333 	EXP 	polygon: autoDraw = True
91.1325 	EXP 	polygon: autoDraw = False
91.1325 	EXP 	polygon: autoDraw = False
91.1325 	EXP 	text_2: autoDraw = True
91.3848 	DATA 	Keypress: 1
91.3890 	EXP 	New trial (rep=26, index=0): None
91.3989 	EXP 	text_2: autoDraw = False
91.3989 	EXP 	polygon: autoDraw = True
92.4035 	EXP 	polygon: autoDraw = False
92.4035 	EXP 	polygon: autoDraw = False
92.4035 	EXP 	image: image = './stims/outputs/stim_0_0.png'
92.4035 	EXP 	image: autoDraw = True
92.6670 	EXP 	image: autoDraw = False
92.6670 	EXP 	polygon: autoDraw = True
93.6660 	EXP 	polygon: autoDraw = False
93.6660 	EXP 	text_2: autoDraw = True
93.9720 	DATA 	Keypress: 1
93.9764 	EXP 	New trial (rep=27, index=0): None
93.9837 	EXP 	text_2: autoDraw = False
93.9837 	EXP 	polygon: autoDraw = True
94.9828 	EXP 	polygon: autoDraw = False
94.9828 	EXP 	polygon: autoDraw = False
94.9828 	EXP 	image: image = './stims/outputs/stim_1_61.png'
94.9828 	EXP 	image: autoDraw = True
95.4326 	EXP 	image: autoDraw = False
95.4326 	EXP 	image: autoDraw = False
95.4326 	EXP 	polygon: autoDraw = True
96.4329 	EXP 	polygon: autoDraw = False
96.4329 	EXP 	polygon: autoDraw = False
96.4329 	EXP 	text_2: autoDraw = True
96.8852 	DATA 	Keypress: 1
96.8893 	EXP 	New trial (rep=28, index=0): None
96.8995 	EXP 	text_2: autoDraw = False
96.8995 	EXP 	polygon: autoDraw = True
97.8994 	EXP 	polygon: autoDraw = False
97.8994 	EXP 	polygon: autoDraw = False
97.8994 	EXP 	image: image = './stims/outputs/stim_1_83.png'
97.8994 	EXP 	image: autoDraw = True
98.3328 	EXP 	image: autoDraw = False
98.3328 	EXP 	polygon: autoDraw = True
99.3332 	EXP 	polygon: autoDraw = False
99.3332 	EXP 	text_2: autoDraw = True
99.5852 	DATA 	Keypress: 1
99.5893 	EXP 	New trial (rep=29, index=0): None
99.5997 	EXP 	text_2: autoDraw = False
99.5997 	EXP 	polygon: autoDraw = True
100.5992 	EXP 	polygon: autoDraw = False
100.5992 	EXP 	polygon: autoDraw = False
100.5992 	EXP 	image: image = './stims/outputs/stim_1_4.png'
100.5992 	EXP 	image: autoDraw = True
100.9998 	EXP 	image: autoDraw = False
100.9998 	EXP 	image: autoDraw = False
100.9998 	EXP 	polygon: autoDraw = True
102.0003 	EXP 	polygon: autoDraw = False
102.0003 	EXP 	polygon: autoDraw = False
102.0003 	EXP 	text_2: autoDraw = True
102.2365 	EXP 	New trial (rep=30, index=0): None
102.2407 	DATA 	Keypress: 2
102.2496 	EXP 	text_2: autoDraw = False
102.2496 	EXP 	polygon: autoDraw = True
103.2499 	EXP 	polygon: autoDraw = False
103.2499 	EXP 	polygon: autoDraw = False
103.2499 	EXP 	image: image = './stims/outputs/stim_1_32.png'
103.2499 	EXP 	image: autoDraw = True
103.7328 	EXP 	image: autoDraw = False
103.7328 	EXP 	polygon: autoDraw = True
104.7329 	EXP 	polygon: autoDraw = False
104.7329 	EXP 	text_2: autoDraw = True
105.1187 	DATA 	Keypress: 2
105.1229 	EXP 	New trial (rep=31, index=0): None
105.1331 	EXP 	text_2: autoDraw = False
105.1331 	EXP 	polygon: autoDraw = True
106.1326 	EXP 	polygon: autoDraw = False
106.1326 	EXP 	polygon: autoDraw = False
106.1326 	EXP 	image: image = './stims/outputs/stim_0_15.png'
106.1326 	EXP 	image: autoDraw = True
106.2837 	EXP 	image: autoDraw = False
106.2837 	EXP 	image: autoDraw = False
106.2837 	EXP 	polygon: autoDraw = True
107.2827 	EXP 	polygon: autoDraw = False
107.2827 	EXP 	polygon: autoDraw = False
107.2827 	EXP 	text_2: autoDraw = True
107.6354 	DATA 	Keypress: 1
107.6391 	EXP 	New trial (rep=32, index=0): None
107.6495 	EXP 	text_2: autoDraw = False
107.6495 	EXP 	polygon: autoDraw = True
108.6497 	EXP 	polygon: autoDraw = False
108.6497 	EXP 	polygon: autoDraw = False
108.6497 	EXP 	image: image = './stims/outputs/stim_1_49.png'
108.6497 	EXP 	image: autoDraw = True
108.8000 	EXP 	image: autoDraw = False
108.8000 	EXP 	image: autoDraw = False
108.8000 	EXP 	polygon: autoDraw = True
109.7999 	EXP 	polygon: autoDraw = False
109.7999 	EXP 	polygon: autoDraw = False
109.7999 	EXP 	text_2: autoDraw = True
110.0706 	EXP 	New trial (rep=33, index=0): None
110.0746 	DATA 	Keypress: 2
110.0832 	EXP 	text_2: autoDraw = False
110.0832 	EXP 	polygon: autoDraw = True
111.0828 	EXP 	polygon: autoDraw = False
111.0828 	EXP 	polygon: autoDraw = False
111.0828 	EXP 	image: image = './stims/outputs/stim_0_94.png'
111.0828 	EXP 	image: autoDraw = True
111.1665 	EXP 	image: autoDraw = False
111.1665 	EXP 	polygon: autoDraw = True
112.1669 	EXP 	polygon: autoDraw = False
112.1669 	EXP 	text_2: autoDraw = True
113.8360 	DATA 	Keypress: 1
113.8395 	EXP 	New trial (rep=34, index=0): None
113.8501 	EXP 	text_2: autoDraw = False
113.8501 	EXP 	text_2: autoDraw = False
113.8501 	EXP 	polygon: autoDraw = True
114.8496 	EXP 	polygon: autoDraw = False
114.8496 	EXP 	polygon: autoDraw = False
114.8496 	EXP 	image: image = './stims/outputs/stim_0_80.png'
114.8496 	EXP 	image: autoDraw = True
115.3001 	EXP 	image: autoDraw = False
115.3001 	EXP 	image: autoDraw = False
115.3001 	EXP 	polygon: autoDraw = True
116.2997 	EXP 	polygon: autoDraw = False
116.2997 	EXP 	polygon: autoDraw = False
116.2997 	EXP 	text_2: autoDraw = True
116.5869 	EXP 	New trial (rep=35, index=0): None
116.5909 	DATA 	Keypress: 1
116.6002 	EXP 	text_2: autoDraw = False
116.6002 	EXP 	polygon: autoDraw = True
117.5999 	EXP 	polygon: autoDraw = False
117.5999 	EXP 	polygon: autoDraw = False
117.5999 	EXP 	image: image = './stims/outputs/stim_1_67.png'
117.5999 	EXP 	image: autoDraw = True
117.6835 	EXP 	image: autoDraw = False
117.6835 	EXP 	polygon: autoDraw = True
118.6837 	EXP 	polygon: autoDraw = False
118.6837 	EXP 	text_2: autoDraw = True
119.0358 	DATA 	Keypress: 1
119.0399 	EXP 	New trial (rep=36, index=0): None
119.0498 	EXP 	text_2: autoDraw = False
119.0498 	EXP 	polygon: autoDraw = True
120.0497 	EXP 	polygon: autoDraw = False
120.0497 	EXP 	polygon: autoDraw = False
120.0497 	EXP 	image: image = './stims/outputs/stim_1_23.png'
120.0497 	EXP 	image: autoDraw = True
120.5500 	EXP 	image: autoDraw = False
120.5500 	EXP 	image: autoDraw = False
120.5500 	EXP 	polygon: autoDraw = True
121.5501 	EXP 	polygon: autoDraw = False
121.5501 	EXP 	polygon: autoDraw = False
121.5501 	EXP 	text_2: autoDraw = True
121.9358 	DATA 	Keypress: 2
121.9399 	EXP 	New trial (rep=37, index=0): None
121.9506 	EXP 	text_2: autoDraw = False
121.9506 	EXP 	polygon: autoDraw = True
122.9503 	EXP 	polygon: autoDraw = False
122.9503 	EXP 	polygon: autoDraw = False
122.9503 	EXP 	image: image = './stims/outputs/stim_1_57.png'
122.9503 	EXP 	image: autoDraw = True
123.2502 	EXP 	image: autoDraw = False
123.2502 	EXP 	image: autoDraw = False
123.2502 	EXP 	polygon: autoDraw = True
124.2503 	EXP 	polygon: autoDraw = False
124.2503 	EXP 	polygon: autoDraw = False
124.2503 	EXP 	text_2: autoDraw = True
125.1690 	DATA 	Keypress: 2
125.1731 	EXP 	New trial (rep=38, index=0): None
125.1830 	EXP 	text_2: autoDraw = False
125.1830 	EXP 	polygon: autoDraw = True
126.1845 	EXP 	polygon: autoDraw = False
126.1845 	EXP 	polygon: autoDraw = False
126.1845 	EXP 	image: image = './stims/outputs/stim_0_73.png'
126.1845 	EXP 	image: autoDraw = True
126.3176 	EXP 	image: autoDraw = False
126.3176 	EXP 	polygon: autoDraw = True
127.3169 	EXP 	polygon: autoDraw = False
127.3169 	EXP 	text_2: autoDraw = True
127.5856 	DATA 	Keypress: 1
127.5894 	EXP 	New trial (rep=39, index=0): None
127.6007 	EXP 	text_2: autoDraw = False
127.6007 	EXP 	polygon: autoDraw = True
128.6001 	EXP 	polygon: autoDraw = False
128.6001 	EXP 	polygon: autoDraw = False
128.6001 	EXP 	image: image = './stims/outputs/stim_1_77.png'
128.6001 	EXP 	image: autoDraw = True
128.9340 	EXP 	image: autoDraw = False
128.9340 	EXP 	polygon: autoDraw = True
129.9333 	EXP 	polygon: autoDraw = False
129.9333 	EXP 	text_2: autoDraw = True
130.2530 	DATA 	Keypress: 2
130.2571 	EXP 	New trial (rep=40, index=0): None
130.2667 	EXP 	text_2: autoDraw = False
130.2667 	EXP 	polygon: autoDraw = True
131.2669 	EXP 	polygon: autoDraw = False
131.2669 	EXP 	polygon: autoDraw = False
131.2669 	EXP 	image: image = './stims/outputs/stim_0_61.png'
131.2669 	EXP 	image: autoDraw = True
131.5675 	EXP 	image: autoDraw = False
131.5675 	EXP 	image: autoDraw = False
131.5675 	EXP 	polygon: autoDraw = True
132.5675 	EXP 	polygon: autoDraw = False
132.5675 	EXP 	polygon: autoDraw = False
132.5675 	EXP 	text_2: autoDraw = True
132.8193 	DATA 	Keypress: 1
132.8228 	EXP 	New trial (rep=41, index=0): None
132.8338 	EXP 	text_2: autoDraw = False
132.8338 	EXP 	text_2: autoDraw = False
132.8338 	EXP 	polygon: autoDraw = True
133.8337 	EXP 	polygon: autoDraw = False
133.8337 	EXP 	polygon: autoDraw = False
133.8337 	EXP 	image: image = './stims/outputs/stim_1_6.png'
133.8337 	EXP 	image: autoDraw = True
133.9336 	EXP 	image: autoDraw = False
133.9336 	EXP 	image: autoDraw = False
133.9336 	EXP 	polygon: autoDraw = True
134.9334 	EXP 	polygon: autoDraw = False
134.9334 	EXP 	polygon: autoDraw = False
134.9334 	EXP 	text_2: autoDraw = True
136.0195 	DATA 	Keypress: 1
136.0236 	EXP 	New trial (rep=42, index=0): None
136.0337 	EXP 	text_2: autoDraw = False
136.0337 	EXP 	polygon: autoDraw = True
137.0344 	EXP 	polygon: autoDraw = False
137.0344 	EXP 	polygon: autoDraw = False
137.0344 	EXP 	image: image = './stims/outputs/stim_1_94.png'
137.0344 	EXP 	image: autoDraw = True
137.5342 	EXP 	image: autoDraw = False
137.5342 	EXP 	image: autoDraw = False
137.5342 	EXP 	polygon: autoDraw = True
138.5337 	EXP 	polygon: autoDraw = False
138.5337 	EXP 	polygon: autoDraw = False
138.5337 	EXP 	text_2: autoDraw = True
138.8365 	DATA 	Keypress: 1
138.8407 	EXP 	New trial (rep=43, index=0): None
138.8505 	EXP 	text_2: autoDraw = False
138.8505 	EXP 	polygon: autoDraw = True
139.8503 	EXP 	polygon: autoDraw = False
139.8503 	EXP 	polygon: autoDraw = False
139.8503 	EXP 	image: image = './stims/outputs/stim_1_15.png'
139.8503 	EXP 	image: autoDraw = True
140.1840 	EXP 	image: autoDraw = False
140.1840 	EXP 	polygon: autoDraw = True
141.1845 	EXP 	polygon: autoDraw = False
141.1845 	EXP 	text_2: autoDraw = True
141.4363 	DATA 	Keypress: 2
141.4403 	EXP 	New trial (rep=44, index=0): None
141.4508 	EXP 	text_2: autoDraw = False
141.4508 	EXP 	polygon: autoDraw = True
142.4510 	EXP 	polygon: autoDraw = False
142.4510 	EXP 	polygon: autoDraw = False
142.4510 	EXP 	image: image = './stims/outputs/stim_0_55.png'
142.4510 	EXP 	image: autoDraw = True
142.6509 	EXP 	image: autoDraw = False
142.6509 	EXP 	image: autoDraw = False
142.6509 	EXP 	polygon: autoDraw = True
143.6511 	EXP 	polygon: autoDraw = False
143.6511 	EXP 	polygon: autoDraw = False
143.6511 	EXP 	text_2: autoDraw = True
144.0692 	DATA 	Keypress: 2
144.0733 	EXP 	New trial (rep=45, index=0): None
144.0841 	EXP 	text_2: autoDraw = False
144.0841 	EXP 	polygon: autoDraw = True
145.0839 	EXP 	polygon: autoDraw = False
145.0839 	EXP 	polygon: autoDraw = False
145.0839 	EXP 	image: image = './stims/outputs/stim_0_32.png'
145.0839 	EXP 	image: autoDraw = True
145.4347 	EXP 	image: autoDraw = False
145.4347 	EXP 	image: autoDraw = False
145.4347 	EXP 	polygon: autoDraw = True
146.4345 	EXP 	polygon: autoDraw = False
146.4345 	EXP 	polygon: autoDraw = False
146.4345 	EXP 	text_2: autoDraw = True
146.6712 	EXP 	New trial (rep=46, index=0): None
146.6754 	DATA 	Keypress: 1
146.6844 	EXP 	text_2: autoDraw = False
146.6844 	EXP 	polygon: autoDraw = True
147.6842 	EXP 	polygon: autoDraw = False
147.6842 	EXP 	polygon: autoDraw = False
147.6842 	EXP 	image: image = './stims/outputs/stim_0_25.png'
147.6842 	EXP 	image: autoDraw = True
148.0843 	EXP 	image: autoDraw = False
148.0843 	EXP 	image: autoDraw = False
148.0843 	EXP 	polygon: autoDraw = True
149.0840 	EXP 	polygon: autoDraw = False
149.0840 	EXP 	polygon: autoDraw = False
149.0840 	EXP 	text_2: autoDraw = True
149.4197 	DATA 	Keypress: 1
149.4239 	EXP 	New trial (rep=47, index=0): None
149.4342 	EXP 	text_2: autoDraw = False
149.4342 	EXP 	polygon: autoDraw = True
150.4336 	EXP 	polygon: autoDraw = False
150.4336 	EXP 	polygon: autoDraw = False
150.4336 	EXP 	image: image = './stims/outputs/stim_1_56.png'
150.4336 	EXP 	image: autoDraw = True
150.4676 	EXP 	image: autoDraw = False
150.4676 	EXP 	polygon: autoDraw = True
151.4676 	EXP 	polygon: autoDraw = False
151.4676 	EXP 	text_2: autoDraw = True
152.2694 	DATA 	Keypress: 1
152.2735 	EXP 	New trial (rep=48, index=0): None
152.2844 	EXP 	text_2: autoDraw = False
152.2844 	EXP 	polygon: autoDraw = True
153.2839 	EXP 	polygon: autoDraw = False
153.2839 	EXP 	polygon: autoDraw = False
153.2839 	EXP 	image: image = './stims/outputs/stim_1_35.png'
153.2839 	EXP 	image: autoDraw = True
153.3847 	EXP 	image: autoDraw = False
153.3847 	EXP 	image: autoDraw = False
153.3847 	EXP 	polygon: autoDraw = True
154.3845 	EXP 	polygon: autoDraw = False
154.3845 	EXP 	polygon: autoDraw = False
154.3845 	EXP 	text_2: autoDraw = True
154.7030 	DATA 	Keypress: 2
154.7065 	EXP 	New trial (rep=49, index=0): None
154.7177 	EXP 	text_2: autoDraw = False
154.7177 	EXP 	text_2: autoDraw = False
154.7177 	EXP 	polygon: autoDraw = True
155.7178 	EXP 	polygon: autoDraw = False
155.7178 	EXP 	polygon: autoDraw = False
155.7178 	EXP 	image: image = './stims/outputs/stim_1_6.png'
155.7178 	EXP 	image: autoDraw = True
156.0013 	EXP 	image: autoDraw = False
156.0013 	EXP 	polygon: autoDraw = True
157.0008 	EXP 	polygon: autoDraw = False
157.0008 	EXP 	text_2: autoDraw = True
157.4366 	DATA 	Keypress: 1
157.4506 	EXP 	text_2: autoDraw = False
157.4506 	EXP 	text_3: autoDraw = True
158.0865 	DATA 	Keypress: space
158.1013 	EXP 	text_3: autoDraw = False
158.1013 	EXP 	text_3: autoDraw = False
158.1611 	EXP 	window1: mouseVisible = True
0.6207 	WARNING 	We strongly recommend you activate the PTB sound engine in PsychoPy prefs as the preferred audio engine. Its timing is vastly superior. Your prefs are currently set to use ['sounddevice', 'PTB', 'pyo', 'pygame'] (in that order).
5.4904 	WARNING 	User requested fullscreen with size [1024  768], but screen is actually [1440, 900]. Using actual size
6.0762 	EXP 	Created window1 = Window(allowGUI=False, allowStencil=False, autoLog=True, backendConf=UNKNOWN, bitsMode=UNKNOWN, blendMode='avg', bpc=(8, 8, 8), color=array([0, 0, 0]), colorSpace='rgb', depthBits=8, fullscr=<method-wrapper '__getattribute__' of attributeSetter object at 0x7fc939195ac8>, gamma=None, gammaErrorPolicy='raise', lms=UNKNOWN, monitor=<psychopy.monitors.calibTools.Monitor object at 0x7fc96ceba550>, multiSample=False, name='window1', numSamples=2, pos=[360.0, 225.0], screen=0, size=array([2880, 1800]), stencilBits=0, stereo=False, units='height', useFBO=True, useRetina=True, viewOri=0.0, viewPos=None, viewScale=None, waitBlanking=True, winType='pyglet')
6.0766 	EXP 	window1: mouseVisible = True
6.0766 	EXP 	window1: recordFrameIntervals = False
6.2429 	EXP 	window1: recordFrameIntervals = True
6.4254 	EXP 	window1: recordFrameIntervals = False
7.1678 	EXP 	Created text = TextStim(__class__=<class 'psychopy.visual.text.TextStim'>, alignHoriz=method-wrapper(...), alignText='center', alignVert=method-wrapper(...), anchorHoriz='center', anchorVert='center', antialias=True, autoLog=True, bold=False, color=array([1., 1., 1.]), colorSpace='rgb', contrast=1.0, depth=0.0, flipHoriz=False, flipVert=False, font='Open Sans', fontFiles=[], height=0.045, italic=False, languageStyle='LTR', name='text', opacity=1, ori=0.0, pos=array([0., 0.]), rgb=UNKNOWN, text=str(...), units='height', win=Window(...), wrapWidth=1)
7.1708 	EXP 	Created polygon = ShapeStim(__class__=<class 'psychopy.visual.shape.ShapeStim'>, autoDraw=False, autoLog=True, closeShape=True, color=method-wrapper(...), colorSpace='rgb', contrast=None, depth=0.0, fillColor=array([1, 1, 1]), fillColorSpace='rgb', fillRGB=array([1, 1, 1]), interpolate=True, lineColor=array([1., 1., 1.]), lineColorSpace='rgb', lineRGB=array([1, 1, 1]), lineWidth=1.0, name='polygon', opacity=1, ori=0.0, pos=array([0., 0.]), size=array([0.075, 0.075]), units='height', vertices=ndarray(...), win=Window(...), windingRule=None)
7.1750 	EXP 	Created image_2 = ImageStim(__class__=<class 'psychopy.visual.image.ImageStim'>, autoLog=True, color=array([1., 1., 1.]), colorSpace='rgb', contrast=1.0, depth=0.0, flipHoriz=False, flipVert=False, image='sin', interpolate=True, mask=None, maskParams=None, name='image_2', opacity=1, ori=0.0, pos=array([0., 0.]), size=array([1.  , 0.75]), texRes=128.0, units='height', win=Window(...))
7.1765 	EXP 	Created polygon = ShapeStim(__class__=<class 'psychopy.visual.shape.ShapeStim'>, autoDraw=False, autoLog=True, closeShape=True, color=method-wrapper(...), colorSpace='rgb', contrast=None, depth=0.0, fillColor=array([1, 1, 1]), fillColorSpace='rgb', fillRGB=array([1, 1, 1]), interpolate=True, lineColor=array([1., 1., 1.]), lineColorSpace='rgb', lineRGB=array([1, 1, 1]), lineWidth=1.0, name='polygon', opacity=1, ori=0.0, pos=array([0., 0.]), size=array([0.075, 0.075]), units='height', vertices=ndarray(...), win=Window(...), windingRule=None)
7.1886 	EXP 	Created text_5 = TextStim(__class__=<class 'psychopy.visual.text.TextStim'>, alignHoriz=method-wrapper(...), alignText='center', alignVert=method-wrapper(...), anchorHoriz='center', anchorVert='center', antialias=True, autoLog=True, bold=False, color=array([1., 1., 1.]), colorSpace='rgb', contrast=1.0, depth=0.0, flipHoriz=False, flipVert=False, font='Open Sans', fontFiles=[], height=0.1, italic=False, languageStyle='LTR', name='text_5', opacity=1, ori=0.0, pos=array([0., 0.]), rgb=UNKNOWN, text=str(...), units='height', win=Window(...), wrapWidth=1)
7.2030 	EXP 	Created text_4 = TextStim(__class__=<class 'psychopy.visual.text.TextStim'>, alignHoriz=method-wrapper(...), alignText='center', alignVert=method-wrapper(...), anchorHoriz='center', anchorVert='center', antialias=True, autoLog=True, bold=False, color=array([1., 1., 1.]), colorSpace='rgb', contrast=1.0, depth=0.0, flipHoriz=False, flipVert=False, font='Open Sans', fontFiles=[], height=0.1, italic=False, languageStyle='LTR', name='text_4', opacity=1, ori=0.0, pos=array([0., 0.]), rgb=UNKNOWN, text=str(...), units='height', win=Window(...), wrapWidth=1)
7.2047 	EXP 	Created polygon = ShapeStim(__class__=<class 'psychopy.visual.shape.ShapeStim'>, autoDraw=False, autoLog=True, closeShape=True, color=method-wrapper(...), colorSpace='rgb', contrast=None, depth=0.0, fillColor=array([1, 1, 1]), fillColorSpace='rgb', fillRGB=array([1, 1, 1]), interpolate=True, lineColor=array([1., 1., 1.]), lineColorSpace='rgb', lineRGB=array([1, 1, 1]), lineWidth=1.0, name='polygon', opacity=1, ori=0.0, pos=array([0., 0.]), size=array([0.075, 0.075]), units='height', vertices=ndarray(...), win=Window(...), windingRule=None)
7.2080 	EXP 	Created image = ImageStim(__class__=<class 'psychopy.visual.image.ImageStim'>, autoLog=True, color=array([1., 1., 1.]), colorSpace='rgb', contrast=1.0, depth=0.0, flipHoriz=False, flipVert=False, image='sin', interpolate=True, mask=None, maskParams=None, name='image', opacity=1, ori=0.0, pos=array([0., 0.]), size=array([1.  , 0.75]), texRes=200.0, units='height', win=Window(...))
7.2095 	EXP 	Created polygon = ShapeStim(__class__=<class 'psychopy.visual.shape.ShapeStim'>, autoDraw=False, autoLog=True, closeShape=True, color=method-wrapper(...), colorSpace='rgb', contrast=None, depth=0.0, fillColor=array([1, 1, 1]), fillColorSpace='rgb', fillRGB=array([1, 1, 1]), interpolate=True, lineColor=array([1., 1., 1.]), lineColorSpace='rgb', lineRGB=array([1, 1, 1]), lineWidth=1.0, name='polygon', opacity=1, ori=0.0, pos=array([0., 0.]), size=array([0.075, 0.075]), units='height', vertices=ndarray(...), win=Window(...), windingRule=None)
7.3844 	EXP 	Created text_2 = TextStim(__class__=<class 'psychopy.visual.text.TextStim'>, alignHoriz=method-wrapper(...), alignText='center', alignVert=method-wrapper(...), anchorHoriz='center', anchorVert='center', antialias=True, autoLog=True, bold=False, color=array([1., 1., 1.]), colorSpace='rgb', contrast=1.0, depth=-1.0, flipHoriz=False, flipVert=False, font='Open Sans', fontFiles=[], height=0.1, italic=False, languageStyle='LTR', name='text_2', opacity=1, ori=0.0, pos=array([0., 0.]), rgb=UNKNOWN, text=str(...), units='height', win=Window(...), wrapWidth=1)
7.3914 	EXP 	Created text_3 = TextStim(__class__=<class 'psychopy.visual.text.TextStim'>, alignHoriz=method-wrapper(...), alignText='center', alignVert=method-wrapper(...), anchorHoriz='center', anchorVert='center', antialias=True, autoLog=True, bold=False, color=array([1., 1., 1.]), colorSpace='rgb', contrast=1.0, depth=0.0, flipHoriz=False, flipVert=False, font='Open Sans', fontFiles=[], height=0.1, italic=False, languageStyle='LTR', name='text_3', opacity=1, ori=0.0, pos=array([0., 0.]), rgb=UNKNOWN, text=str(...), units='height', win=Window(...), wrapWidth=1)
7.3982 	EXP 	text: autoDraw = True
10.8130 	DATA 	Keypress: space
10.8164 	EXP 	Created sequence: random, trialTypes=1, nReps=3, seed=None
10.8169 	EXP 	New trial (rep=0, index=0): None
10.8272 	EXP 	text: autoDraw = False
10.8272 	EXP 	text: autoDraw = False
10.8272 	EXP 	polygon: autoDraw = True
11.8588 	EXP 	polygon: autoDraw = False
11.8588 	EXP 	image_2: image = './stims/outputs/stim_0_6.png'
11.8588 	EXP 	image_2: autoDraw = True
12.8420 	EXP 	image_2: autoDraw = False
12.8420 	EXP 	polygon: autoDraw = True
13.8417 	EXP 	polygon: autoDraw = False
13.8417 	EXP 	text_5: autoDraw = True
14.2944 	DATA 	Keypress: 1
14.2961 	EXP 	New trial (rep=1, index=0): None
14.3087 	EXP 	text_5: autoDraw = False
14.3087 	EXP 	text_5: autoDraw = False
14.3087 	EXP 	polygon: autoDraw = True
15.3089 	EXP 	polygon: autoDraw = False
15.3089 	EXP 	polygon: autoDraw = False
15.3089 	EXP 	image_2: image = './stims/outputs/stim_0_75.png'
15.3089 	EXP 	image_2: autoDraw = True
16.3092 	EXP 	image_2: autoDraw = False
16.3092 	EXP 	image_2: autoDraw = False
16.3092 	EXP 	polygon: autoDraw = True
17.3086 	EXP 	polygon: autoDraw = False
17.3086 	EXP 	polygon: autoDraw = False
17.3086 	EXP 	text_5: autoDraw = True
17.5739 	DATA 	Keypress: 1
17.5753 	EXP 	New trial (rep=2, index=0): None
17.5818 	EXP 	text_5: autoDraw = False
17.5818 	EXP 	text_5: autoDraw = False
17.5818 	EXP 	polygon: autoDraw = True
18.5923 	EXP 	polygon: autoDraw = False
18.5923 	EXP 	image_2: image = './stims/outputs/stim_0_68.png'
18.5923 	EXP 	image_2: autoDraw = True
19.5924 	EXP 	image_2: autoDraw = False
19.5924 	EXP 	polygon: autoDraw = True
20.5925 	EXP 	polygon: autoDraw = False
20.5925 	EXP 	polygon: autoDraw = False
20.5925 	EXP 	text_5: autoDraw = True
20.8468 	DATA 	Keypress: 1
20.8760 	EXP 	text_5: autoDraw = False
20.8760 	EXP 	text_5: autoDraw = False
20.8760 	EXP 	text_4: autoDraw = True
21.4604 	DATA 	Keypress: space
21.4619 	EXP 	Created sequence: sequential, trialTypes=1, nReps=50, seed=None
21.4628 	EXP 	New trial (rep=0, index=0): None
21.4756 	EXP 	text_4: autoDraw = False
21.4756 	EXP 	text_4: autoDraw = False
21.4756 	EXP 	polygon: autoDraw = True
22.4774 	EXP 	polygon: autoDraw = False
22.4774 	EXP 	polygon: autoDraw = False
22.4774 	EXP 	image: image = './stims/outputs/stim_0_7.png'
22.4774 	EXP 	image: autoDraw = True
22.9592 	EXP 	image: autoDraw = False
22.9592 	EXP 	polygon: autoDraw = True
23.9589 	EXP 	polygon: autoDraw = False
23.9589 	EXP 	text_2: autoDraw = True
24.1765 	DATA 	Keypress: 1
24.1785 	EXP 	New trial (rep=1, index=0): None
24.1920 	EXP 	text_2: autoDraw = False
24.1920 	EXP 	polygon: autoDraw = True
25.1923 	EXP 	polygon: autoDraw = False
25.1923 	EXP 	polygon: autoDraw = False
25.1923 	EXP 	image: image = './stims/outputs/stim_0_67.png'
25.1923 	EXP 	image: autoDraw = True
25.4429 	EXP 	image: autoDraw = False
25.4429 	EXP 	image: autoDraw = False
25.4429 	EXP 	polygon: autoDraw = True
26.4424 	EXP 	polygon: autoDraw = False
26.4424 	EXP 	polygon: autoDraw = False
26.4424 	EXP 	text_2: autoDraw = True
26.7115 	DATA 	Keypress: 1
26.7157 	EXP 	New trial (rep=2, index=0): None
26.7255 	EXP 	text_2: autoDraw = False
26.7255 	EXP 	polygon: autoDraw = True
27.7257 	EXP 	polygon: autoDraw = False
27.7257 	EXP 	polygon: autoDraw = False
27.7257 	EXP 	image: image = './stims/outputs/stim_1_43.png'
27.7257 	EXP 	image: autoDraw = True
28.0258 	EXP 	image: autoDraw = False
28.0258 	EXP 	image: autoDraw = False
28.0258 	EXP 	polygon: autoDraw = True
29.0266 	EXP 	polygon: autoDraw = False
29.0266 	EXP 	polygon: autoDraw = False
29.0266 	EXP 	text_2: autoDraw = True
29.3276 	DATA 	Keypress: 1
29.3317 	EXP 	New trial (rep=3, index=0): None
29.3428 	EXP 	text_2: autoDraw = False
29.3428 	EXP 	polygon: autoDraw = True
30.3426 	EXP 	polygon: autoDraw = False
30.3426 	EXP 	polygon: autoDraw = False
30.3426 	EXP 	image: image = './stims/outputs/stim_1_74.png'
30.3426 	EXP 	image: autoDraw = True
30.5430 	EXP 	image: autoDraw = False
30.5430 	EXP 	image: autoDraw = False
30.5430 	EXP 	polygon: autoDraw = True
31.5422 	EXP 	polygon: autoDraw = False
31.5422 	EXP 	polygon: autoDraw = False
31.5422 	EXP 	text_2: autoDraw = True
31.7444 	DATA 	Keypress: 2
31.7486 	EXP 	New trial (rep=4, index=0): None
31.7592 	EXP 	text_2: autoDraw = False
31.7592 	EXP 	polygon: autoDraw = True
32.7589 	EXP 	polygon: autoDraw = False
32.7589 	EXP 	polygon: autoDraw = False
32.7589 	EXP 	image: image = './stims/outputs/stim_0_1.png'
32.7589 	EXP 	image: autoDraw = True
32.9428 	EXP 	image: autoDraw = False
32.9428 	EXP 	polygon: autoDraw = True
33.9420 	EXP 	polygon: autoDraw = False
33.9420 	EXP 	text_2: autoDraw = True
34.2112 	DATA 	Keypress: 1
34.2154 	EXP 	New trial (rep=5, index=0): None
34.2261 	EXP 	text_2: autoDraw = False
34.2261 	EXP 	polygon: autoDraw = True
35.2260 	EXP 	polygon: autoDraw = False
35.2260 	EXP 	polygon: autoDraw = False
35.2260 	EXP 	image: image = './stims/outputs/stim_0_91.png'
35.2260 	EXP 	image: autoDraw = True
35.5097 	EXP 	image: autoDraw = False
35.5097 	EXP 	polygon: autoDraw = True
36.5098 	EXP 	polygon: autoDraw = False
36.5098 	EXP 	text_2: autoDraw = True
36.8116 	DATA 	Keypress: 1
36.8158 	EXP 	New trial (rep=6, index=0): None
36.8260 	EXP 	text_2: autoDraw = False
36.8260 	EXP 	polygon: autoDraw = True
37.8262 	EXP 	polygon: autoDraw = False
37.8262 	EXP 	polygon: autoDraw = False
37.8262 	EXP 	image: image = './stims/outputs/stim_1_59.png'
37.8262 	EXP 	image: autoDraw = True
38.1263 	EXP 	image: autoDraw = False
38.1263 	EXP 	image: autoDraw = False
38.1263 	EXP 	polygon: autoDraw = True
39.1260 	EXP 	polygon: autoDraw = False
39.1260 	EXP 	polygon: autoDraw = False
39.1260 	EXP 	text_2: autoDraw = True
39.3785 	DATA 	Keypress: 2
39.3826 	EXP 	New trial (rep=7, index=0): None
39.3927 	EXP 	text_2: autoDraw = False
39.3927 	EXP 	polygon: autoDraw = True
40.3929 	EXP 	polygon: autoDraw = False
40.3929 	EXP 	polygon: autoDraw = False
40.3929 	EXP 	image: image = './stims/outputs/stim_0_30.png'
40.3929 	EXP 	image: autoDraw = True
40.8428 	EXP 	image: autoDraw = False
40.8428 	EXP 	image: autoDraw = False
40.8428 	EXP 	polygon: autoDraw = True
41.8436 	EXP 	polygon: autoDraw = False
41.8436 	EXP 	polygon: autoDraw = False
41.8436 	EXP 	text_2: autoDraw = True
42.1291 	DATA 	Keypress: 1
42.1333 	EXP 	New trial (rep=8, index=0): None
42.1427 	EXP 	text_2: autoDraw = False
42.1427 	EXP 	polygon: autoDraw = True
43.1473 	EXP 	polygon: autoDraw = False
43.1473 	EXP 	polygon: autoDraw = False
43.1473 	EXP 	image: image = './stims/outputs/stim_1_76.png'
43.1473 	EXP 	image: autoDraw = True
43.5097 	EXP 	image: autoDraw = False
43.5097 	EXP 	polygon: autoDraw = True
44.5103 	EXP 	polygon: autoDraw = False
44.5103 	EXP 	text_2: autoDraw = True
44.8620 	DATA 	Keypress: 2
44.8663 	EXP 	New trial (rep=9, index=0): None
44.8762 	EXP 	text_2: autoDraw = False
44.8762 	EXP 	polygon: autoDraw = True
45.8764 	EXP 	polygon: autoDraw = False
45.8764 	EXP 	polygon: autoDraw = False
45.8764 	EXP 	image: image = './stims/outputs/stim_1_34.png'
45.8764 	EXP 	image: autoDraw = True
46.0598 	EXP 	image: autoDraw = False
46.0598 	EXP 	polygon: autoDraw = True
47.0595 	EXP 	polygon: autoDraw = False
47.0595 	EXP 	text_2: autoDraw = True
47.6450 	DATA 	Keypress: 1
47.6492 	EXP 	New trial (rep=10, index=0): None
47.6594 	EXP 	text_2: autoDraw = False
47.6594 	EXP 	polygon: autoDraw = True
48.6596 	EXP 	polygon: autoDraw = False
48.6596 	EXP 	polygon: autoDraw = False
48.6596 	EXP 	image: image = './stims/outputs/stim_0_25.png'
48.6596 	EXP 	image: autoDraw = True
48.8934 	EXP 	image: autoDraw = False
48.8934 	EXP 	polygon: autoDraw = True
49.8927 	EXP 	polygon: autoDraw = False
49.8927 	EXP 	text_2: autoDraw = True
50.1291 	DATA 	Keypress: 1
50.1334 	EXP 	New trial (rep=11, index=0): None
50.1429 	EXP 	text_2: autoDraw = False
50.1429 	EXP 	polygon: autoDraw = True
51.1439 	EXP 	polygon: autoDraw = False
51.1439 	EXP 	polygon: autoDraw = False
51.1439 	EXP 	image: image = './stims/outputs/stim_0_30.png'
51.1439 	EXP 	image: autoDraw = True
51.2447 	EXP 	image: autoDraw = False
51.2447 	EXP 	image: autoDraw = False
51.2447 	EXP 	polygon: autoDraw = True
52.2433 	EXP 	polygon: autoDraw = False
52.2433 	EXP 	polygon: autoDraw = False
52.2433 	EXP 	text_2: autoDraw = True
52.5614 	DATA 	Keypress: 1
52.5656 	EXP 	New trial (rep=12, index=0): None
52.5765 	EXP 	text_2: autoDraw = False
52.5765 	EXP 	polygon: autoDraw = True
53.5761 	EXP 	polygon: autoDraw = False
53.5761 	EXP 	polygon: autoDraw = False
53.5761 	EXP 	image: image = './stims/outputs/stim_0_64.png'
53.5761 	EXP 	image: autoDraw = True
53.7599 	EXP 	image: autoDraw = False
53.7599 	EXP 	polygon: autoDraw = True
54.7601 	EXP 	polygon: autoDraw = False
54.7601 	EXP 	text_2: autoDraw = True
54.9951 	DATA 	Keypress: 2
54.9992 	EXP 	New trial (rep=13, index=0): None
55.0095 	EXP 	text_2: autoDraw = False
55.0095 	EXP 	polygon: autoDraw = True
56.0101 	EXP 	polygon: autoDraw = False
56.0101 	EXP 	polygon: autoDraw = False
56.0101 	EXP 	image: image = './stims/outputs/stim_1_4.png'
56.0101 	EXP 	image: autoDraw = True
56.3938 	EXP 	image: autoDraw = False
56.3938 	EXP 	polygon: autoDraw = True
57.3936 	EXP 	polygon: autoDraw = False
57.3936 	EXP 	text_2: autoDraw = True
57.8288 	DATA 	Keypress: 2
57.8329 	EXP 	New trial (rep=14, index=0): None
57.8427 	EXP 	text_2: autoDraw = False
57.8427 	EXP 	polygon: autoDraw = True
58.8436 	EXP 	polygon: autoDraw = False
58.8436 	EXP 	polygon: autoDraw = False
58.8436 	EXP 	image: image = './stims/outputs/stim_1_83.png'
58.8436 	EXP 	image: autoDraw = True
59.1269 	EXP 	image: autoDraw = False
59.1269 	EXP 	polygon: autoDraw = True
60.1265 	EXP 	polygon: autoDraw = False
60.1265 	EXP 	text_2: autoDraw = True
60.3976 	EXP 	New trial (rep=15, index=0): None
60.4017 	DATA 	Keypress: 1
60.4103 	EXP 	text_2: autoDraw = False
60.4103 	EXP 	polygon: autoDraw = True
61.4101 	EXP 	polygon: autoDraw = False
61.4101 	EXP 	polygon: autoDraw = False
61.4101 	EXP 	image: image = './stims/outputs/stim_1_6.png'
61.4101 	EXP 	image: autoDraw = True
61.5097 	EXP 	image: autoDraw = False
61.5097 	EXP 	image: autoDraw = False
61.5097 	EXP 	polygon: autoDraw = True
62.5108 	EXP 	polygon: autoDraw = False
62.5108 	EXP 	polygon: autoDraw = False
62.5108 	EXP 	text_2: autoDraw = True
63.0619 	DATA 	Keypress: 1
63.0661 	EXP 	New trial (rep=16, index=0): None
63.0763 	EXP 	text_2: autoDraw = False
63.0763 	EXP 	polygon: autoDraw = True
64.0770 	EXP 	polygon: autoDraw = False
64.0770 	EXP 	polygon: autoDraw = False
64.0770 	EXP 	image: image = './stims/outputs/stim_1_26.png'
64.0770 	EXP 	image: autoDraw = True
64.1273 	EXP 	image: autoDraw = False
64.1273 	EXP 	image: autoDraw = False
64.1273 	EXP 	polygon: autoDraw = True
65.1272 	EXP 	polygon: autoDraw = False
65.1272 	EXP 	polygon: autoDraw = False
65.1272 	EXP 	text_2: autoDraw = True
65.4642 	EXP 	New trial (rep=17, index=0): None
65.4689 	DATA 	Keypress: 1
65.4770 	EXP 	text_2: autoDraw = False
65.4770 	EXP 	polygon: autoDraw = True
66.4767 	EXP 	polygon: autoDraw = False
66.4767 	EXP 	polygon: autoDraw = False
66.4767 	EXP 	image: image = './stims/outputs/stim_0_63.png'
66.4767 	EXP 	image: autoDraw = True
66.6105 	EXP 	image: autoDraw = False
66.6105 	EXP 	polygon: autoDraw = True
67.6105 	EXP 	polygon: autoDraw = False
67.6105 	EXP 	text_2: autoDraw = True
67.9124 	DATA 	Keypress: 1
67.9165 	EXP 	New trial (rep=18, index=0): None
67.9267 	EXP 	text_2: autoDraw = False
67.9267 	EXP 	polygon: autoDraw = True
68.9269 	EXP 	polygon: autoDraw = False
68.9269 	EXP 	polygon: autoDraw = False
68.9269 	EXP 	image: image = './stims/outputs/stim_0_39.png'
68.9269 	EXP 	image: autoDraw = True
69.1771 	EXP 	image: autoDraw = False
69.1771 	EXP 	image: autoDraw = False
69.1771 	EXP 	polygon: autoDraw = True
70.1773 	EXP 	polygon: autoDraw = False
70.1773 	EXP 	polygon: autoDraw = False
70.1773 	EXP 	text_2: autoDraw = True
71.0457 	DATA 	Keypress: 1
71.0498 	EXP 	New trial (rep=19, index=0): None
71.0603 	EXP 	text_2: autoDraw = False
71.0603 	EXP 	polygon: autoDraw = True
72.0600 	EXP 	polygon: autoDraw = False
72.0600 	EXP 	polygon: autoDraw = False
72.0600 	EXP 	image: image = './stims/outputs/stim_1_39.png'
72.0600 	EXP 	image: autoDraw = True
72.5604 	EXP 	image: autoDraw = False
72.5604 	EXP 	image: autoDraw = False
72.5604 	EXP 	polygon: autoDraw = True
73.5607 	EXP 	polygon: autoDraw = False
73.5607 	EXP 	polygon: autoDraw = False
73.5607 	EXP 	text_2: autoDraw = True
74.4794 	DATA 	Keypress: 2
74.4836 	EXP 	New trial (rep=20, index=0): None
74.4937 	EXP 	text_2: autoDraw = False
74.4937 	EXP 	polygon: autoDraw = True
75.4953 	EXP 	polygon: autoDraw = False
75.4953 	EXP 	polygon: autoDraw = False
75.4953 	EXP 	image: image = './stims/outputs/stim_1_22.png'
75.4953 	EXP 	image: autoDraw = True
75.5271 	EXP 	image: autoDraw = False
75.5271 	EXP 	polygon: autoDraw = True
76.5275 	EXP 	polygon: autoDraw = False
76.5275 	EXP 	text_2: autoDraw = True
81.5957 	DATA 	Keypress: 1
81.5998 	EXP 	New trial (rep=21, index=0): None
81.6108 	EXP 	text_2: autoDraw = False
81.6108 	EXP 	polygon: autoDraw = True
82.6110 	EXP 	polygon: autoDraw = False
82.6110 	EXP 	polygon: autoDraw = False
82.6110 	EXP 	image: image = './stims/outputs/stim_0_90.png'
82.6110 	EXP 	image: autoDraw = True
83.0612 	EXP 	image: autoDraw = False
83.0612 	EXP 	image: autoDraw = False
83.0612 	EXP 	polygon: autoDraw = True
84.0605 	EXP 	polygon: autoDraw = False
84.0605 	EXP 	polygon: autoDraw = False
84.0605 	EXP 	text_2: autoDraw = True
84.3125 	DATA 	Keypress: 1
84.3166 	EXP 	New trial (rep=22, index=0): None
84.3271 	EXP 	text_2: autoDraw = False
84.3271 	EXP 	polygon: autoDraw = True
85.3268 	EXP 	polygon: autoDraw = False
85.3268 	EXP 	polygon: autoDraw = False
85.3268 	EXP 	image: image = './stims/outputs/stim_0_39.png'
85.3268 	EXP 	image: autoDraw = True
85.5611 	EXP 	image: autoDraw = False
85.5611 	EXP 	polygon: autoDraw = True
86.5612 	EXP 	polygon: autoDraw = False
86.5612 	EXP 	text_2: autoDraw = True
86.8293 	DATA 	Keypress: 1
86.8335 	EXP 	New trial (rep=23, index=0): None
86.8437 	EXP 	text_2: autoDraw = False
86.8437 	EXP 	polygon: autoDraw = True
87.8438 	EXP 	polygon: autoDraw = False
87.8438 	EXP 	polygon: autoDraw = False
87.8438 	EXP 	image: image = './stims/outputs/stim_0_55.png'
87.8438 	EXP 	image: autoDraw = True
88.2273 	EXP 	image: autoDraw = False
88.2273 	EXP 	polygon: autoDraw = True
89.2273 	EXP 	polygon: autoDraw = False
89.2273 	EXP 	text_2: autoDraw = True
89.5812 	EXP 	New trial (rep=24, index=0): None
89.5854 	DATA 	Keypress: 1
89.5943 	EXP 	text_2: autoDraw = False
89.5943 	EXP 	polygon: autoDraw = True
90.5946 	EXP 	polygon: autoDraw = False
90.5946 	EXP 	polygon: autoDraw = False
90.5946 	EXP 	image: image = './stims/outputs/stim_0_36.png'
90.5946 	EXP 	image: autoDraw = True
90.6780 	EXP 	image: autoDraw = False
90.6780 	EXP 	polygon: autoDraw = True
91.6782 	EXP 	polygon: autoDraw = False
91.6782 	EXP 	text_2: autoDraw = True
92.1988 	EXP 	New trial (rep=25, index=0): None
92.2107 	EXP 	text_2: autoDraw = False
92.2107 	EXP 	polygon: autoDraw = True
92.2158 	DATA 	Keypress: 1
93.2111 	EXP 	polygon: autoDraw = False
93.2111 	EXP 	polygon: autoDraw = False
93.2111 	EXP 	image: image = './stims/outputs/stim_1_63.png'
93.2111 	EXP 	image: autoDraw = True
93.2443 	EXP 	image: autoDraw = False
93.2443 	EXP 	polygon: autoDraw = True
94.2456 	EXP 	polygon: autoDraw = False
94.2456 	EXP 	text_2: autoDraw = True
94.4987 	EXP 	New trial (rep=26, index=0): None
94.5030 	DATA 	Keypress: 2
94.5112 	EXP 	text_2: autoDraw = False
94.5112 	EXP 	polygon: autoDraw = True
95.5129 	EXP 	polygon: autoDraw = False
95.5129 	EXP 	polygon: autoDraw = False
95.5129 	EXP 	image: image = './stims/outputs/stim_0_49.png'
95.5129 	EXP 	image: autoDraw = True
95.9445 	EXP 	image: autoDraw = False
95.9445 	EXP 	polygon: autoDraw = True
96.9450 	EXP 	polygon: autoDraw = False
96.9450 	EXP 	text_2: autoDraw = True
97.2300 	DATA 	Keypress: 1
97.2343 	EXP 	New trial (rep=27, index=0): None
97.2444 	EXP 	text_2: autoDraw = False
97.2444 	EXP 	polygon: autoDraw = True
98.2449 	EXP 	polygon: autoDraw = False
98.2449 	EXP 	polygon: autoDraw = False
98.2449 	EXP 	image: image = './stims/outputs/stim_0_88.png'
98.2449 	EXP 	image: autoDraw = True
98.3948 	EXP 	image: autoDraw = False
98.3948 	EXP 	image: autoDraw = False
98.3948 	EXP 	polygon: autoDraw = True
99.3947 	EXP 	polygon: autoDraw = False
99.3947 	EXP 	polygon: autoDraw = False
99.3947 	EXP 	text_2: autoDraw = True
99.9468 	DATA 	Keypress: 1
99.9509 	EXP 	New trial (rep=28, index=0): None
99.9609 	EXP 	text_2: autoDraw = False
99.9609 	EXP 	polygon: autoDraw = True
100.9615 	EXP 	polygon: autoDraw = False
100.9615 	EXP 	polygon: autoDraw = False
100.9615 	EXP 	image: image = './stims/outputs/stim_0_69.png'
100.9615 	EXP 	image: autoDraw = True
101.3449 	EXP 	image: autoDraw = False
101.3449 	EXP 	polygon: autoDraw = True
102.3445 	EXP 	polygon: autoDraw = False
102.3445 	EXP 	text_2: autoDraw = True
102.8298 	DATA 	Keypress: 1
102.8339 	EXP 	New trial (rep=29, index=0): None
102.8445 	EXP 	text_2: autoDraw = False
102.8445 	EXP 	polygon: autoDraw = True
103.8449 	EXP 	polygon: autoDraw = False
103.8449 	EXP 	polygon: autoDraw = False
103.8449 	EXP 	image: image = './stims/outputs/stim_0_46.png'
103.8449 	EXP 	image: autoDraw = True
103.8943 	EXP 	image: autoDraw = False
103.8943 	EXP 	image: autoDraw = False
103.8943 	EXP 	polygon: autoDraw = True
104.8949 	EXP 	polygon: autoDraw = False
104.8949 	EXP 	polygon: autoDraw = False
104.8949 	EXP 	text_2: autoDraw = True
118.6649 	DATA 	Keypress: 2
118.6696 	EXP 	New trial (rep=30, index=0): None
118.6784 	EXP 	text_2: autoDraw = False
118.6784 	EXP 	polygon: autoDraw = True
119.6812 	EXP 	polygon: autoDraw = False
119.6812 	EXP 	polygon: autoDraw = False
119.6812 	EXP 	image: image = './stims/outputs/stim_1_6.png'
119.6812 	EXP 	image: autoDraw = True
120.1617 	EXP 	image: autoDraw = False
120.1617 	EXP 	polygon: autoDraw = True
121.1622 	EXP 	polygon: autoDraw = False
121.1622 	EXP 	text_2: autoDraw = True
121.4144 	DATA 	Keypress: 1
121.4185 	EXP 	New trial (rep=31, index=0): None
121.4286 	EXP 	text_2: autoDraw = False
121.4286 	EXP 	polygon: autoDraw = True
122.4287 	EXP 	polygon: autoDraw = False
122.4287 	EXP 	polygon: autoDraw = False
122.4287 	EXP 	image: image = './stims/outputs/stim_0_22.png'
122.4287 	EXP 	image: autoDraw = True
122.9283 	EXP 	image: autoDraw = False
122.9283 	EXP 	image: autoDraw = False
122.9283 	EXP 	polygon: autoDraw = True
123.9289 	EXP 	polygon: autoDraw = False
123.9289 	EXP 	polygon: autoDraw = False
123.9289 	EXP 	text_2: autoDraw = True
125.5472 	DATA 	Keypress: 1
125.5514 	EXP 	New trial (rep=32, index=0): None
125.5620 	EXP 	text_2: autoDraw = False
125.5620 	EXP 	polygon: autoDraw = True
126.5617 	EXP 	polygon: autoDraw = False
126.5617 	EXP 	polygon: autoDraw = False
126.5617 	EXP 	image: image = './stims/outputs/stim_1_5.png'
126.5617 	EXP 	image: autoDraw = True
126.7123 	EXP 	image: autoDraw = False
126.7123 	EXP 	image: autoDraw = False
126.7123 	EXP 	polygon: autoDraw = True
127.7117 	EXP 	polygon: autoDraw = False
127.7117 	EXP 	polygon: autoDraw = False
127.7117 	EXP 	text_2: autoDraw = True
127.9976 	DATA 	Keypress: 1
128.0016 	EXP 	New trial (rep=33, index=0): None
128.0118 	EXP 	text_2: autoDraw = False
128.0118 	EXP 	polygon: autoDraw = True
129.0119 	EXP 	polygon: autoDraw = False
129.0119 	EXP 	polygon: autoDraw = False
129.0119 	EXP 	image: image = './stims/outputs/stim_0_46.png'
129.0119 	EXP 	image: autoDraw = True
129.3122 	EXP 	image: autoDraw = False
129.3122 	EXP 	image: autoDraw = False
129.3122 	EXP 	polygon: autoDraw = True
130.3127 	EXP 	polygon: autoDraw = False
130.3127 	EXP 	polygon: autoDraw = False
130.3127 	EXP 	text_2: autoDraw = True
130.8812 	DATA 	Keypress: 1
130.8853 	EXP 	New trial (rep=34, index=0): None
130.8948 	EXP 	text_2: autoDraw = False
130.8948 	EXP 	polygon: autoDraw = True
131.8956 	EXP 	polygon: autoDraw = False
131.8956 	EXP 	polygon: autoDraw = False
131.8956 	EXP 	image: image = './stims/outputs/stim_1_58.png'
131.8956 	EXP 	image: autoDraw = True
131.9959 	EXP 	image: autoDraw = False
131.9959 	EXP 	image: autoDraw = False
131.9959 	EXP 	polygon: autoDraw = True
132.9955 	EXP 	polygon: autoDraw = False
132.9955 	EXP 	polygon: autoDraw = False
132.9955 	EXP 	text_2: autoDraw = True
133.5826 	EXP 	New trial (rep=35, index=0): None
133.5866 	DATA 	Keypress: 1
133.5956 	EXP 	text_2: autoDraw = False
133.5956 	EXP 	polygon: autoDraw = True
134.5955 	EXP 	polygon: autoDraw = False
134.5955 	EXP 	polygon: autoDraw = False
134.5955 	EXP 	image: image = './stims/outputs/stim_1_93.png'
134.5955 	EXP 	image: autoDraw = True
134.8455 	EXP 	image: autoDraw = False
134.8455 	EXP 	image: autoDraw = False
134.8455 	EXP 	polygon: autoDraw = True
135.8452 	EXP 	polygon: autoDraw = False
135.8452 	EXP 	polygon: autoDraw = False
135.8452 	EXP 	text_2: autoDraw = True
136.0973 	DATA 	Keypress: 2
136.1015 	EXP 	New trial (rep=36, index=0): None
136.1119 	EXP 	text_2: autoDraw = False
136.1119 	EXP 	polygon: autoDraw = True
137.1122 	EXP 	polygon: autoDraw = False
137.1122 	EXP 	polygon: autoDraw = False
137.1122 	EXP 	image: image = './stims/outputs/stim_1_49.png'
137.1122 	EXP 	image: autoDraw = True
137.4125 	EXP 	image: autoDraw = False
137.4125 	EXP 	image: autoDraw = False
137.4125 	EXP 	polygon: autoDraw = True
138.4126 	EXP 	polygon: autoDraw = False
138.4126 	EXP 	polygon: autoDraw = False
138.4126 	EXP 	text_2: autoDraw = True
138.9141 	DATA 	Keypress: 2
138.9183 	EXP 	New trial (rep=37, index=0): None
138.9290 	EXP 	text_2: autoDraw = False
138.9290 	EXP 	polygon: autoDraw = True
139.9284 	EXP 	polygon: autoDraw = False
139.9284 	EXP 	polygon: autoDraw = False
139.9284 	EXP 	image: image = './stims/outputs/stim_1_50.png'
139.9284 	EXP 	image: autoDraw = True
140.0628 	EXP 	image: autoDraw = False
140.0628 	EXP 	polygon: autoDraw = True
141.0619 	EXP 	polygon: autoDraw = False
141.0619 	EXP 	text_2: autoDraw = True
141.3481 	DATA 	Keypress: 2
141.3522 	EXP 	New trial (rep=38, index=0): None
141.3624 	EXP 	text_2: autoDraw = False
141.3624 	EXP 	polygon: autoDraw = True
142.3620 	EXP 	polygon: autoDraw = False
142.3620 	EXP 	polygon: autoDraw = False
142.3620 	EXP 	image: image = './stims/outputs/stim_1_62.png'
142.3620 	EXP 	image: autoDraw = True
142.4962 	EXP 	image: autoDraw = False
142.4962 	EXP 	polygon: autoDraw = True
143.4959 	EXP 	polygon: autoDraw = False
143.4959 	EXP 	text_2: autoDraw = True
143.7978 	DATA 	Keypress: 2
143.8021 	EXP 	New trial (rep=39, index=0): None
143.8122 	EXP 	text_2: autoDraw = False
143.8122 	EXP 	polygon: autoDraw = True
144.8124 	EXP 	polygon: autoDraw = False
144.8124 	EXP 	polygon: autoDraw = False
144.8124 	EXP 	image: image = './stims/outputs/stim_0_70.png'
144.8124 	EXP 	image: autoDraw = True
145.3126 	EXP 	image: autoDraw = False
145.3126 	EXP 	image: autoDraw = False
145.3126 	EXP 	polygon: autoDraw = True
146.3125 	EXP 	polygon: autoDraw = False
146.3125 	EXP 	polygon: autoDraw = False
146.3125 	EXP 	text_2: autoDraw = True
146.5810 	DATA 	Keypress: 1
146.5851 	EXP 	New trial (rep=40, index=0): None
146.5959 	EXP 	text_2: autoDraw = False
146.5959 	EXP 	polygon: autoDraw = True
147.5955 	EXP 	polygon: autoDraw = False
147.5955 	EXP 	polygon: autoDraw = False
147.5955 	EXP 	image: image = './stims/outputs/stim_1_49.png'
147.5955 	EXP 	image: autoDraw = True
147.8460 	EXP 	image: autoDraw = False
147.8460 	EXP 	image: autoDraw = False
147.8460 	EXP 	polygon: autoDraw = True
148.8453 	EXP 	polygon: autoDraw = False
148.8453 	EXP 	polygon: autoDraw = False
148.8453 	EXP 	text_2: autoDraw = True
149.3161 	EXP 	New trial (rep=41, index=0): None
149.3201 	DATA 	Keypress: 1
149.3291 	EXP 	text_2: autoDraw = False
149.3291 	EXP 	polygon: autoDraw = True
150.3293 	EXP 	polygon: autoDraw = False
150.3293 	EXP 	polygon: autoDraw = False
150.3293 	EXP 	image: image = './stims/outputs/stim_0_96.png'
150.3293 	EXP 	image: autoDraw = True
150.4797 	EXP 	image: autoDraw = False
150.4797 	EXP 	image: autoDraw = False
150.4797 	EXP 	polygon: autoDraw = True
151.4796 	EXP 	polygon: autoDraw = False
151.4796 	EXP 	polygon: autoDraw = False
151.4796 	EXP 	text_2: autoDraw = True
151.7144 	DATA 	Keypress: 1
151.7186 	EXP 	New trial (rep=42, index=0): None
151.7290 	EXP 	text_2: autoDraw = False
151.7290 	EXP 	polygon: autoDraw = True
152.7289 	EXP 	polygon: autoDraw = False
152.7289 	EXP 	polygon: autoDraw = False
152.7289 	EXP 	image: image = './stims/outputs/stim_0_76.png'
152.7289 	EXP 	image: autoDraw = True
152.8295 	EXP 	image: autoDraw = False
152.8295 	EXP 	image: autoDraw = False
152.8295 	EXP 	polygon: autoDraw = True
153.8289 	EXP 	polygon: autoDraw = False
153.8289 	EXP 	polygon: autoDraw = False
153.8289 	EXP 	text_2: autoDraw = True
154.1151 	DATA 	Keypress: 1
154.1192 	EXP 	New trial (rep=43, index=0): None
154.1289 	EXP 	text_2: autoDraw = False
154.1289 	EXP 	polygon: autoDraw = True
155.1295 	EXP 	polygon: autoDraw = False
155.1295 	EXP 	polygon: autoDraw = False
155.1295 	EXP 	image: image = './stims/outputs/stim_0_28.png'
155.1295 	EXP 	image: autoDraw = True
155.5794 	EXP 	image: autoDraw = False
155.5794 	EXP 	image: autoDraw = False
155.5794 	EXP 	polygon: autoDraw = True
156.5792 	EXP 	polygon: autoDraw = False
156.5792 	EXP 	polygon: autoDraw = False
156.5792 	EXP 	text_2: autoDraw = True
157.1322 	DATA 	Keypress: 2
157.1364 	EXP 	New trial (rep=44, index=0): None
157.1456 	EXP 	text_2: autoDraw = False
157.1456 	EXP 	polygon: autoDraw = True
158.1458 	EXP 	polygon: autoDraw = False
158.1458 	EXP 	polygon: autoDraw = False
158.1458 	EXP 	image: image = './stims/outputs/stim_1_0.png'
158.1458 	EXP 	image: autoDraw = True
158.2965 	EXP 	image: autoDraw = False
158.2965 	EXP 	image: autoDraw = False
158.2965 	EXP 	polygon: autoDraw = True
159.2959 	EXP 	polygon: autoDraw = False
159.2959 	EXP 	polygon: autoDraw = False
159.2959 	EXP 	text_2: autoDraw = True
159.6648 	DATA 	Keypress: 1
159.6689 	EXP 	New trial (rep=45, index=0): None
159.6789 	EXP 	text_2: autoDraw = False
159.6789 	EXP 	polygon: autoDraw = True
160.6795 	EXP 	polygon: autoDraw = False
160.6795 	EXP 	polygon: autoDraw = False
160.6795 	EXP 	image: image = './stims/outputs/stim_0_24.png'
160.6795 	EXP 	image: autoDraw = True
161.1795 	EXP 	image: autoDraw = False
161.1795 	EXP 	image: autoDraw = False
161.1795 	EXP 	polygon: autoDraw = True
162.1799 	EXP 	polygon: autoDraw = False
162.1799 	EXP 	polygon: autoDraw = False
162.1799 	EXP 	text_2: autoDraw = True
162.4817 	DATA 	Keypress: 1
162.4859 	EXP 	New trial (rep=46, index=0): None
162.4957 	EXP 	text_2: autoDraw = False
162.4957 	EXP 	polygon: autoDraw = True
163.4960 	EXP 	polygon: autoDraw = False
163.4960 	EXP 	polygon: autoDraw = False
163.4960 	EXP 	image: image = './stims/outputs/stim_0_3.png'
163.4960 	EXP 	image: autoDraw = True
163.9795 	EXP 	image: autoDraw = False
163.9795 	EXP 	polygon: autoDraw = True
164.9794 	EXP 	polygon: autoDraw = False
164.9794 	EXP 	text_2: autoDraw = True
165.1983 	DATA 	Keypress: 2
165.2024 	EXP 	New trial (rep=47, index=0): None
165.2129 	EXP 	text_2: autoDraw = False
165.2129 	EXP 	polygon: autoDraw = True
166.2126 	EXP 	polygon: autoDraw = False
166.2126 	EXP 	polygon: autoDraw = False
166.2126 	EXP 	image: image = './stims/outputs/stim_1_90.png'
166.2126 	EXP 	image: autoDraw = True
166.4465 	EXP 	image: autoDraw = False
166.4465 	EXP 	polygon: autoDraw = True
167.4460 	EXP 	polygon: autoDraw = False
167.4460 	EXP 	text_2: autoDraw = True
167.6650 	DATA 	Keypress: 1
167.6691 	EXP 	New trial (rep=48, index=0): None
167.6795 	EXP 	text_2: autoDraw = False
167.6795 	EXP 	polygon: autoDraw = True
168.6795 	EXP 	polygon: autoDraw = False
168.6795 	EXP 	polygon: autoDraw = False
168.6795 	EXP 	image: image = './stims/outputs/stim_1_38.png'
168.6795 	EXP 	image: autoDraw = True
168.7802 	EXP 	image: autoDraw = False
168.7802 	EXP 	image: autoDraw = False
168.7802 	EXP 	polygon: autoDraw = True
169.7800 	EXP 	polygon: autoDraw = False
169.7800 	EXP 	polygon: autoDraw = False
169.7800 	EXP 	text_2: autoDraw = True
170.4817 	DATA 	Keypress: 1
170.4859 	EXP 	New trial (rep=49, index=0): None
170.4965 	EXP 	text_2: autoDraw = False
170.4965 	EXP 	polygon: autoDraw = True
171.4959 	EXP 	polygon: autoDraw = False
171.4959 	EXP 	polygon: autoDraw = False
171.4959 	EXP 	image: image = './stims/outputs/stim_0_28.png'
171.4959 	EXP 	image: autoDraw = True
171.6800 	EXP 	image: autoDraw = False
171.6800 	EXP 	polygon: autoDraw = True
172.6798 	EXP 	polygon: autoDraw = False
172.6798 	EXP 	text_2: autoDraw = True
172.9822 	DATA 	Keypress: 1
172.9959 	EXP 	text_2: autoDraw = False
172.9959 	EXP 	text_3: autoDraw = True
173.6850 	DATA 	Keypress: space
173.7130 	EXP 	text_3: autoDraw = False
173.7130 	EXP 	text_3: autoDraw = False
173.7755 	EXP 	window1: mouseVisible = True
