0.6260 	WARNING 	We strongly recommend you activate the PTB sound engine in PsychoPy prefs as the preferred audio engine. Its timing is vastly superior. Your prefs are currently set to use ['sounddevice', 'PTB', 'pyo', 'pygame'] (in that order).
5.2716 	WARNING 	User requested fullscreen with size [1024  768], but screen is actually [1440, 900]. Using actual size
5.8597 	EXP 	Created window1 = Window(allowGUI=False, allowStencil=False, autoLog=True, backendConf=UNKNOWN, bitsMode=UNKNOWN, blendMode='avg', bpc=(8, 8, 8), color=array([0, 0, 0]), colorSpace='rgb', depthBits=8, fullscr=<method-wrapper '__getattribute__' of attributeSetter object at 0x7ff3ca34cba8>, gamma=None, gammaErrorPolicy='raise', lms=UNKNOWN, monitor=<psychopy.monitors.calibTools.Monitor object at 0x7ff42d474cc0>, multiSample=False, name='window1', numSamples=2, pos=[360.0, 225.0], screen=0, size=array([2880, 1800]), stencilBits=0, stereo=False, units='height', useFBO=True, useRetina=True, viewOri=0.0, viewPos=None, viewScale=None, waitBlanking=True, winType='pyglet')
5.8600 	EXP 	window1: mouseVisible = True
5.8600 	EXP 	window1: recordFrameIntervals = False
6.0265 	EXP 	window1: recordFrameIntervals = True
6.2099 	EXP 	window1: recordFrameIntervals = False
6.8512 	EXP 	Created text = TextStim(__class__=<class 'psychopy.visual.text.TextStim'>, alignHoriz=method-wrapper(...), alignText='center', alignVert=method-wrapper(...), anchorHoriz='center', anchorVert='center', antialias=True, autoLog=True, bold=False, color=array([1., 1., 1.]), colorSpace='rgb', contrast=1.0, depth=0.0, flipHoriz=False, flipVert=False, font='Open Sans', fontFiles=[], height=0.04, italic=False, languageStyle='LTR', name='text', opacity=1, ori=0.0, pos=array([0., 0.]), rgb=UNKNOWN, text=str(...), units='height', win=Window(...), wrapWidth=1)
6.8541 	EXP 	Created polygon = ShapeStim(__class__=<class 'psychopy.visual.shape.ShapeStim'>, autoDraw=False, autoLog=True, closeShape=True, color=method-wrapper(...), colorSpace='rgb', contrast=None, depth=0.0, fillColor=array([1, 1, 1]), fillColorSpace='rgb', fillRGB=array([1, 1, 1]), interpolate=True, lineColor=array([1., 1., 1.]), lineColorSpace='rgb', lineRGB=array([1, 1, 1]), lineWidth=1.0, name='polygon', opacity=1, ori=0.0, pos=array([0., 0.]), size=array([0.075, 0.075]), units='height', vertices=ndarray(...), win=Window(...), windingRule=None)
6.8581 	EXP 	Created image_2 = ImageStim(__class__=<class 'psychopy.visual.image.ImageStim'>, autoLog=True, color=array([1., 1., 1.]), colorSpace='rgb', contrast=1.0, depth=0.0, flipHoriz=False, flipVert=False, image='sin', interpolate=True, mask=None, maskParams=None, name='image_2', opacity=1, ori=0.0, pos=array([0., 0.]), size=array([1.  , 0.75]), texRes=128.0, units='height', win=Window(...))
6.8596 	EXP 	Created polygon = ShapeStim(__class__=<class 'psychopy.visual.shape.ShapeStim'>, autoDraw=False, autoLog=True, closeShape=True, color=method-wrapper(...), colorSpace='rgb', contrast=None, depth=0.0, fillColor=array([1, 1, 1]), fillColorSpace='rgb', fillRGB=array([1, 1, 1]), interpolate=True, lineColor=array([1., 1., 1.]), lineColorSpace='rgb', lineRGB=array([1, 1, 1]), lineWidth=1.0, name='polygon', opacity=1, ori=0.0, pos=array([0., 0.]), size=array([0.075, 0.075]), units='height', vertices=ndarray(...), win=Window(...), windingRule=None)
6.8722 	EXP 	Created text_5 = TextStim(__class__=<class 'psychopy.visual.text.TextStim'>, alignHoriz=method-wrapper(...), alignText='center', alignVert=method-wrapper(...), anchorHoriz='center', anchorVert='center', antialias=True, autoLog=True, bold=False, color=array([1., 1., 1.]), colorSpace='rgb', contrast=1.0, depth=0.0, flipHoriz=False, flipVert=False, font='Open Sans', fontFiles=[], height=0.1, italic=False, languageStyle='LTR', name='text_5', opacity=1, ori=0.0, pos=array([0., 0.]), rgb=UNKNOWN, text=str(...), units='height', win=Window(...), wrapWidth=1)
6.8863 	EXP 	Created text_6 = TextStim(__class__=<class 'psychopy.visual.text.TextStim'>, alignHoriz=method-wrapper(...), alignText='center', alignVert=method-wrapper(...), anchorHoriz='center', anchorVert='center', antialias=True, autoLog=True, bold=False, color=array([1., 1., 1.]), colorSpace='rgb', contrast=1.0, depth=0.0, flipHoriz=False, flipVert=False, font='Open Sans', fontFiles=[], height=0.09, italic=False, languageStyle='LTR', name='text_6', opacity=1, ori=0.0, pos=array([0., 0.]), rgb=UNKNOWN, text=str(...), units='height', win=Window(...), wrapWidth=1)
6.9031 	EXP 	Created text_4 = TextStim(__class__=<class 'psychopy.visual.text.TextStim'>, alignHoriz=method-wrapper(...), alignText='center', alignVert=method-wrapper(...), anchorHoriz='center', anchorVert='center', antialias=True, autoLog=True, bold=False, color=array([1., 1., 1.]), colorSpace='rgb', contrast=1.0, depth=0.0, flipHoriz=False, flipVert=False, font='Open Sans', fontFiles=[], height=0.08, italic=False, languageStyle='LTR', name='text_4', opacity=1, ori=0.0, pos=array([0., 0.]), rgb=UNKNOWN, text=str(...), units='height', win=Window(...), wrapWidth=1)
6.9058 	EXP 	Created polygon = ShapeStim(__class__=<class 'psychopy.visual.shape.ShapeStim'>, autoDraw=False, autoLog=True, closeShape=True, color=method-wrapper(...), colorSpace='rgb', contrast=None, depth=0.0, fillColor=array([1, 1, 1]), fillColorSpace='rgb', fillRGB=array([1, 1, 1]), interpolate=True, lineColor=array([1., 1., 1.]), lineColorSpace='rgb', lineRGB=array([1, 1, 1]), lineWidth=1.0, name='polygon', opacity=1, ori=0.0, pos=array([0., 0.]), size=array([0.075, 0.075]), units='height', vertices=ndarray(...), win=Window(...), windingRule=None)
6.9092 	EXP 	Created image = ImageStim(__class__=<class 'psychopy.visual.image.ImageStim'>, autoLog=True, color=array([1., 1., 1.]), colorSpace='rgb', contrast=1.0, depth=0.0, flipHoriz=False, flipVert=False, image='sin', interpolate=True, mask=None, maskParams=None, name='image', opacity=1, ori=0.0, pos=array([0., 0.]), size=array([1.  , 0.75]), texRes=200.0, units='height', win=Window(...))
6.9107 	EXP 	Created polygon = ShapeStim(__class__=<class 'psychopy.visual.shape.ShapeStim'>, autoDraw=False, autoLog=True, closeShape=True, color=method-wrapper(...), colorSpace='rgb', contrast=None, depth=0.0, fillColor=array([1, 1, 1]), fillColorSpace='rgb', fillRGB=array([1, 1, 1]), interpolate=True, lineColor=array([1., 1., 1.]), lineColorSpace='rgb', lineRGB=array([1, 1, 1]), lineWidth=1.0, name='polygon', opacity=1, ori=0.0, pos=array([0., 0.]), size=array([0.075, 0.075]), units='height', vertices=ndarray(...), win=Window(...), windingRule=None)
7.1014 	EXP 	Created text_2 = TextStim(__class__=<class 'psychopy.visual.text.TextStim'>, alignHoriz=method-wrapper(...), alignText='center', alignVert=method-wrapper(...), anchorHoriz='center', anchorVert='center', antialias=True, autoLog=True, bold=False, color=array([1., 1., 1.]), colorSpace='rgb', contrast=1.0, depth=-1.0, flipHoriz=False, flipVert=False, font='Open Sans', fontFiles=[], height=0.1, italic=False, languageStyle='LTR', name='text_2', opacity=1, ori=0.0, pos=array([0., 0.]), rgb=UNKNOWN, text=str(...), units='height', win=Window(...), wrapWidth=1)
7.2931 	EXP 	Created text_7 = TextStim(__class__=<class 'psychopy.visual.text.TextStim'>, alignHoriz=method-wrapper(...), alignText='center', alignVert=method-wrapper(...), anchorHoriz='center', anchorVert='center', antialias=True, autoLog=True, bold=False, color=array([1., 1., 1.]), colorSpace='rgb', contrast=1.0, depth=-1.0, flipHoriz=False, flipVert=False, font='Open Sans', fontFiles=[], height=0.09, italic=False, languageStyle='LTR', name='text_7', opacity=1, ori=0.0, pos=array([0., 0.]), rgb=UNKNOWN, text=str(...), units='height', win=Window(...), wrapWidth=1)
7.3005 	EXP 	Created text_3 = TextStim(__class__=<class 'psychopy.visual.text.TextStim'>, alignHoriz=method-wrapper(...), alignText='center', alignVert=method-wrapper(...), anchorHoriz='center', anchorVert='center', antialias=True, autoLog=True, bold=False, color=array([1., 1., 1.]), colorSpace='rgb', contrast=1.0, depth=0.0, flipHoriz=False, flipVert=False, font='Open Sans', fontFiles=[], height=0.1, italic=False, languageStyle='LTR', name='text_3', opacity=1, ori=0.0, pos=array([0., 0.]), rgb=UNKNOWN, text=str(...), units='height', win=Window(...), wrapWidth=1)
7.3084 	EXP 	text: autoDraw = True
7.9813 	DATA 	Keypress: space
7.9845 	EXP 	Created sequence: random, trialTypes=1, nReps=3, seed=None
7.9850 	EXP 	New trial (rep=0, index=0): None
7.9931 	EXP 	text: autoDraw = False
7.9931 	EXP 	text: autoDraw = False
7.9931 	EXP 	polygon: autoDraw = True
9.0083 	EXP 	polygon: autoDraw = False
9.0083 	EXP 	polygon: autoDraw = False
9.0083 	EXP 	image_2: image = './stims/outputs/stim_0_83.png'
9.0083 	EXP 	image_2: autoDraw = True
10.0093 	EXP 	image_2: autoDraw = False
10.0093 	EXP 	polygon: autoDraw = True
11.0093 	EXP 	polygon: autoDraw = False
11.0093 	EXP 	text_5: autoDraw = True
11.4471 	DATA 	Keypress: 1
11.4761 	EXP 	text_5: autoDraw = False
11.4761 	EXP 	text_5: autoDraw = False
11.4761 	EXP 	text_6: autoDraw = True
12.3443 	DATA 	Keypress: 4
12.3460 	EXP 	New trial (rep=1, index=0): None
12.3592 	EXP 	text_6: autoDraw = False
12.3592 	EXP 	text_6: autoDraw = False
12.3592 	EXP 	polygon: autoDraw = True
13.3592 	EXP 	polygon: autoDraw = False
13.3592 	EXP 	polygon: autoDraw = False
13.3592 	EXP 	image_2: image = './stims/outputs/stim_1_98.png'
13.3592 	EXP 	image_2: autoDraw = True
14.3596 	EXP 	image_2: autoDraw = False
14.3596 	EXP 	image_2: autoDraw = False
14.3596 	EXP 	polygon: autoDraw = True
15.3590 	EXP 	polygon: autoDraw = False
15.3590 	EXP 	polygon: autoDraw = False
15.3590 	EXP 	text_5: autoDraw = True
15.8450 	DATA 	Keypress: 1
15.8598 	EXP 	text_5: autoDraw = False
15.8598 	EXP 	text_5: autoDraw = False
15.8598 	EXP 	text_6: autoDraw = True
16.8947 	DATA 	Keypress: 4
16.8962 	EXP 	New trial (rep=2, index=0): None
16.9090 	EXP 	text_6: autoDraw = False
16.9090 	EXP 	text_6: autoDraw = False
16.9090 	EXP 	polygon: autoDraw = True
17.9093 	EXP 	polygon: autoDraw = False
17.9093 	EXP 	polygon: autoDraw = False
17.9093 	EXP 	image_2: image = './stims/outputs/stim_1_59.png'
17.9093 	EXP 	image_2: autoDraw = True
18.9098 	EXP 	image_2: autoDraw = False
18.9098 	EXP 	image_2: autoDraw = False
18.9098 	EXP 	polygon: autoDraw = True
19.9092 	EXP 	polygon: autoDraw = False
19.9092 	EXP 	polygon: autoDraw = False
19.9092 	EXP 	text_5: autoDraw = True
20.9288 	DATA 	Keypress: 1
20.9427 	EXP 	text_5: autoDraw = False
20.9427 	EXP 	text_5: autoDraw = False
20.9427 	EXP 	text_6: autoDraw = True
22.0955 	DATA 	Keypress: 3
22.1554 	EXP 	text_6: autoDraw = False
22.1554 	EXP 	text_6: autoDraw = False
22.1554 	EXP 	text_4: autoDraw = True
25.4124 	DATA 	Keypress: escape
25.5180 	EXP 	window1: mouseVisible = True
0.7698 	WARNING 	We strongly recommend you activate the PTB sound engine in PsychoPy prefs as the preferred audio engine. Its timing is vastly superior. Your prefs are currently set to use ['sounddevice', 'PTB', 'pyo', 'pygame'] (in that order).
5.4344 	WARNING 	User requested fullscreen with size [1024  768], but screen is actually [1440, 900]. Using actual size
6.1214 	EXP 	Created window1 = Window(allowGUI=False, allowStencil=False, autoLog=True, backendConf=UNKNOWN, bitsMode=UNKNOWN, blendMode='avg', bpc=(8, 8, 8), color=array([0, 0, 0]), colorSpace='rgb', depthBits=8, fullscr=<method-wrapper '__getattribute__' of attributeSetter object at 0x7f85a2275c18>, gamma=None, gammaErrorPolicy='raise', lms=UNKNOWN, monitor=<psychopy.monitors.calibTools.Monitor object at 0x7f85a12c4e48>, multiSample=False, name='window1', numSamples=2, pos=[360.0, 225.0], screen=0, size=array([2880, 1800]), stencilBits=0, stereo=False, units='height', useFBO=True, useRetina=True, viewOri=0.0, viewPos=None, viewScale=None, waitBlanking=True, winType='pyglet')
6.1218 	EXP 	window1: mouseVisible = True
6.1219 	EXP 	window1: recordFrameIntervals = False
6.2874 	EXP 	window1: recordFrameIntervals = True
6.4715 	EXP 	window1: recordFrameIntervals = False
7.2946 	EXP 	Created text = TextStim(__class__=<class 'psychopy.visual.text.TextStim'>, alignHoriz=method-wrapper(...), alignText='center', alignVert=method-wrapper(...), anchorHoriz='center', anchorVert='center', antialias=True, autoLog=True, bold=False, color=array([1., 1., 1.]), colorSpace='rgb', contrast=1.0, depth=0.0, flipHoriz=False, flipVert=False, font='Open Sans', fontFiles=[], height=0.04, italic=False, languageStyle='LTR', name='text', opacity=1, ori=0.0, pos=array([0., 0.]), rgb=UNKNOWN, text=str(...), units='height', win=Window(...), wrapWidth=1)
7.2985 	EXP 	Created polygon = ShapeStim(__class__=<class 'psychopy.visual.shape.ShapeStim'>, autoDraw=False, autoLog=True, closeShape=True, color=method-wrapper(...), colorSpace='rgb', contrast=None, depth=0.0, fillColor=array([1, 1, 1]), fillColorSpace='rgb', fillRGB=array([1, 1, 1]), interpolate=True, lineColor=array([1., 1., 1.]), lineColorSpace='rgb', lineRGB=array([1, 1, 1]), lineWidth=1.0, name='polygon', opacity=1, ori=0.0, pos=array([0., 0.]), size=array([0.075, 0.075]), units='height', vertices=ndarray(...), win=Window(...), windingRule=None)
7.3042 	EXP 	Created image_2 = ImageStim(__class__=<class 'psychopy.visual.image.ImageStim'>, autoLog=True, color=array([1., 1., 1.]), colorSpace='rgb', contrast=1.0, depth=0.0, flipHoriz=False, flipVert=False, image='sin', interpolate=True, mask=None, maskParams=None, name='image_2', opacity=1, ori=0.0, pos=array([0., 0.]), size=array([1.  , 0.75]), texRes=128.0, units='height', win=Window(...))
7.3058 	EXP 	Created polygon = ShapeStim(__class__=<class 'psychopy.visual.shape.ShapeStim'>, autoDraw=False, autoLog=True, closeShape=True, color=method-wrapper(...), colorSpace='rgb', contrast=None, depth=0.0, fillColor=array([1, 1, 1]), fillColorSpace='rgb', fillRGB=array([1, 1, 1]), interpolate=True, lineColor=array([1., 1., 1.]), lineColorSpace='rgb', lineRGB=array([1, 1, 1]), lineWidth=1.0, name='polygon', opacity=1, ori=0.0, pos=array([0., 0.]), size=array([0.075, 0.075]), units='height', vertices=ndarray(...), win=Window(...), windingRule=None)
7.3186 	EXP 	Created text_5 = TextStim(__class__=<class 'psychopy.visual.text.TextStim'>, alignHoriz=method-wrapper(...), alignText='center', alignVert=method-wrapper(...), anchorHoriz='center', anchorVert='center', antialias=True, autoLog=True, bold=False, color=array([1., 1., 1.]), colorSpace='rgb', contrast=1.0, depth=0.0, flipHoriz=False, flipVert=False, font='Open Sans', fontFiles=[], height=0.1, italic=False, languageStyle='LTR', name='text_5', opacity=1, ori=0.0, pos=array([0., 0.]), rgb=UNKNOWN, text=str(...), units='height', win=Window(...), wrapWidth=1)
7.3326 	EXP 	Created text_6 = TextStim(__class__=<class 'psychopy.visual.text.TextStim'>, alignHoriz=method-wrapper(...), alignText='center', alignVert=method-wrapper(...), anchorHoriz='center', anchorVert='center', antialias=True, autoLog=True, bold=False, color=array([1., 1., 1.]), colorSpace='rgb', contrast=1.0, depth=0.0, flipHoriz=False, flipVert=False, font='Open Sans', fontFiles=[], height=0.09, italic=False, languageStyle='LTR', name='text_6', opacity=1, ori=0.0, pos=array([0., 0.]), rgb=UNKNOWN, text=str(...), units='height', win=Window(...), wrapWidth=1)
7.3484 	EXP 	Created text_4 = TextStim(__class__=<class 'psychopy.visual.text.TextStim'>, alignHoriz=method-wrapper(...), alignText='center', alignVert=method-wrapper(...), anchorHoriz='center', anchorVert='center', antialias=True, autoLog=True, bold=False, color=array([1., 1., 1.]), colorSpace='rgb', contrast=1.0, depth=0.0, flipHoriz=False, flipVert=False, font='Open Sans', fontFiles=[], height=0.075, italic=False, languageStyle='LTR', name='text_4', opacity=1, ori=0.0, pos=array([0., 0.]), rgb=UNKNOWN, text=str(...), units='height', win=Window(...), wrapWidth=1)
7.3499 	EXP 	Created polygon = ShapeStim(__class__=<class 'psychopy.visual.shape.ShapeStim'>, autoDraw=False, autoLog=True, closeShape=True, color=method-wrapper(...), colorSpace='rgb', contrast=None, depth=0.0, fillColor=array([1, 1, 1]), fillColorSpace='rgb', fillRGB=array([1, 1, 1]), interpolate=True, lineColor=array([1., 1., 1.]), lineColorSpace='rgb', lineRGB=array([1, 1, 1]), lineWidth=1.0, name='polygon', opacity=1, ori=0.0, pos=array([0., 0.]), size=array([0.075, 0.075]), units='height', vertices=ndarray(...), win=Window(...), windingRule=None)
7.3533 	EXP 	Created image = ImageStim(__class__=<class 'psychopy.visual.image.ImageStim'>, autoLog=True, color=array([1., 1., 1.]), colorSpace='rgb', contrast=1.0, depth=0.0, flipHoriz=False, flipVert=False, image='sin', interpolate=True, mask=None, maskParams=None, name='image', opacity=1, ori=0.0, pos=array([0., 0.]), size=array([1.  , 0.75]), texRes=200.0, units='height', win=Window(...))
7.3557 	EXP 	Created polygon = ShapeStim(__class__=<class 'psychopy.visual.shape.ShapeStim'>, autoDraw=False, autoLog=True, closeShape=True, color=method-wrapper(...), colorSpace='rgb', contrast=None, depth=0.0, fillColor=array([1, 1, 1]), fillColorSpace='rgb', fillRGB=array([1, 1, 1]), interpolate=True, lineColor=array([1., 1., 1.]), lineColorSpace='rgb', lineRGB=array([1, 1, 1]), lineWidth=1.0, name='polygon', opacity=1, ori=0.0, pos=array([0., 0.]), size=array([0.075, 0.075]), units='height', vertices=ndarray(...), win=Window(...), windingRule=None)
7.5319 	EXP 	Created text_2 = TextStim(__class__=<class 'psychopy.visual.text.TextStim'>, alignHoriz=method-wrapper(...), alignText='center', alignVert=method-wrapper(...), anchorHoriz='center', anchorVert='center', antialias=True, autoLog=True, bold=False, color=array([1., 1., 1.]), colorSpace='rgb', contrast=1.0, depth=-1.0, flipHoriz=False, flipVert=False, font='Open Sans', fontFiles=[], height=0.1, italic=False, languageStyle='LTR', name='text_2', opacity=1, ori=0.0, pos=array([0., 0.]), rgb=UNKNOWN, text='‘1’ - Letters\n‘2’ - Numbers', units='height', win=Window(...), wrapWidth=1)
7.7125 	EXP 	Created text_7 = TextStim(__class__=<class 'psychopy.visual.text.TextStim'>, alignHoriz=method-wrapper(...), alignText='center', alignVert=method-wrapper(...), anchorHoriz='center', anchorVert='center', antialias=True, autoLog=True, bold=False, color=array([1., 1., 1.]), colorSpace='rgb', contrast=1.0, depth=-1.0, flipHoriz=False, flipVert=False, font='Open Sans', fontFiles=[], height=0.09, italic=False, languageStyle='LTR', name='text_7', opacity=1, ori=0.0, pos=array([0., 0.]), rgb=UNKNOWN, text=str(...), units='height', win=Window(...), wrapWidth=1)
7.7239 	EXP 	Created text_3 = TextStim(__class__=<class 'psychopy.visual.text.TextStim'>, alignHoriz=method-wrapper(...), alignText='center', alignVert=method-wrapper(...), anchorHoriz='center', anchorVert='center', antialias=True, autoLog=True, bold=False, color=array([1., 1., 1.]), colorSpace='rgb', contrast=1.0, depth=0.0, flipHoriz=False, flipVert=False, font='Open Sans', fontFiles=[], height=0.1, italic=False, languageStyle='LTR', name='text_3', opacity=1, ori=0.0, pos=array([0., 0.]), rgb=UNKNOWN, text=str(...), units='height', win=Window(...), wrapWidth=1)
7.7406 	EXP 	text: autoDraw = True
9.0773 	DATA 	Keypress: space
9.0835 	EXP 	Created sequence: random, trialTypes=1, nReps=3, seed=None
9.0841 	EXP 	New trial (rep=0, index=0): None
9.0922 	EXP 	text: autoDraw = False
9.0922 	EXP 	text: autoDraw = False
9.0922 	EXP 	polygon: autoDraw = True
10.1249 	EXP 	polygon: autoDraw = False
10.1249 	EXP 	image_2: image = './stims/outputs/stim_1_56.png'
10.1249 	EXP 	image_2: autoDraw = True
11.1033 	EXP 	image_2: autoDraw = False
11.1033 	EXP 	polygon: autoDraw = True
12.1031 	EXP 	polygon: autoDraw = False
12.1031 	EXP 	text_5: autoDraw = True
13.6062 	DATA 	Keypress: 2
13.6204 	EXP 	text_5: autoDraw = False
13.6204 	EXP 	text_5: autoDraw = False
13.6204 	EXP 	text_6: autoDraw = True
15.2230 	DATA 	Keypress: 4
15.2247 	EXP 	New trial (rep=1, index=0): None
15.2373 	EXP 	text_6: autoDraw = False
15.2373 	EXP 	text_6: autoDraw = False
15.2373 	EXP 	polygon: autoDraw = True
16.2386 	EXP 	polygon: autoDraw = False
16.2386 	EXP 	polygon: autoDraw = False
16.2386 	EXP 	image_2: image = './stims/outputs/stim_1_88.png'
16.2386 	EXP 	image_2: autoDraw = True
17.2542 	EXP 	image_2: autoDraw = False
17.2542 	EXP 	polygon: autoDraw = True
18.2542 	EXP 	polygon: autoDraw = False
18.2542 	EXP 	text_5: autoDraw = True
18.6894 	DATA 	Keypress: 1
18.7047 	EXP 	text_5: autoDraw = False
18.7047 	EXP 	text_5: autoDraw = False
18.7047 	EXP 	text_6: autoDraw = True
19.7057 	DATA 	Keypress: 4
19.7072 	EXP 	New trial (rep=2, index=0): None
19.7212 	EXP 	text_6: autoDraw = False
19.7212 	EXP 	text_6: autoDraw = False
19.7212 	EXP 	polygon: autoDraw = True
20.7201 	EXP 	polygon: autoDraw = False
20.7201 	EXP 	polygon: autoDraw = False
20.7201 	EXP 	image_2: image = './stims/outputs/stim_0_33.png'
20.7201 	EXP 	image_2: autoDraw = True
21.7210 	EXP 	image_2: autoDraw = False
21.7210 	EXP 	image_2: autoDraw = False
21.7210 	EXP 	polygon: autoDraw = True
22.7204 	EXP 	polygon: autoDraw = False
22.7204 	EXP 	polygon: autoDraw = False
22.7204 	EXP 	text_5: autoDraw = True
23.1733 	DATA 	Keypress: 1
23.1876 	EXP 	text_5: autoDraw = False
23.1876 	EXP 	text_5: autoDraw = False
23.1876 	EXP 	text_6: autoDraw = True
23.9061 	DATA 	Keypress: 4
23.9214 	EXP 	text_6: autoDraw = False
23.9214 	EXP 	text_6: autoDraw = False
23.9214 	EXP 	text_4: autoDraw = True
24.9389 	DATA 	Keypress: space
24.9403 	EXP 	Created sequence: sequential, trialTypes=1, nReps=50, seed=None
24.9412 	EXP 	New trial (rep=0, index=0): None
24.9548 	EXP 	text_4: autoDraw = False
24.9548 	EXP 	text_4: autoDraw = False
24.9548 	EXP 	polygon: autoDraw = True
25.9562 	EXP 	polygon: autoDraw = False
25.9562 	EXP 	polygon: autoDraw = False
25.9562 	EXP 	image: image = './stims/outputs/stim_0_54.png'
25.9562 	EXP 	image: autoDraw = True
26.1714 	EXP 	image: autoDraw = False
26.1714 	EXP 	polygon: autoDraw = True
27.1705 	EXP 	polygon: autoDraw = False
27.1705 	EXP 	text_2: autoDraw = True
30.3224 	DATA 	Keypress: lcommand
30.4548 	DATA 	Keypress: lshift
34.9740 	DATA 	Keypress: 2
34.9875 	EXP 	text_2: autoDraw = False
34.9875 	EXP 	text_7: autoDraw = True
38.4557 	DATA 	Keypress: lcommand
38.5893 	DATA 	Keypress: lshift
39.9323 	DATA 	Keypress: dollar
39.9344 	EXP 	New trial (rep=1, index=0): None
39.9391 	EXP 	text_7: autoDraw = False
39.9391 	EXP 	polygon: autoDraw = True
40.9571 	EXP 	polygon: autoDraw = False
40.9571 	EXP 	image: image = './stims/outputs/stim_1_14.png'
40.9571 	EXP 	image: autoDraw = True
41.4387 	EXP 	image: autoDraw = False
41.4387 	EXP 	polygon: autoDraw = True
42.4383 	EXP 	polygon: autoDraw = False
42.4383 	EXP 	text_2: autoDraw = True
43.2410 	DATA 	Keypress: 2
43.2542 	EXP 	text_2: autoDraw = False
43.2542 	EXP 	text_7: autoDraw = True
45.8730 	DATA 	Keypress: lcommand
45.9722 	DATA 	Keypress: lshift
46.6769 	EXP 	New trial (rep=2, index=0): None
46.6881 	EXP 	text_7: autoDraw = False
46.6881 	EXP 	polygon: autoDraw = True
47.6888 	EXP 	polygon: autoDraw = False
47.6888 	EXP 	polygon: autoDraw = False
47.6888 	EXP 	image: image = './stims/outputs/stim_1_9.png'
47.6888 	EXP 	image: autoDraw = True
47.7721 	EXP 	image: autoDraw = False
47.7721 	EXP 	polygon: autoDraw = True
48.7718 	EXP 	polygon: autoDraw = False
48.7718 	EXP 	text_2: autoDraw = True
49.9141 	EXP 	window1: mouseVisible = True
