1.0145 	WARNING 	We strongly recommend you activate the PTB sound engine in PsychoPy prefs as the preferred audio engine. Its timing is vastly superior. Your prefs are currently set to use ['sounddevice', 'PTB', 'pyo', 'pygame'] (in that order).
5.5834 	WARNING 	User requested fullscreen with size [1024  768], but screen is actually [1440, 900]. Using actual size
6.2365 	EXP 	Created window1 = Window(allowGUI=False, allowStencil=False, autoLog=True, backendConf=UNKNOWN, bitsMode=UNKNOWN, blendMode='avg', bpc=(8, 8, 8), color=array([0, 0, 0]), colorSpace='rgb', depthBits=8, fullscr=<method-wrapper '__getattribute__' of attributeSetter object at 0x7fea425c3ac8>, gamma=None, gammaErrorPolicy='raise', lms=UNKNOWN, monitor=<psychopy.monitors.calibTools.Monitor object at 0x7fea419b78d0>, multiSample=False, name='window1', numSamples=2, pos=[360.0, 225.0], screen=0, size=array([2880, 1800]), stencilBits=0, stereo=False, units='height', useFBO=True, useRetina=True, viewOri=0.0, viewPos=None, viewScale=None, waitBlanking=True, winType='pyglet')
6.2367 	EXP 	window1: mouseVisible = True
6.2368 	EXP 	window1: recordFrameIntervals = False
6.4032 	EXP 	window1: recordFrameIntervals = True
6.5868 	EXP 	window1: recordFrameIntervals = False
7.3767 	EXP 	Created text = TextStim(__class__=<class 'psychopy.visual.text.TextStim'>, alignHoriz=method-wrapper(...), alignText='center', alignVert=method-wrapper(...), anchorHoriz='center', anchorVert='center', antialias=True, autoLog=True, bold=False, color=array([1., 1., 1.]), colorSpace='rgb', contrast=1.0, depth=0.0, flipHoriz=False, flipVert=False, font='Open Sans', fontFiles=[], height=0.045, italic=False, languageStyle='LTR', name='text', opacity=1, ori=0.0, pos=array([0., 0.]), rgb=UNKNOWN, text=str(...), units='height', win=Window(...), wrapWidth=1)
7.3827 	EXP 	Created polygon = ShapeStim(__class__=<class 'psychopy.visual.shape.ShapeStim'>, autoDraw=False, autoLog=True, closeShape=True, color=method-wrapper(...), colorSpace='rgb', contrast=None, depth=0.0, fillColor=array([1, 1, 1]), fillColorSpace='rgb', fillRGB=array([1, 1, 1]), interpolate=True, lineColor=array([1., 1., 1.]), lineColorSpace='rgb', lineRGB=array([1, 1, 1]), lineWidth=1.0, name='polygon', opacity=1, ori=0.0, pos=array([0., 0.]), size=array([0.075, 0.075]), units='height', vertices=ndarray(...), win=Window(...), windingRule=None)
7.3885 	EXP 	Created image_2 = ImageStim(__class__=<class 'psychopy.visual.image.ImageStim'>, autoLog=True, color=array([1., 1., 1.]), colorSpace='rgb', contrast=1.0, depth=0.0, flipHoriz=False, flipVert=False, image='sin', interpolate=True, mask=None, maskParams=None, name='image_2', opacity=1, ori=0.0, pos=array([0., 0.]), size=array([1.  , 0.75]), texRes=128.0, units='height', win=Window(...))
7.3901 	EXP 	Created polygon = ShapeStim(__class__=<class 'psychopy.visual.shape.ShapeStim'>, autoDraw=False, autoLog=True, closeShape=True, color=method-wrapper(...), colorSpace='rgb', contrast=None, depth=0.0, fillColor=array([1, 1, 1]), fillColorSpace='rgb', fillRGB=array([1, 1, 1]), interpolate=True, lineColor=array([1., 1., 1.]), lineColorSpace='rgb', lineRGB=array([1, 1, 1]), lineWidth=1.0, name='polygon', opacity=1, ori=0.0, pos=array([0., 0.]), size=array([0.075, 0.075]), units='height', vertices=ndarray(...), win=Window(...), windingRule=None)
7.4026 	EXP 	Created text_5 = TextStim(__class__=<class 'psychopy.visual.text.TextStim'>, alignHoriz=method-wrapper(...), alignText='center', alignVert=method-wrapper(...), anchorHoriz='center', anchorVert='center', antialias=True, autoLog=True, bold=False, color=array([1., 1., 1.]), colorSpace='rgb', contrast=1.0, depth=0.0, flipHoriz=False, flipVert=False, font='Open Sans', fontFiles=[], height=0.1, italic=False, languageStyle='LTR', name='text_5', opacity=1, ori=0.0, pos=array([0., 0.]), rgb=UNKNOWN, text=str(...), units='height', win=Window(...), wrapWidth=1)
7.4166 	EXP 	Created text_4 = TextStim(__class__=<class 'psychopy.visual.text.TextStim'>, alignHoriz=method-wrapper(...), alignText='center', alignVert=method-wrapper(...), anchorHoriz='center', anchorVert='center', antialias=True, autoLog=True, bold=False, color=array([1., 1., 1.]), colorSpace='rgb', contrast=1.0, depth=0.0, flipHoriz=False, flipVert=False, font='Open Sans', fontFiles=[], height=0.1, italic=False, languageStyle='LTR', name='text_4', opacity=1, ori=0.0, pos=array([0., 0.]), rgb=UNKNOWN, text=str(...), units='height', win=Window(...), wrapWidth=1)
7.4188 	EXP 	Created polygon = ShapeStim(__class__=<class 'psychopy.visual.shape.ShapeStim'>, autoDraw=False, autoLog=True, closeShape=True, color=method-wrapper(...), colorSpace='rgb', contrast=None, depth=0.0, fillColor=array([1, 1, 1]), fillColorSpace='rgb', fillRGB=array([1, 1, 1]), interpolate=True, lineColor=array([1., 1., 1.]), lineColorSpace='rgb', lineRGB=array([1, 1, 1]), lineWidth=1.0, name='polygon', opacity=1, ori=0.0, pos=array([0., 0.]), size=array([0.075, 0.075]), units='height', vertices=ndarray(...), win=Window(...), windingRule=None)
7.4223 	EXP 	Created image = ImageStim(__class__=<class 'psychopy.visual.image.ImageStim'>, autoLog=True, color=array([1., 1., 1.]), colorSpace='rgb', contrast=1.0, depth=0.0, flipHoriz=False, flipVert=False, image='sin', interpolate=True, mask=None, maskParams=None, name='image', opacity=1, ori=0.0, pos=array([0., 0.]), size=array([1.  , 0.75]), texRes=200.0, units='height', win=Window(...))
7.4238 	EXP 	Created polygon = ShapeStim(__class__=<class 'psychopy.visual.shape.ShapeStim'>, autoDraw=False, autoLog=True, closeShape=True, color=method-wrapper(...), colorSpace='rgb', contrast=None, depth=0.0, fillColor=array([1, 1, 1]), fillColorSpace='rgb', fillRGB=array([1, 1, 1]), interpolate=True, lineColor=array([1., 1., 1.]), lineColorSpace='rgb', lineRGB=array([1, 1, 1]), lineWidth=1.0, name='polygon', opacity=1, ori=0.0, pos=array([0., 0.]), size=array([0.075, 0.075]), units='height', vertices=ndarray(...), win=Window(...), windingRule=None)
7.5928 	EXP 	Created text_2 = TextStim(__class__=<class 'psychopy.visual.text.TextStim'>, alignHoriz=method-wrapper(...), alignText='center', alignVert=method-wrapper(...), anchorHoriz='center', anchorVert='center', antialias=True, autoLog=True, bold=False, color=array([1., 1., 1.]), colorSpace='rgb', contrast=1.0, depth=-1.0, flipHoriz=False, flipVert=False, font='Open Sans', fontFiles=[], height=0.1, italic=False, languageStyle='LTR', name='text_2', opacity=1, ori=0.0, pos=array([0., 0.]), rgb=UNKNOWN, text=str(...), units='height', win=Window(...), wrapWidth=1)
7.5999 	EXP 	Created text_3 = TextStim(__class__=<class 'psychopy.visual.text.TextStim'>, alignHoriz=method-wrapper(...), alignText='center', alignVert=method-wrapper(...), anchorHoriz='center', anchorVert='center', antialias=True, autoLog=True, bold=False, color=array([1., 1., 1.]), colorSpace='rgb', contrast=1.0, depth=0.0, flipHoriz=False, flipVert=False, font='Open Sans', fontFiles=[], height=0.1, italic=False, languageStyle='LTR', name='text_3', opacity=1, ori=0.0, pos=array([0., 0.]), rgb=UNKNOWN, text=str(...), units='height', win=Window(...), wrapWidth=1)
7.6080 	EXP 	text: autoDraw = True
69.0382 	DATA 	Keypress: space
69.0470 	EXP 	Created sequence: random, trialTypes=1, nReps=3, seed=None
69.0477 	EXP 	New trial (rep=0, index=0): None
69.0573 	EXP 	text: autoDraw = False
69.0573 	EXP 	text: autoDraw = False
69.0573 	EXP 	polygon: autoDraw = True
70.1041 	EXP 	polygon: autoDraw = False
70.1041 	EXP 	image_2: image = './stims/outputs/stim_1_97.png'
70.1041 	EXP 	image_2: autoDraw = True
70.5909 	DATA 	Keypress: 1
71.0716 	EXP 	image_2: autoDraw = False
71.0716 	EXP 	polygon: autoDraw = True
71.4558 	DATA 	Keypress: 1
72.0710 	EXP 	polygon: autoDraw = False
72.0710 	EXP 	text_5: autoDraw = True
73.7570 	DATA 	Keypress: 1
73.7587 	EXP 	New trial (rep=1, index=0): None
73.7718 	EXP 	text_5: autoDraw = False
73.7718 	EXP 	text_5: autoDraw = False
73.7718 	EXP 	polygon: autoDraw = True
74.7712 	EXP 	polygon: autoDraw = False
74.7712 	EXP 	polygon: autoDraw = False
74.7712 	EXP 	image_2: image = './stims/outputs/stim_0_33.png'
74.7712 	EXP 	image_2: autoDraw = True
75.7717 	EXP 	image_2: autoDraw = False
75.7717 	EXP 	image_2: autoDraw = False
75.7717 	EXP 	polygon: autoDraw = True
76.7714 	EXP 	polygon: autoDraw = False
76.7714 	EXP 	polygon: autoDraw = False
76.7714 	EXP 	text_5: autoDraw = True
78.9738 	DATA 	Keypress: 1
78.9753 	EXP 	New trial (rep=2, index=0): None
78.9884 	EXP 	text_5: autoDraw = False
78.9884 	EXP 	text_5: autoDraw = False
78.9884 	EXP 	polygon: autoDraw = True
79.9882 	EXP 	polygon: autoDraw = False
79.9882 	EXP 	polygon: autoDraw = False
79.9882 	EXP 	image_2: image = './stims/outputs/stim_1_84.png'
79.9882 	EXP 	image_2: autoDraw = True
80.9884 	EXP 	image_2: autoDraw = False
80.9884 	EXP 	image_2: autoDraw = False
80.9884 	EXP 	polygon: autoDraw = True
81.9882 	EXP 	polygon: autoDraw = False
81.9882 	EXP 	polygon: autoDraw = False
81.9882 	EXP 	text_5: autoDraw = True
83.2739 	DATA 	Keypress: 1
83.2882 	EXP 	text_5: autoDraw = False
83.2882 	EXP 	text_5: autoDraw = False
83.2882 	EXP 	text_4: autoDraw = True
89.2907 	DATA 	Keypress: space
89.2923 	EXP 	Created sequence: sequential, trialTypes=1, nReps=50, seed=None
89.2931 	EXP 	New trial (rep=0, index=0): None
89.3050 	EXP 	text_4: autoDraw = False
89.3050 	EXP 	text_4: autoDraw = False
89.3050 	EXP 	polygon: autoDraw = True
90.3070 	EXP 	polygon: autoDraw = False
90.3070 	EXP 	polygon: autoDraw = False
90.3070 	EXP 	image: image = './stims/outputs/stim_0_16.png'
90.3070 	EXP 	image: autoDraw = True
90.5558 	EXP 	image: autoDraw = False
90.5558 	EXP 	image: autoDraw = False
90.5558 	EXP 	polygon: autoDraw = True
91.5550 	EXP 	polygon: autoDraw = False
91.5550 	EXP 	polygon: autoDraw = False
91.5550 	EXP 	text_2: autoDraw = True
91.6241 	DATA 	Keypress: 2
91.6289 	EXP 	New trial (rep=1, index=0): None
91.6387 	EXP 	text_2: autoDraw = False
91.6387 	EXP 	polygon: autoDraw = True
92.6389 	EXP 	polygon: autoDraw = False
92.6389 	EXP 	polygon: autoDraw = False
92.6389 	EXP 	image: image = './stims/outputs/stim_0_55.png'
92.6389 	EXP 	image: autoDraw = True
92.7890 	EXP 	image: autoDraw = False
92.7890 	EXP 	image: autoDraw = False
92.7890 	EXP 	polygon: autoDraw = True
93.7885 	EXP 	polygon: autoDraw = False
93.7885 	EXP 	polygon: autoDraw = False
93.7885 	EXP 	text_2: autoDraw = True
97.1763 	EXP 	New trial (rep=2, index=0): None
97.1806 	DATA 	Keypress: 1
97.1888 	EXP 	text_2: autoDraw = False
97.1888 	EXP 	polygon: autoDraw = True
98.1890 	EXP 	polygon: autoDraw = False
98.1890 	EXP 	polygon: autoDraw = False
98.1890 	EXP 	image: image = './stims/outputs/stim_0_63.png'
98.1890 	EXP 	image: autoDraw = True
98.6393 	EXP 	image: autoDraw = False
98.6393 	EXP 	image: autoDraw = False
98.6393 	EXP 	polygon: autoDraw = True
99.6391 	EXP 	polygon: autoDraw = False
99.6391 	EXP 	polygon: autoDraw = False
99.6391 	EXP 	text_2: autoDraw = True
99.6576 	DATA 	Keypress: 1
99.6617 	EXP 	New trial (rep=3, index=0): None
99.6724 	EXP 	text_2: autoDraw = False
99.6724 	EXP 	polygon: autoDraw = True
100.6717 	EXP 	polygon: autoDraw = False
100.6717 	EXP 	polygon: autoDraw = False
100.6717 	EXP 	image: image = './stims/outputs/stim_0_96.png'
100.6717 	EXP 	image: autoDraw = True
101.0557 	EXP 	image: autoDraw = False
101.0557 	EXP 	polygon: autoDraw = True
101.9244 	DATA 	Keypress: 2
102.0550 	EXP 	polygon: autoDraw = False
102.0550 	EXP 	text_2: autoDraw = True
105.1081 	DATA 	Keypress: 2
105.1126 	EXP 	New trial (rep=4, index=0): None
105.1222 	EXP 	text_2: autoDraw = False
105.1222 	EXP 	polygon: autoDraw = True
106.1226 	EXP 	polygon: autoDraw = False
106.1226 	EXP 	polygon: autoDraw = False
106.1226 	EXP 	image: image = './stims/outputs/stim_1_11.png'
106.1226 	EXP 	image: autoDraw = True
106.3229 	EXP 	image: autoDraw = False
106.3229 	EXP 	image: autoDraw = False
106.3229 	EXP 	polygon: autoDraw = True
107.3225 	EXP 	polygon: autoDraw = False
107.3225 	EXP 	polygon: autoDraw = False
107.3225 	EXP 	text_2: autoDraw = True
108.5268 	EXP 	New trial (rep=5, index=0): None
108.5310 	DATA 	Keypress: 2
108.5392 	EXP 	text_2: autoDraw = False
108.5392 	EXP 	polygon: autoDraw = True
109.5392 	EXP 	polygon: autoDraw = False
109.5392 	EXP 	polygon: autoDraw = False
109.5392 	EXP 	image: image = './stims/outputs/stim_0_2.png'
109.5392 	EXP 	image: autoDraw = True
109.9394 	EXP 	image: autoDraw = False
109.9394 	EXP 	image: autoDraw = False
109.9394 	EXP 	polygon: autoDraw = True
110.9395 	EXP 	polygon: autoDraw = False
110.9395 	EXP 	polygon: autoDraw = False
110.9395 	EXP 	text_2: autoDraw = True
112.2586 	DATA 	Keypress: 2
112.2626 	EXP 	New trial (rep=6, index=0): None
112.2730 	EXP 	text_2: autoDraw = False
112.2730 	EXP 	polygon: autoDraw = True
113.2728 	EXP 	polygon: autoDraw = False
113.2728 	EXP 	polygon: autoDraw = False
113.2728 	EXP 	image: image = './stims/outputs/stim_1_78.png'
113.2728 	EXP 	image: autoDraw = True
113.5230 	EXP 	image: autoDraw = False
113.5230 	EXP 	image: autoDraw = False
113.5230 	EXP 	polygon: autoDraw = True
114.4944 	DATA 	Keypress: 2
114.5230 	EXP 	polygon: autoDraw = False
114.5230 	EXP 	polygon: autoDraw = False
114.5230 	EXP 	text_2: autoDraw = True
115.5420 	DATA 	Keypress: 2
115.5461 	EXP 	New trial (rep=7, index=0): None
115.5560 	EXP 	text_2: autoDraw = False
115.5560 	EXP 	polygon: autoDraw = True
116.5560 	EXP 	polygon: autoDraw = False
116.5560 	EXP 	polygon: autoDraw = False
116.5560 	EXP 	image: image = './stims/outputs/stim_1_47.png'
116.5560 	EXP 	image: autoDraw = True
116.7397 	EXP 	image: autoDraw = False
116.7397 	EXP 	polygon: autoDraw = True
117.7391 	EXP 	polygon: autoDraw = False
117.7391 	EXP 	text_2: autoDraw = True
117.8935 	EXP 	New trial (rep=8, index=0): None
117.8976 	DATA 	Keypress: 1
117.9062 	EXP 	text_2: autoDraw = False
117.9062 	EXP 	polygon: autoDraw = True
118.9064 	EXP 	polygon: autoDraw = False
118.9064 	EXP 	polygon: autoDraw = False
118.9064 	EXP 	image: image = './stims/outputs/stim_1_62.png'
118.9064 	EXP 	image: autoDraw = True
119.2566 	EXP 	image: autoDraw = False
119.2566 	EXP 	image: autoDraw = False
119.2566 	EXP 	polygon: autoDraw = True
120.2570 	EXP 	polygon: autoDraw = False
120.2570 	EXP 	polygon: autoDraw = False
120.2570 	EXP 	text_2: autoDraw = True
121.0268 	EXP 	New trial (rep=9, index=0): None
121.0311 	DATA 	Keypress: 2
121.0397 	EXP 	text_2: autoDraw = False
121.0397 	EXP 	polygon: autoDraw = True
122.0395 	EXP 	polygon: autoDraw = False
122.0395 	EXP 	polygon: autoDraw = False
122.0395 	EXP 	image: image = './stims/outputs/stim_0_84.png'
122.0395 	EXP 	image: autoDraw = True
122.2399 	EXP 	image: autoDraw = False
122.2399 	EXP 	image: autoDraw = False
122.2399 	EXP 	polygon: autoDraw = True
123.2402 	EXP 	polygon: autoDraw = False
123.2402 	EXP 	polygon: autoDraw = False
123.2402 	EXP 	text_2: autoDraw = True
125.3922 	DATA 	Keypress: 1
125.3963 	EXP 	New trial (rep=10, index=0): None
125.4065 	EXP 	text_2: autoDraw = False
125.4065 	EXP 	polygon: autoDraw = True
126.4068 	EXP 	polygon: autoDraw = False
126.4068 	EXP 	polygon: autoDraw = False
126.4068 	EXP 	image: image = './stims/outputs/stim_1_8.png'
126.4068 	EXP 	image: autoDraw = True
126.7903 	EXP 	image: autoDraw = False
126.7903 	EXP 	polygon: autoDraw = True
127.7899 	EXP 	polygon: autoDraw = False
127.7899 	EXP 	text_2: autoDraw = True
128.4586 	DATA 	Keypress: 2
128.4626 	EXP 	New trial (rep=11, index=0): None
128.4733 	EXP 	text_2: autoDraw = False
128.4733 	EXP 	polygon: autoDraw = True
129.4733 	EXP 	polygon: autoDraw = False
129.4733 	EXP 	polygon: autoDraw = False
129.4733 	EXP 	image: image = './stims/outputs/stim_1_46.png'
129.4733 	EXP 	image: autoDraw = True
129.9736 	EXP 	image: autoDraw = False
129.9736 	EXP 	image: autoDraw = False
129.9736 	EXP 	polygon: autoDraw = True
130.9732 	EXP 	polygon: autoDraw = False
130.9732 	EXP 	polygon: autoDraw = False
130.9732 	EXP 	text_2: autoDraw = True
132.2588 	DATA 	Keypress: 1
132.2632 	EXP 	New trial (rep=12, index=0): None
132.2731 	EXP 	text_2: autoDraw = False
132.2731 	EXP 	polygon: autoDraw = True
133.2731 	EXP 	polygon: autoDraw = False
133.2731 	EXP 	polygon: autoDraw = False
133.2731 	EXP 	image: image = './stims/outputs/stim_1_72.png'
133.2731 	EXP 	image: autoDraw = True
133.6568 	EXP 	image: autoDraw = False
133.6568 	EXP 	polygon: autoDraw = True
134.4275 	DATA 	Keypress: 2
134.6567 	EXP 	polygon: autoDraw = False
134.6567 	EXP 	text_2: autoDraw = True
135.3280 	EXP 	New trial (rep=13, index=0): None
135.3322 	DATA 	Keypress: 2
135.3400 	EXP 	text_2: autoDraw = False
135.3400 	EXP 	polygon: autoDraw = True
136.3412 	EXP 	polygon: autoDraw = False
136.3412 	EXP 	polygon: autoDraw = False
136.3412 	EXP 	image: image = './stims/outputs/stim_1_26.png'
136.3412 	EXP 	image: autoDraw = True
136.6904 	EXP 	image: autoDraw = False
136.6904 	EXP 	image: autoDraw = False
136.6904 	EXP 	polygon: autoDraw = True
137.6899 	EXP 	polygon: autoDraw = False
137.6899 	EXP 	polygon: autoDraw = False
137.6899 	EXP 	text_2: autoDraw = True
139.0105 	EXP 	New trial (rep=14, index=0): None
139.0148 	DATA 	Keypress: 1
139.0235 	EXP 	text_2: autoDraw = False
139.0235 	EXP 	polygon: autoDraw = True
140.0235 	EXP 	polygon: autoDraw = False
140.0235 	EXP 	polygon: autoDraw = False
140.0235 	EXP 	image: image = './stims/outputs/stim_0_68.png'
140.0235 	EXP 	image: autoDraw = True
140.4071 	EXP 	image: autoDraw = False
140.4071 	EXP 	polygon: autoDraw = True
141.4076 	EXP 	polygon: autoDraw = False
141.4076 	EXP 	text_2: autoDraw = True
141.5096 	DATA 	Keypress: 2
141.5136 	EXP 	New trial (rep=15, index=0): None
141.5234 	EXP 	text_2: autoDraw = False
141.5234 	EXP 	polygon: autoDraw = True
142.5232 	EXP 	polygon: autoDraw = False
142.5232 	EXP 	polygon: autoDraw = False
142.5232 	EXP 	image: image = './stims/outputs/stim_0_67.png'
142.5232 	EXP 	image: autoDraw = True
142.6069 	EXP 	image: autoDraw = False
142.6069 	EXP 	polygon: autoDraw = True
143.6069 	EXP 	polygon: autoDraw = False
143.6069 	EXP 	text_2: autoDraw = True
147.4931 	DATA 	Keypress: 2
147.4972 	EXP 	New trial (rep=16, index=0): None
147.5068 	EXP 	text_2: autoDraw = False
147.5068 	EXP 	polygon: autoDraw = True
148.5068 	EXP 	polygon: autoDraw = False
148.5068 	EXP 	polygon: autoDraw = False
148.5068 	EXP 	image: image = './stims/outputs/stim_0_36.png'
148.5068 	EXP 	image: autoDraw = True
148.5904 	EXP 	image: autoDraw = False
148.5904 	EXP 	polygon: autoDraw = True
149.5903 	EXP 	polygon: autoDraw = False
149.5903 	EXP 	text_2: autoDraw = True
150.2265 	DATA 	Keypress: 2
150.2305 	EXP 	New trial (rep=17, index=0): None
150.2409 	EXP 	text_2: autoDraw = False
150.2409 	EXP 	polygon: autoDraw = True
151.2402 	EXP 	polygon: autoDraw = False
151.2402 	EXP 	polygon: autoDraw = False
151.2402 	EXP 	image: image = './stims/outputs/stim_1_17.png'
151.2402 	EXP 	image: autoDraw = True
151.3907 	EXP 	image: autoDraw = False
151.3907 	EXP 	image: autoDraw = False
151.3907 	EXP 	polygon: autoDraw = True
152.3907 	EXP 	polygon: autoDraw = False
152.3907 	EXP 	polygon: autoDraw = False
152.3907 	EXP 	text_2: autoDraw = True
152.9425 	DATA 	Keypress: 2
152.9467 	EXP 	New trial (rep=18, index=0): None
152.9571 	EXP 	text_2: autoDraw = False
152.9571 	EXP 	polygon: autoDraw = True
153.9572 	EXP 	polygon: autoDraw = False
153.9572 	EXP 	polygon: autoDraw = False
153.9572 	EXP 	image: image = './stims/outputs/stim_1_5.png'
153.9572 	EXP 	image: autoDraw = True
154.0072 	EXP 	image: autoDraw = False
154.0072 	EXP 	image: autoDraw = False
154.0072 	EXP 	polygon: autoDraw = True
155.0073 	EXP 	polygon: autoDraw = False
155.0073 	EXP 	polygon: autoDraw = False
155.0073 	EXP 	text_2: autoDraw = True
157.6432 	DATA 	Keypress: 2
157.6473 	EXP 	New trial (rep=19, index=0): None
157.6570 	EXP 	text_2: autoDraw = False
157.6570 	EXP 	polygon: autoDraw = True
158.6569 	EXP 	polygon: autoDraw = False
158.6569 	EXP 	polygon: autoDraw = False
158.6569 	EXP 	image: image = './stims/outputs/stim_0_18.png'
158.6569 	EXP 	image: autoDraw = True
158.7911 	EXP 	image: autoDraw = False
158.7911 	EXP 	polygon: autoDraw = True
159.7910 	EXP 	polygon: autoDraw = False
159.7910 	EXP 	text_2: autoDraw = True
160.6932 	DATA 	Keypress: 1
160.6974 	EXP 	New trial (rep=20, index=0): None
160.7072 	EXP 	text_2: autoDraw = False
160.7072 	EXP 	polygon: autoDraw = True
161.7074 	EXP 	polygon: autoDraw = False
161.7074 	EXP 	polygon: autoDraw = False
161.7074 	EXP 	image: image = './stims/outputs/stim_0_10.png'
161.7074 	EXP 	image: autoDraw = True
161.7419 	EXP 	image: autoDraw = False
161.7419 	EXP 	polygon: autoDraw = True
162.7408 	EXP 	polygon: autoDraw = False
162.7408 	EXP 	text_2: autoDraw = True
167.2944 	EXP 	New trial (rep=21, index=0): None
167.2987 	DATA 	Keypress: 1
167.3080 	EXP 	text_2: autoDraw = False
167.3080 	EXP 	polygon: autoDraw = True
168.3079 	EXP 	polygon: autoDraw = False
168.3079 	EXP 	polygon: autoDraw = False
168.3079 	EXP 	image: image = './stims/outputs/stim_1_73.png'
168.3079 	EXP 	image: autoDraw = True
168.4417 	EXP 	image: autoDraw = False
168.4417 	EXP 	polygon: autoDraw = True
169.4415 	EXP 	polygon: autoDraw = False
169.4415 	EXP 	text_2: autoDraw = True
170.0274 	DATA 	Keypress: 2
170.0316 	EXP 	New trial (rep=22, index=0): None
170.0412 	EXP 	text_2: autoDraw = False
170.0412 	EXP 	polygon: autoDraw = True
171.0418 	EXP 	polygon: autoDraw = False
171.0418 	EXP 	polygon: autoDraw = False
171.0418 	EXP 	image: image = './stims/outputs/stim_0_92.png'
171.0418 	EXP 	image: autoDraw = True
171.2255 	EXP 	image: autoDraw = False
171.2255 	EXP 	polygon: autoDraw = True
172.2244 	EXP 	polygon: autoDraw = False
172.2244 	EXP 	text_2: autoDraw = True
172.8449 	EXP 	New trial (rep=23, index=0): None
172.8493 	DATA 	Keypress: 2
172.8581 	EXP 	text_2: autoDraw = False
172.8581 	EXP 	polygon: autoDraw = True
173.8574 	EXP 	polygon: autoDraw = False
173.8574 	EXP 	polygon: autoDraw = False
173.8574 	EXP 	image: image = './stims/outputs/stim_1_12.png'
173.8574 	EXP 	image: autoDraw = True
174.3582 	EXP 	image: autoDraw = False
174.3582 	EXP 	image: autoDraw = False
174.3582 	EXP 	polygon: autoDraw = True
175.3576 	EXP 	polygon: autoDraw = False
175.3576 	EXP 	polygon: autoDraw = False
175.3576 	EXP 	text_2: autoDraw = True
175.9269 	DATA 	Keypress: 2
175.9310 	EXP 	New trial (rep=24, index=0): None
175.9415 	EXP 	text_2: autoDraw = False
175.9415 	EXP 	polygon: autoDraw = True
176.9412 	EXP 	polygon: autoDraw = False
176.9412 	EXP 	polygon: autoDraw = False
176.9412 	EXP 	image: image = './stims/outputs/stim_1_3.png'
176.9412 	EXP 	image: autoDraw = True
177.1416 	EXP 	image: autoDraw = False
177.1416 	EXP 	image: autoDraw = False
177.1416 	EXP 	polygon: autoDraw = True
178.1410 	EXP 	polygon: autoDraw = False
178.1410 	EXP 	polygon: autoDraw = False
178.1410 	EXP 	text_2: autoDraw = True
178.6608 	DATA 	Keypress: 2
178.6649 	EXP 	New trial (rep=25, index=0): None
178.6743 	EXP 	text_2: autoDraw = False
178.6743 	EXP 	polygon: autoDraw = True
179.6756 	EXP 	polygon: autoDraw = False
179.6756 	EXP 	polygon: autoDraw = False
179.6756 	EXP 	image: image = './stims/outputs/stim_1_54.png'
179.6756 	EXP 	image: autoDraw = True
179.8585 	EXP 	image: autoDraw = False
179.8585 	EXP 	polygon: autoDraw = True
180.8582 	EXP 	polygon: autoDraw = False
180.8582 	EXP 	text_2: autoDraw = True
185.0772 	DATA 	Keypress: 2
185.0813 	EXP 	New trial (rep=26, index=0): None
185.0912 	EXP 	text_2: autoDraw = False
185.0912 	EXP 	polygon: autoDraw = True
186.0919 	EXP 	polygon: autoDraw = False
186.0919 	EXP 	polygon: autoDraw = False
186.0919 	EXP 	image: image = './stims/outputs/stim_0_80.png'
186.0919 	EXP 	image: autoDraw = True
186.1417 	EXP 	image: autoDraw = False
186.1417 	EXP 	image: autoDraw = False
186.1417 	EXP 	polygon: autoDraw = True
187.1415 	EXP 	polygon: autoDraw = False
187.1415 	EXP 	polygon: autoDraw = False
187.1415 	EXP 	text_2: autoDraw = True
188.5796 	EXP 	New trial (rep=27, index=0): None
188.5838 	DATA 	Keypress: 2
188.5918 	EXP 	text_2: autoDraw = False
188.5918 	EXP 	polygon: autoDraw = True
189.5953 	EXP 	polygon: autoDraw = False
189.5953 	EXP 	polygon: autoDraw = False
189.5953 	EXP 	image: image = './stims/outputs/stim_1_85.png'
189.5953 	EXP 	image: autoDraw = True
189.8089 	EXP 	image: autoDraw = False
189.8089 	EXP 	polygon: autoDraw = True
190.8087 	EXP 	polygon: autoDraw = False
190.8087 	EXP 	text_2: autoDraw = True
191.3279 	DATA 	Keypress: 2
191.3322 	EXP 	New trial (rep=28, index=0): None
191.3417 	EXP 	text_2: autoDraw = False
191.3417 	EXP 	polygon: autoDraw = True
192.3425 	EXP 	polygon: autoDraw = False
192.3425 	EXP 	polygon: autoDraw = False
192.3425 	EXP 	image: image = './stims/outputs/stim_0_54.png'
192.3425 	EXP 	image: autoDraw = True
192.4927 	EXP 	image: autoDraw = False
192.4927 	EXP 	image: autoDraw = False
192.4927 	EXP 	polygon: autoDraw = True
193.4920 	EXP 	polygon: autoDraw = False
193.4920 	EXP 	polygon: autoDraw = False
193.4920 	EXP 	text_2: autoDraw = True
193.8603 	DATA 	Keypress: 1
193.8618 	EXP 	New trial (rep=29, index=0): None
193.8756 	EXP 	text_2: autoDraw = False
193.8756 	EXP 	polygon: autoDraw = True
194.8755 	EXP 	polygon: autoDraw = False
194.8755 	EXP 	polygon: autoDraw = False
194.8755 	EXP 	image: image = './stims/outputs/stim_0_87.png'
194.8755 	EXP 	image: autoDraw = True
195.1091 	EXP 	image: autoDraw = False
195.1091 	EXP 	polygon: autoDraw = True
196.1085 	EXP 	polygon: autoDraw = False
196.1085 	EXP 	text_2: autoDraw = True
196.5941 	DATA 	Keypress: 2
196.5984 	EXP 	New trial (rep=30, index=0): None
196.6084 	EXP 	text_2: autoDraw = False
196.6084 	EXP 	polygon: autoDraw = True
197.6086 	EXP 	polygon: autoDraw = False
197.6086 	EXP 	polygon: autoDraw = False
197.6086 	EXP 	image: image = './stims/outputs/stim_1_23.png'
197.6086 	EXP 	image: autoDraw = True
197.9426 	EXP 	image: autoDraw = False
197.9426 	EXP 	polygon: autoDraw = True
198.9420 	EXP 	polygon: autoDraw = False
198.9420 	EXP 	text_2: autoDraw = True
199.3780 	DATA 	Keypress: 2
199.3821 	EXP 	New trial (rep=31, index=0): None
199.3923 	EXP 	text_2: autoDraw = False
199.3923 	EXP 	polygon: autoDraw = True
200.3920 	EXP 	polygon: autoDraw = False
200.3920 	EXP 	polygon: autoDraw = False
200.3920 	EXP 	image: image = './stims/outputs/stim_0_92.png'
200.3920 	EXP 	image: autoDraw = True
200.8425 	EXP 	image: autoDraw = False
200.8425 	EXP 	image: autoDraw = False
200.8425 	EXP 	polygon: autoDraw = True
201.8419 	EXP 	polygon: autoDraw = False
201.8419 	EXP 	polygon: autoDraw = False
201.8419 	EXP 	text_2: autoDraw = True
202.1606 	DATA 	Keypress: 1
202.1647 	EXP 	New trial (rep=32, index=0): None
202.1755 	EXP 	text_2: autoDraw = False
202.1755 	EXP 	polygon: autoDraw = True
203.1754 	EXP 	polygon: autoDraw = False
203.1754 	EXP 	polygon: autoDraw = False
203.1754 	EXP 	image: image = './stims/outputs/stim_0_15.png'
203.1754 	EXP 	image: autoDraw = True
203.5090 	EXP 	image: autoDraw = False
203.5090 	EXP 	polygon: autoDraw = True
204.5086 	EXP 	polygon: autoDraw = False
204.5086 	EXP 	text_2: autoDraw = True
204.9776 	DATA 	Keypress: 1
204.9818 	EXP 	New trial (rep=33, index=0): None
204.9924 	EXP 	text_2: autoDraw = False
204.9924 	EXP 	polygon: autoDraw = True
205.9929 	EXP 	polygon: autoDraw = False
205.9929 	EXP 	polygon: autoDraw = False
205.9929 	EXP 	image: image = './stims/outputs/stim_1_79.png'
205.9929 	EXP 	image: autoDraw = True
206.0259 	EXP 	image: autoDraw = False
206.0259 	EXP 	polygon: autoDraw = True
207.0257 	EXP 	polygon: autoDraw = False
207.0257 	EXP 	text_2: autoDraw = True
209.0619 	DATA 	Keypress: 2
209.0662 	EXP 	New trial (rep=34, index=0): None
209.0756 	EXP 	text_2: autoDraw = False
209.0756 	EXP 	polygon: autoDraw = True
210.0765 	EXP 	polygon: autoDraw = False
210.0765 	EXP 	polygon: autoDraw = False
210.0765 	EXP 	image: image = './stims/outputs/stim_1_42.png'
210.0765 	EXP 	image: autoDraw = True
210.5760 	EXP 	image: autoDraw = False
210.5760 	EXP 	image: autoDraw = False
210.5760 	EXP 	polygon: autoDraw = True
211.5759 	EXP 	polygon: autoDraw = False
211.5759 	EXP 	polygon: autoDraw = False
211.5759 	EXP 	text_2: autoDraw = True
211.8616 	DATA 	Keypress: 1
211.8658 	EXP 	New trial (rep=35, index=0): None
211.8766 	EXP 	text_2: autoDraw = False
211.8766 	EXP 	polygon: autoDraw = True
212.8757 	EXP 	polygon: autoDraw = False
212.8757 	EXP 	polygon: autoDraw = False
212.8757 	EXP 	image: image = './stims/outputs/stim_1_80.png'
212.8757 	EXP 	image: autoDraw = True
213.2263 	EXP 	image: autoDraw = False
213.2263 	EXP 	image: autoDraw = False
213.2263 	EXP 	polygon: autoDraw = True
214.2260 	EXP 	polygon: autoDraw = False
214.2260 	EXP 	polygon: autoDraw = False
214.2260 	EXP 	text_2: autoDraw = True
214.5115 	DATA 	Keypress: 2
214.5156 	EXP 	New trial (rep=36, index=0): None
214.5259 	EXP 	text_2: autoDraw = False
214.5259 	EXP 	polygon: autoDraw = True
215.5256 	EXP 	polygon: autoDraw = False
215.5256 	EXP 	polygon: autoDraw = False
215.5256 	EXP 	image: image = './stims/outputs/stim_1_26.png'
215.5256 	EXP 	image: autoDraw = True
215.9095 	EXP 	image: autoDraw = False
215.9095 	EXP 	polygon: autoDraw = True
216.9098 	EXP 	polygon: autoDraw = False
216.9098 	EXP 	text_2: autoDraw = True
217.1618 	DATA 	Keypress: 1
217.1659 	EXP 	New trial (rep=37, index=0): None
217.1759 	EXP 	text_2: autoDraw = False
217.1759 	EXP 	polygon: autoDraw = True
218.1758 	EXP 	polygon: autoDraw = False
218.1758 	EXP 	polygon: autoDraw = False
218.1758 	EXP 	image: image = './stims/outputs/stim_0_39.png'
218.1758 	EXP 	image: autoDraw = True
218.4765 	EXP 	image: autoDraw = False
218.4765 	EXP 	image: autoDraw = False
218.4765 	EXP 	polygon: autoDraw = True
219.4763 	EXP 	polygon: autoDraw = False
219.4763 	EXP 	polygon: autoDraw = False
219.4763 	EXP 	text_2: autoDraw = True
219.9627 	EXP 	New trial (rep=38, index=0): None
219.9667 	DATA 	Keypress: 1
219.9762 	EXP 	text_2: autoDraw = False
219.9762 	EXP 	polygon: autoDraw = True
220.9758 	EXP 	polygon: autoDraw = False
220.9758 	EXP 	polygon: autoDraw = False
220.9758 	EXP 	image: image = './stims/outputs/stim_1_32.png'
220.9758 	EXP 	image: autoDraw = True
221.1267 	EXP 	image: autoDraw = False
221.1267 	EXP 	image: autoDraw = False
221.1267 	EXP 	polygon: autoDraw = True
222.1267 	EXP 	polygon: autoDraw = False
222.1267 	EXP 	polygon: autoDraw = False
222.1267 	EXP 	text_2: autoDraw = True
222.5621 	DATA 	Keypress: 2
222.5661 	EXP 	New trial (rep=39, index=0): None
222.5761 	EXP 	text_2: autoDraw = False
222.5761 	EXP 	polygon: autoDraw = True
223.5759 	EXP 	polygon: autoDraw = False
223.5759 	EXP 	polygon: autoDraw = False
223.5759 	EXP 	image: image = './stims/outputs/stim_0_92.png'
223.5759 	EXP 	image: autoDraw = True
224.0099 	EXP 	image: autoDraw = False
224.0099 	EXP 	polygon: autoDraw = True
225.0097 	EXP 	polygon: autoDraw = False
225.0097 	EXP 	text_2: autoDraw = True
226.6968 	EXP 	New trial (rep=40, index=0): None
226.7010 	DATA 	Keypress: 2
226.7098 	EXP 	text_2: autoDraw = False
226.7098 	EXP 	polygon: autoDraw = True
227.7119 	EXP 	polygon: autoDraw = False
227.7119 	EXP 	polygon: autoDraw = False
227.7119 	EXP 	image: image = './stims/outputs/stim_0_18.png'
227.7119 	EXP 	image: autoDraw = True
227.9935 	EXP 	image: autoDraw = False
227.9935 	EXP 	polygon: autoDraw = True
228.9931 	EXP 	polygon: autoDraw = False
228.9931 	EXP 	text_2: autoDraw = True
254.5459 	DATA 	Keypress: 1
254.5494 	EXP 	New trial (rep=41, index=0): None
254.5610 	EXP 	text_2: autoDraw = False
254.5610 	EXP 	text_2: autoDraw = False
254.5610 	EXP 	polygon: autoDraw = True
255.5606 	EXP 	polygon: autoDraw = False
255.5606 	EXP 	polygon: autoDraw = False
255.5606 	EXP 	image: image = './stims/outputs/stim_0_90.png'
255.5606 	EXP 	image: autoDraw = True
256.0443 	EXP 	image: autoDraw = False
256.0443 	EXP 	polygon: autoDraw = True
257.0448 	EXP 	polygon: autoDraw = False
257.0448 	EXP 	text_2: autoDraw = True
257.4964 	DATA 	Keypress: 1
257.5007 	EXP 	New trial (rep=42, index=0): None
257.5107 	EXP 	text_2: autoDraw = False
257.5107 	EXP 	polygon: autoDraw = True
258.5113 	EXP 	polygon: autoDraw = False
258.5113 	EXP 	polygon: autoDraw = False
258.5113 	EXP 	image: image = './stims/outputs/stim_1_19.png'
258.5113 	EXP 	image: autoDraw = True
258.9109 	EXP 	image: autoDraw = False
258.9109 	EXP 	image: autoDraw = False
258.9109 	EXP 	polygon: autoDraw = True
259.9109 	EXP 	polygon: autoDraw = False
259.9109 	EXP 	polygon: autoDraw = False
259.9109 	EXP 	text_2: autoDraw = True
260.3130 	DATA 	Keypress: 2
260.3171 	EXP 	New trial (rep=43, index=0): None
260.3273 	EXP 	text_2: autoDraw = False
260.3273 	EXP 	polygon: autoDraw = True
261.3276 	EXP 	polygon: autoDraw = False
261.3276 	EXP 	polygon: autoDraw = False
261.3276 	EXP 	image: image = './stims/outputs/stim_0_7.png'
261.3276 	EXP 	image: autoDraw = True
261.5778 	EXP 	image: autoDraw = False
261.5778 	EXP 	image: autoDraw = False
261.5778 	EXP 	polygon: autoDraw = True
262.5779 	EXP 	polygon: autoDraw = False
262.5779 	EXP 	polygon: autoDraw = False
262.5779 	EXP 	text_2: autoDraw = True
263.1300 	DATA 	Keypress: 2
263.1341 	EXP 	New trial (rep=44, index=0): None
263.1440 	EXP 	text_2: autoDraw = False
263.1440 	EXP 	polygon: autoDraw = True
264.1440 	EXP 	polygon: autoDraw = False
264.1440 	EXP 	polygon: autoDraw = False
264.1440 	EXP 	image: image = './stims/outputs/stim_1_3.png'
264.1440 	EXP 	image: autoDraw = True
264.1775 	EXP 	image: autoDraw = False
264.1775 	EXP 	polygon: autoDraw = True
265.1778 	EXP 	polygon: autoDraw = False
265.1778 	EXP 	text_2: autoDraw = True
265.3967 	DATA 	Keypress: 2
265.4007 	EXP 	New trial (rep=45, index=0): None
265.4107 	EXP 	text_2: autoDraw = False
265.4107 	EXP 	polygon: autoDraw = True
266.4263 	EXP 	polygon: autoDraw = False
266.4263 	EXP 	polygon: autoDraw = False
266.4263 	EXP 	image: image = './stims/outputs/stim_0_52.png'
266.4263 	EXP 	image: autoDraw = True
266.8779 	EXP 	image: autoDraw = False
266.8779 	EXP 	polygon: autoDraw = True
267.5319 	DATA 	Keypress: 1
267.8783 	EXP 	polygon: autoDraw = False
267.8783 	EXP 	text_2: autoDraw = True
268.5971 	DATA 	Keypress: 1
268.6012 	EXP 	New trial (rep=46, index=0): None
268.6107 	EXP 	text_2: autoDraw = False
268.6107 	EXP 	polygon: autoDraw = True
269.6110 	EXP 	polygon: autoDraw = False
269.6110 	EXP 	polygon: autoDraw = False
269.6110 	EXP 	image: image = './stims/outputs/stim_1_69.png'
269.6110 	EXP 	image: autoDraw = True
269.9948 	EXP 	image: autoDraw = False
269.9948 	EXP 	polygon: autoDraw = True
270.9947 	EXP 	polygon: autoDraw = False
270.9947 	EXP 	text_2: autoDraw = True
271.6632 	DATA 	Keypress: 1
271.6674 	EXP 	New trial (rep=47, index=0): None
271.6781 	EXP 	text_2: autoDraw = False
271.6781 	EXP 	polygon: autoDraw = True
272.6776 	EXP 	polygon: autoDraw = False
272.6776 	EXP 	polygon: autoDraw = False
272.6776 	EXP 	image: image = './stims/outputs/stim_0_60.png'
272.6776 	EXP 	image: autoDraw = True
272.8783 	EXP 	image: autoDraw = False
272.8783 	EXP 	image: autoDraw = False
272.8783 	EXP 	polygon: autoDraw = True
273.8782 	EXP 	polygon: autoDraw = False
273.8782 	EXP 	polygon: autoDraw = False
273.8782 	EXP 	text_2: autoDraw = True
274.4299 	DATA 	Keypress: 1
274.4340 	EXP 	New trial (rep=48, index=0): None
274.4444 	EXP 	text_2: autoDraw = False
274.4444 	EXP 	polygon: autoDraw = True
275.4445 	EXP 	polygon: autoDraw = False
275.4445 	EXP 	polygon: autoDraw = False
275.4445 	EXP 	image: image = './stims/outputs/stim_1_26.png'
275.4445 	EXP 	image: autoDraw = True
275.8782 	EXP 	image: autoDraw = False
275.8782 	EXP 	polygon: autoDraw = True
276.8777 	EXP 	polygon: autoDraw = False
276.8777 	EXP 	text_2: autoDraw = True
277.3651 	EXP 	New trial (rep=49, index=0): None
277.3692 	DATA 	Keypress: 2
277.3780 	EXP 	text_2: autoDraw = False
277.3780 	EXP 	polygon: autoDraw = True
278.3775 	EXP 	polygon: autoDraw = False
278.3775 	EXP 	polygon: autoDraw = False
278.3775 	EXP 	image: image = './stims/outputs/stim_0_44.png'
278.3775 	EXP 	image: autoDraw = True
278.8784 	EXP 	image: autoDraw = False
278.8784 	EXP 	image: autoDraw = False
278.8784 	EXP 	polygon: autoDraw = True
279.8781 	EXP 	polygon: autoDraw = False
279.8781 	EXP 	polygon: autoDraw = False
279.8781 	EXP 	text_2: autoDraw = True
281.0803 	DATA 	Keypress: 2
281.0947 	EXP 	text_2: autoDraw = False
281.0947 	EXP 	text_3: autoDraw = True
283.1990 	DATA 	Keypress: space
283.2286 	EXP 	text_3: autoDraw = False
283.2286 	EXP 	text_3: autoDraw = False
283.2837 	EXP 	window1: mouseVisible = True
